nohup: ignoring input
Loading checkpoint shards:   0%|          | 0/2 [00:00<?, ?it/s]Loading checkpoint shards:  50%|█████     | 1/2 [00:20<00:20, 20.22s/it]Loading checkpoint shards: 100%|██████████| 2/2 [00:27<00:00, 12.48s/it]Loading checkpoint shards: 100%|██████████| 2/2 [00:27<00:00, 13.64s/it]
WARNING:root:Some parameters are on the meta device device because they were offloaded to the cpu.
--layer--
6
--sample-num--
0
all-proba
[0.01033244 0.98966756]
y_proba_mail
0.010332438763590992
0
0.010332438763590992
--sample-num--
1
all-proba
[0.60948417 0.39051583]
y_proba_mail
0.6094841683337378
0
0.6094841683337378
--sample-num--
2
all-proba
[0.00899596 0.99100404]
y_proba_mail
0.008995964823532729
0
0.008995964823532729
--sample-num--
3
all-proba
[0.03003834 0.96996166]
y_proba_mail
0.030038341228069025
0
0.030038341228069025
--sample-num--
4
all-proba
[0.85022156 0.14977844]
y_proba_mail
0.8502215577392713
0
0.8502215577392713
--sample-num--
5
all-proba
[0.00559454 0.99440546]
y_proba_mail
0.005594539521963104
0
0.005594539521963104
--sample-num--
6
all-proba
[0.90291381 0.09708619]
y_proba_mail
0.9029138108837235
0
0.9029138108837235
--layer--
7
--sample-num--
0
all-proba
[0.02649641 0.97350359]
y_proba_mail
0.026496407247789486
0
0.026496407247789486
--sample-num--
1
all-proba
[0.62573374 0.37426626]
y_proba_mail
0.6257337358796539
0
0.6257337358796539
--sample-num--
2
all-proba
[0.01261384 0.98738616]
y_proba_mail
0.012613842395807944
0
0.012613842395807944
--sample-num--
3
all-proba
[0.03212502 0.96787498]
y_proba_mail
0.032125022908582275
0
0.032125022908582275
--sample-num--
4
all-proba
[0.85916733 0.14083267]
y_proba_mail
0.8591673301066619
0
0.8591673301066619
--sample-num--
5
all-proba
[0.00837211 0.99162789]
y_proba_mail
0.008372109114115088
0
0.008372109114115088
--sample-num--
6
all-proba
[0.85520969 0.14479031]
y_proba_mail
0.8552096856082968
0
0.8552096856082968
--layer--
8
--sample-num--
0
all-proba
[0.02793702 0.97206298]
y_proba_mail
0.027937023876556114
0
0.027937023876556114
--sample-num--
1
all-proba
[0.48269144 0.51730856]
y_proba_mail
0.48269143671170023
0
0.48269143671170023
--sample-num--
2
all-proba
[0.01191827 0.98808173]
y_proba_mail
0.011918274928741696
0
0.011918274928741696
--sample-num--
3
all-proba
[0.04575096 0.95424904]
y_proba_mail
0.04575095835056167
0
0.04575095835056167
--sample-num--
4
all-proba
[0.93969296 0.06030704]
y_proba_mail
0.9396929568615288
0
0.9396929568615288
--sample-num--
5
all-proba
[0.01382799 0.98617201]
y_proba_mail
0.013827986143396717
0
0.013827986143396717
--sample-num--
6
all-proba
[0.83782777 0.16217223]
y_proba_mail
0.8378277668913622
0
0.8378277668913622
--layer--
9
--sample-num--
0
all-proba
[0.04922967 0.95077033]
y_proba_mail
0.04922967098861421
0
0.04922967098861421
--sample-num--
1
all-proba
[0.74434205 0.25565795]
y_proba_mail
0.7443420505521597
0
0.7443420505521597
--sample-num--
2
all-proba
[0.02385883 0.97614117]
y_proba_mail
0.023858829546000868
0
0.023858829546000868
--sample-num--
3
all-proba
[0.06998227 0.93001773]
y_proba_mail
0.06998226738014629
0
0.06998226738014629
--sample-num--
4
all-proba
[0.9715091 0.0284909]
y_proba_mail
0.9715091027972182
0
0.9715091027972182
--sample-num--
5
all-proba
[0.02753702 0.97246298]
y_proba_mail
0.027537017062413318
0
0.027537017062413318
--sample-num--
6
all-proba
[0.93521743 0.06478257]
y_proba_mail
0.9352174303192456
0
0.9352174303192456
--layer--
10
--sample-num--
0
all-proba
[0.01740286 0.98259714]
y_proba_mail
0.0174028642576543
0
0.0174028642576543
--sample-num--
1
all-proba
[0.45873297 0.54126703]
y_proba_mail
0.4587329721942177
0
0.4587329721942177
--sample-num--
2
all-proba
[0.00668139 0.99331861]
y_proba_mail
0.006681392699886809
0
0.006681392699886809
--sample-num--
3
all-proba
[0.0294137 0.9705863]
y_proba_mail
0.029413699082626674
0
0.029413699082626674
--sample-num--
4
all-proba
[0.9683063 0.0316937]
y_proba_mail
0.9683063015074715
0
0.9683063015074715
--sample-num--
5
all-proba
[0.01139421 0.98860579]
y_proba_mail
0.011394210933962614
0
0.011394210933962614
--sample-num--
6
all-proba
[0.91828972 0.08171028]
y_proba_mail
0.9182897183472831
0
0.9182897183472831
--layer--
11
--sample-num--
0
all-proba
[0.04580333 0.95419667]
y_proba_mail
0.045803327857327034
0
0.045803327857327034
--sample-num--
1
all-proba
[0.58411299 0.41588701]
y_proba_mail
0.5841129920090645
0
0.5841129920090645
--sample-num--
2
all-proba
[0.01808137 0.98191863]
y_proba_mail
0.01808137381383642
0
0.01808137381383642
--sample-num--
3
all-proba
[0.09758937 0.90241063]
y_proba_mail
0.09758936822867816
0
0.09758936822867816
--sample-num--
4
all-proba
[0.95755769 0.04244231]
y_proba_mail
0.9575576867453057
0
0.9575576867453057
--sample-num--
5
all-proba
[0.02369062 0.97630938]
y_proba_mail
0.023690618769984035
0
0.023690618769984035
--sample-num--
6
all-proba
[0.95255563 0.04744437]
y_proba_mail
0.9525556317239934
0
0.9525556317239934
--layer--
12
--sample-num--
0
all-proba
[0.06899942 0.93100058]
y_proba_mail
0.0689994210003013
0
0.0689994210003013
--sample-num--
1
all-proba
[0.58387711 0.41612289]
y_proba_mail
0.58387711078717
0
0.58387711078717
--sample-num--
2
all-proba
[0.02798471 0.97201529]
y_proba_mail
0.027984707539576964
0
0.027984707539576964
--sample-num--
3
all-proba
[0.13699959 0.86300041]
y_proba_mail
0.13699959073730247
0
0.13699959073730247
--sample-num--
4
all-proba
[0.94103 0.05897]
y_proba_mail
0.9410299984850353
0
0.9410299984850353
--sample-num--
5
all-proba
[0.03896535 0.96103465]
y_proba_mail
0.03896534790999328
0
0.03896534790999328
--sample-num--
6
all-proba
[0.95326254 0.04673746]
y_proba_mail
0.953262543982087
0
0.953262543982087
--layer--
13
--sample-num--
0
all-proba
[0.07364928 0.92635072]
y_proba_mail
0.0736492831981355
0
0.0736492831981355
--sample-num--
1
all-proba
[0.60464746 0.39535254]
y_proba_mail
0.6046474578506983
0
0.6046474578506983
--sample-num--
2
all-proba
[0.02945451 0.97054549]
y_proba_mail
0.029454514669455513
0
0.029454514669455513
--sample-num--
3
all-proba
[0.10686973 0.89313027]
y_proba_mail
0.10686973121765488
0
0.10686973121765488
--sample-num--
4
all-proba
[0.94880951 0.05119049]
y_proba_mail
0.9488095092761898
0
0.9488095092761898
--sample-num--
5
all-proba
[0.03617825 0.96382175]
y_proba_mail
0.03617825170455939
0
0.03617825170455939
--sample-num--
6
all-proba
[0.95457429 0.04542571]
y_proba_mail
0.9545742916061416
0
0.9545742916061416
--layer--
14
--sample-num--
0
all-proba
[0.07782203 0.92217797]
y_proba_mail
0.07782202632591402
0
0.07782202632591402
--sample-num--
1
all-proba
[0.7126887 0.2873113]
y_proba_mail
0.7126886979062079
0
0.7126886979062079
--sample-num--
2
all-proba
[0.02592229 0.97407771]
y_proba_mail
0.02592228891477618
0
0.02592228891477618
--sample-num--
3
all-proba
[0.08897398 0.91102602]
y_proba_mail
0.08897398141317031
0
0.08897398141317031
--sample-num--
4
all-proba
[0.96281023 0.03718977]
y_proba_mail
0.9628102337954104
0
0.9628102337954104
--sample-num--
5
all-proba
[0.02748456 0.97251544]
y_proba_mail
0.027484562646752975
0
0.027484562646752975
--sample-num--
6
all-proba
[0.95925193 0.04074807]
y_proba_mail
0.9592519298289036
0
0.9592519298289036
