nohup: ignoring input
Loading checkpoint shards:   0%|          | 0/2 [00:00<?, ?it/s]Loading checkpoint shards:  50%|█████     | 1/2 [00:22<00:22, 22.49s/it]Loading checkpoint shards: 100%|██████████| 2/2 [00:29<00:00, 13.27s/it]Loading checkpoint shards: 100%|██████████| 2/2 [00:29<00:00, 14.65s/it]
WARNING:root:Some parameters are on the meta device device because they were offloaded to the cpu.
--class_label--
norm
--class_label--
norm
--class_label--
norm
--class_label--
norm
--class_label--
norm
--class_label--
norm
--class_label--
norm
--class_label--
norm
--class_label--
norm
--class_label--
norm
--class_label--
mali
--class_label--
mali
--class_label--
mali
--class_label--
mali
--class_label--
mali
--class_label--
mali
--class_label--
mali
--class_label--
mali
--class_label--
mali
--class_label--
mali
--X_train--
[[-1.2664795e-03  1.3446808e-04 -2.7084351e-04 ...  1.0070801e-03
  -2.0980835e-04 -4.3392181e-05]
 [-1.2664795e-03  1.3446808e-04 -2.7084351e-04 ...  1.0070801e-03
  -2.0980835e-04 -4.3392181e-05]
 [-1.2664795e-03  1.3446808e-04 -2.7084351e-04 ...  1.0070801e-03
  -2.0980835e-04 -4.3392181e-05]
 ...
 [-1.2664795e-03  1.3446808e-04 -2.7084351e-04 ...  1.0070801e-03
  -2.0980835e-04 -4.3392181e-05]
 [-1.2664795e-03  1.3446808e-04 -2.7084351e-04 ...  1.0070801e-03
  -2.0980835e-04 -4.3392181e-05]
 [-1.2664795e-03  1.3446808e-04 -2.7084351e-04 ...  1.0070801e-03
  -2.0980835e-04 -4.3392181e-05]]
--y_train--
['mali' 'norm' 'mali' 'mali' 'mali' 'norm' 'norm' 'mali' 'norm' 'mali'
 'norm' 'mali' 'mali' 'norm']
--X_test--
[[-1.2664795e-03  1.3446808e-04 -2.7084351e-04 ...  1.0070801e-03
  -2.0980835e-04 -4.3392181e-05]
 [-1.2664795e-03  1.3446808e-04 -2.7084351e-04 ...  1.0070801e-03
  -2.0980835e-04 -4.3392181e-05]
 [-1.2664795e-03  1.3446808e-04 -2.7084351e-04 ...  1.0070801e-03
  -2.0980835e-04 -4.3392181e-05]
 [-1.2664795e-03  1.3446808e-04 -2.7084351e-04 ...  1.0070801e-03
  -2.0980835e-04 -4.3392181e-05]
 [-1.2664795e-03  1.3446808e-04 -2.7084351e-04 ...  1.0070801e-03
  -2.0980835e-04 -4.3392181e-05]
 [-1.2664795e-03  1.3446808e-04 -2.7084351e-04 ...  1.0070801e-03
  -2.0980835e-04 -4.3392181e-05]]
--y_test--
['norm' 'mali' 'mali' 'norm' 'norm' 'norm']
--X_train--
[[-1.2664795e-03  1.3446808e-04 -2.7084351e-04 ...  1.0070801e-03
  -2.0980835e-04 -4.3392181e-05]
 [-1.2664795e-03  1.3446808e-04 -2.7084351e-04 ...  1.0070801e-03
  -2.0980835e-04 -4.3392181e-05]
 [-1.2664795e-03  1.3446808e-04 -2.7084351e-04 ...  1.0070801e-03
  -2.0980835e-04 -4.3392181e-05]
 ...
 [-1.2664795e-03  1.3446808e-04 -2.7084351e-04 ...  1.0070801e-03
  -2.0980835e-04 -4.3392181e-05]
 [-1.2664795e-03  1.3446808e-04 -2.7084351e-04 ...  1.0070801e-03
  -2.0980835e-04 -4.3392181e-05]
 [-1.2664795e-03  1.3446808e-04 -2.7084351e-04 ...  1.0070801e-03
  -2.0980835e-04 -4.3392181e-05]]
--y_train--
['mali' 'norm' 'mali' 'mali' 'mali' 'norm' 'norm' 'mali' 'norm' 'mali'
 'norm' 'mali' 'mali' 'norm']
--X_test--
[[-1.2664795e-03  1.3446808e-04 -2.7084351e-04 ...  1.0070801e-03
  -2.0980835e-04 -4.3392181e-05]
 [-1.2664795e-03  1.3446808e-04 -2.7084351e-04 ...  1.0070801e-03
  -2.0980835e-04 -4.3392181e-05]
 [-1.2664795e-03  1.3446808e-04 -2.7084351e-04 ...  1.0070801e-03
  -2.0980835e-04 -4.3392181e-05]
 [-1.2664795e-03  1.3446808e-04 -2.7084351e-04 ...  1.0070801e-03
  -2.0980835e-04 -4.3392181e-05]
 [-1.2664795e-03  1.3446808e-04 -2.7084351e-04 ...  1.0070801e-03
  -2.0980835e-04 -4.3392181e-05]
 [-1.2664795e-03  1.3446808e-04 -2.7084351e-04 ...  1.0070801e-03
  -2.0980835e-04 -4.3392181e-05]]
--y_test--
['norm' 'mali' 'mali' 'norm' 'norm' 'norm']
--X_train--
[[ 5.2269548e-05  7.9517061e-04 -1.8555019e-03 ... -1.3865125e-03
   9.5192454e-04  5.5528595e-05]
 [ 9.4506436e-04  1.2161882e-03 -1.6106172e-03 ...  1.8333219e-04
   6.3793577e-04 -1.3553025e-03]
 [ 2.7119290e-04  1.8108977e-04 -4.8088803e-04 ... -6.7235820e-04
   7.0198189e-04 -4.9472187e-04]
 ...
 [ 7.8228454e-04  1.1341796e-03 -1.1317033e-03 ... -7.8071706e-04
   1.7789239e-03  7.0524693e-04]
 [ 8.5893221e-04  9.6642785e-04 -1.5398089e-03 ... -2.6550799e-04
   8.1922370e-04 -1.1779749e-03]
 [ 5.8330770e-05  1.0542605e-03 -1.0898579e-03 ... -2.1683017e-04
   1.4698039e-03 -8.4119168e-04]]
--y_train--
['mali' 'norm' 'mali' 'mali' 'mali' 'norm' 'norm' 'mali' 'norm' 'mali'
 'norm' 'mali' 'mali' 'norm']
--X_test--
[[ 1.08725822e-03  1.17703434e-03 -1.07356638e-03 ... -6.90884364e-04
   1.44260633e-03 -3.86820175e-04]
 [ 1.08008925e-03  1.11821969e-03 -1.35749648e-03 ... -1.70562940e-04
  -7.52745895e-04 -8.90185329e-05]
 [ 2.04752851e-03  2.95904046e-03 -5.87916817e-04 ...  1.29412103e-03
  -8.18591041e-04 -1.43483141e-03]
 [-6.89447159e-04  1.98042276e-03 -5.84390014e-04 ... -7.42005650e-04
   1.16245414e-04 -6.01289270e-04]
 [ 6.78839220e-04  7.98925117e-04 -1.46629929e-03 ...  1.93026033e-04
   8.47616117e-04 -6.30717259e-04]
 [ 3.47743568e-04  1.51935825e-03 -1.44861185e-03 ... -9.74396185e-04
   1.23789592e-03 -1.01596816e-03]]
--y_test--
['norm' 'mali' 'mali' 'norm' 'norm' 'norm']
--X_train--
[[ 0.00394792 -0.00116688 -0.00159843 ... -0.00351085  0.00402406
   0.00035029]
 [ 0.00516334  0.00107264 -0.00133181 ...  0.00048375  0.00110776
   0.00124211]
 [ 0.00334573 -0.00129028 -0.00026218 ... -0.00072401  0.00086969
   0.00022741]
 ...
 [ 0.00376773  0.00069232 -0.00123169 ...  0.00275544  0.00519518
   0.00527755]
 [ 0.00743762  0.00174508  0.00094541 ... -0.00263884  0.00398792
   0.00062975]
 [ 0.00435772  0.00349416  0.00036663 ...  0.00052552 -0.00074663
  -0.00192314]]
--y_train--
['mali' 'norm' 'mali' 'mali' 'mali' 'norm' 'norm' 'mali' 'norm' 'mali'
 'norm' 'mali' 'mali' 'norm']
--X_test--
[[ 6.3164593e-03  1.4274509e-03 -1.9679023e-03 ... -2.1912518e-04
   1.9625335e-03 -1.1653103e-03]
 [ 4.5459257e-03  3.5044164e-03 -1.5467962e-03 ... -8.4234099e-04
   2.0746056e-03  1.1081201e-03]
 [ 5.1889946e-03  1.2233651e-03 -2.5802134e-03 ... -1.2578050e-03
   1.4676680e-03  5.3414586e-04]
 [ 2.6206430e-03 -7.9813611e-04  1.0410987e-03 ... -1.7389364e-05
  -1.5463962e-03  2.1253615e-03]
 [ 5.4960037e-03  5.4908730e-04  1.1922745e-03 ... -1.1802060e-03
  -1.6028828e-03  6.4457883e-04]
 [ 4.9553243e-03 -6.4060581e-04 -2.1877035e-04 ...  3.7858309e-04
   6.6403544e-04  1.7846436e-03]]
--y_test--
['norm' 'mali' 'mali' 'norm' 'norm' 'norm']
--X_train--
[[ 0.00554858 -0.00299919  0.00085869 ... -0.00633415  0.00101295
   0.00435006]
 [ 0.01218916  0.00015565 -0.00179906 ...  0.00333701 -0.00147564
   0.00277517]
 [ 0.00493169 -0.00183412  0.00280332 ... -0.00297494  0.0014375
   0.00392178]
 ...
 [ 0.00776872 -0.00112655  0.00050344 ...  0.00051099  0.00112567
   0.00229483]
 [ 0.00682896  0.00555886  0.0027494  ... -0.00572384 -0.0008862
   0.00398724]
 [ 0.00644585  0.0019051  -0.00025604 ...  0.00122495 -0.00758789
   0.00049286]]
--y_train--
['mali' 'norm' 'mali' 'mali' 'mali' 'norm' 'norm' 'mali' 'norm' 'mali'
 'norm' 'mali' 'mali' 'norm']
--X_test--
[[ 1.1493599e-02 -1.2851561e-03 -3.7901718e-03 ... -8.2638441e-04
  -3.3421996e-03  2.3968355e-03]
 [ 8.0720866e-03  8.6119585e-03 -1.6867982e-03 ... -6.7099725e-04
  -5.3376816e-03  4.1265734e-03]
 [ 6.4236536e-03  1.7360026e-03 -1.3839323e-03 ... -3.8671389e-03
  -4.4685542e-03  1.0428671e-04]
 [ 4.5888443e-03  1.7212812e-03  1.1933385e-05 ... -8.8523678e-04
  -4.2651882e-03  4.0552905e-04]
 [ 6.8544233e-03 -2.3997247e-03  1.4988293e-03 ... -8.7694515e-04
  -4.6464382e-03 -4.0880898e-03]
 [ 6.1033126e-03  2.4229544e-03  7.3758652e-04 ...  7.5511343e-04
  -4.3809381e-03  5.4167402e-03]]
--y_test--
['norm' 'mali' 'mali' 'norm' 'norm' 'norm']
--X_train--
[[ 0.00225897 -0.00515889 -0.00518452 ... -0.00824882  0.00046928
   0.00240094]
 [ 0.00749407 -0.00217033 -0.00356587 ...  0.00500932 -0.00333185
   0.00506484]
 [ 0.00421168 -0.00123277 -0.00021376 ... -0.0042354   0.00387161
   0.00010979]
 ...
 [ 0.00118514  0.0062051  -0.00074501 ... -0.00356782 -0.00097804
   0.00264038]
 [ 0.00269883 -0.00357508  0.00030405 ... -0.01551506 -0.00029515
   0.0005395 ]
 [ 0.00166062 -0.0005096  -0.00328742 ...  0.00246541 -0.00364678
   0.00548729]]
--y_train--
['mali' 'norm' 'mali' 'mali' 'mali' 'norm' 'norm' 'mali' 'norm' 'mali'
 'norm' 'mali' 'mali' 'norm']
--X_test--
[[ 9.2546633e-03  2.6739165e-03 -7.9090381e-03 ... -5.5341413e-03
  -2.3739014e-03 -2.3502135e-04]
 [ 7.7597722e-03  6.6789882e-03  6.1704079e-05 ... -4.4245538e-04
  -4.4645597e-03  9.9234991e-03]
 [ 1.6857963e-03  1.1658657e-03 -1.1304354e-03 ... -6.7614261e-03
  -3.5678588e-03 -6.8155853e-03]
 [ 3.5655936e-03  6.7269159e-03 -2.9635800e-03 ...  6.3640573e-03
   3.8985917e-03 -1.1045558e-03]
 [ 5.8238748e-03 -5.8492054e-03 -3.1220536e-03 ...  1.1098068e-03
   1.4516059e-05 -8.0719683e-03]
 [ 4.9995231e-03 -4.1878978e-03  1.4589299e-03 ...  2.6871683e-03
  -6.7356741e-03  7.8707216e-03]]
--y_test--
['norm' 'mali' 'mali' 'norm' 'norm' 'norm']
--X_train--
[[-0.00230794 -0.01544825 -0.00484218 ...  0.00304983  0.01289083
   0.00697011]
 [ 0.00356469 -0.00850028  0.00461443 ...  0.02627612  0.00469643
   0.00894124]
 [-0.00366138  0.00248075  0.00036478 ...  0.00434999  0.02143301
   0.00896253]
 ...
 [-0.0167896   0.00222864 -0.00288365 ...  0.01278684  0.0156562
   0.01033928]
 [-0.00513864 -0.00582213  0.01243107 ... -0.008434    0.00160079
   0.00993634]
 [-0.00193631 -0.00796185  0.01124137 ...  0.01847611  0.01472502
   0.00944101]]
--y_train--
['mali' 'norm' 'mali' 'mali' 'mali' 'norm' 'norm' 'mali' 'norm' 'mali'
 'norm' 'mali' 'mali' 'norm']
--X_test--
[[ 9.72316228e-03 -1.56521983e-03 -2.96799466e-04 ...  2.46076565e-03
   5.88043407e-03  6.28104107e-03]
 [-3.96036729e-03 -5.29072015e-03  1.02990307e-02 ...  9.61433165e-03
   3.35118361e-03  1.35862753e-02]
 [-7.43339863e-03 -2.64959806e-03  9.11740586e-03 ...  6.50275871e-03
   6.94954582e-03 -1.38366595e-05]
 [ 1.12724975e-02  1.15517676e-02  4.67863400e-03 ...  1.10592768e-02
   6.68871449e-04 -2.57339864e-03]
 [ 1.12849083e-02 -7.26069324e-03  6.72866125e-03 ...  1.06952144e-02
   1.46242492e-02  1.36349658e-02]
 [-4.12097201e-03 -1.52718900e-02  7.92012271e-03 ...  1.64279733e-02
   2.03513890e-03  1.75319016e-02]]
--y_test--
['norm' 'mali' 'mali' 'norm' 'norm' 'norm']
--X_train--
[[-7.52604473e-03 -1.34026390e-02 -1.21802073e-02 ...  8.38369783e-03
  -7.57279713e-03  1.17082791e-02]
 [ 1.01141613e-02  9.50770918e-05  4.75775357e-03 ...  2.68245414e-02
  -1.26650278e-03  1.25071649e-02]
 [-6.77624717e-03  1.71359710e-03  3.72111239e-03 ...  1.31889693e-02
   1.68080516e-02  3.21643054e-03]
 ...
 [-2.32361071e-02 -8.50330479e-03  1.31862320e-03 ...  1.97964422e-02
   5.72564639e-03  1.07006356e-03]
 [-2.05284934e-02 -2.15968713e-02  1.18903741e-02 ...  2.95741484e-04
  -7.06624705e-03 -1.16661005e-02]
 [-2.93735452e-02  1.40582090e-02  2.01466419e-02 ...  2.23425999e-02
   1.68460310e-02  8.78527667e-03]]
--y_train--
['mali' 'norm' 'mali' 'mali' 'mali' 'norm' 'norm' 'mali' 'norm' 'mali'
 'norm' 'mali' 'mali' 'norm']
--X_test--
[[-0.01092355  0.02686767  0.01036559 ...  0.00963797  0.00495254
   0.00037891]
 [ 0.0007685   0.01269681  0.01780614 ...  0.01950238 -0.00538904
  -0.000955  ]
 [-0.01535669 -0.00183042  0.0195649  ...  0.01141389 -0.00787231
  -0.01141838]
 [ 0.01718477  0.0196326   0.00547266 ...  0.01473983  0.0025686
   0.00014922]
 [ 0.00026317 -0.00446695  0.01801363 ...  0.01038246 -0.00863836
  -0.00202811]
 [ 0.01151045 -0.00694857  0.00610595 ...  0.03233041 -0.01866122
   0.00486616]]
--y_test--
['norm' 'mali' 'mali' 'norm' 'norm' 'norm']
--layer--
6
--X_train--
[[ 0.01416822 -0.0086325   0.00424563 ... -0.00505492  0.00070462
   0.00792366]
 [ 0.00167768 -0.02374197 -0.00129103 ...  0.00585315 -0.0046831
   0.02398913]
 [ 0.0022959   0.01221179  0.01560509 ...  0.00448792  0.00145878
  -0.01024698]
 ...
 [-0.03257588  0.00888844  0.01881975 ...  0.00262337 -0.00359472
  -0.02372143]
 [-0.03632466 -0.01159627  0.00710684 ... -0.02477472 -0.01158689
  -0.01637797]
 [-0.01870066  0.02554692  0.01805033 ...  0.01240074  0.02184221
   0.02562979]]
--y_train--
['mali' 'norm' 'mali' 'mali' 'mali' 'norm' 'norm' 'mali' 'norm' 'mali'
 'norm' 'mali' 'mali' 'norm']
--X_test--
[[-0.00944727  0.02378028  0.02202613 ... -0.00402319  0.01400011
  -0.00197393]
 [-0.00053186  0.02638904  0.016284   ...  0.00458291 -0.01466341
   0.00163114]
 [-0.04058455 -0.0106939   0.0257785  ... -0.01306722 -0.0210357
  -0.01083741]
 [ 0.00251665  0.02799334 -0.00668474 ... -0.00147225 -0.00876598
   0.00877802]
 [ 0.01983455  0.0114863   0.01887499 ...  0.01714531  0.01430546
  -0.00642179]
 [-0.00519072 -0.00251484  0.00604422 ...  0.00367076 -0.01258242
   0.02850989]]
--y_test--
['norm' 'mali' 'mali' 'norm' 'norm' 'norm']
--layer--
7
--X_train--
[[-0.00506702 -0.00980667  0.0120397  ...  0.01675078 -0.02566992
   0.00590123]
 [-0.0118446  -0.01649978  0.00479197 ...  0.00966885  0.01983963
   0.03293482]
 [-0.00480626 -0.00229498  0.01920791 ... -0.00475143 -0.0142492
   0.00377394]
 ...
 [-0.02999164 -0.00182285  0.0222926  ...  0.01168602 -0.02085762
  -0.00937966]
 [-0.04112934 -0.01665064  0.03158201 ... -0.01348978 -0.04548537
   0.02020125]
 [-0.01434387  0.03544421  0.01793647 ...  0.03276139  0.02122846
   0.02831684]]
--y_train--
['mali' 'norm' 'mali' 'mali' 'mali' 'norm' 'norm' 'mali' 'norm' 'mali'
 'norm' 'mali' 'mali' 'norm']
--X_test--
[[-0.04730434  0.02894453  0.03326788 ...  0.00152327 -0.01216013
   0.055032  ]
 [-0.01413019  0.03548977 -0.00689081 ...  0.00011611 -0.02081786
   0.01846362]
 [-0.0390908  -0.00603298  0.02268175 ... -0.00825236 -0.03856406
   0.02047171]
 [ 0.02587838  0.0158863  -0.01535839 ...  0.01423677 -0.01508828
   0.02453373]
 [-0.00471296  0.0122796   0.04661933 ...  0.00919857 -0.01369443
   0.00610704]
 [-0.02518772 -0.00767571  0.02519185 ... -0.00179312 -0.00722457
   0.05055589]]
--y_test--
['norm' 'mali' 'mali' 'norm' 'norm' 'norm']
--layer--
8
--X_train--
[[-0.0001747  -0.00906996  0.02632648 ...  0.01064204  0.01135404
   0.00288038]
 [ 0.0081276  -0.03157045  0.05613365 ...  0.01439343  0.0666914
   0.01350345]
 [ 0.0009775   0.01662252  0.00497979 ...  0.02699585  0.00628437
   0.01095927]
 ...
 [-0.03323949  0.01467507  0.03734431 ...  0.00172544  0.00094955
   0.0004461 ]
 [-0.02475436 -0.02057971  0.01331336 ... -0.02511774 -0.04919308
   0.05070961]
 [ 0.01107466  0.03233227  0.02644081 ...  0.02470458  0.03935655
   0.02344289]]
--y_train--
['mali' 'norm' 'mali' 'mali' 'mali' 'norm' 'norm' 'mali' 'norm' 'mali'
 'norm' 'mali' 'mali' 'norm']
--X_test--
[[-0.05076453  0.03171898  0.03379823 ... -0.01301129 -0.00281806
   0.03196633]
 [-0.02029898  0.03765804 -0.0224117  ...  0.00413058 -0.0192531
   0.03320614]
 [-0.03623431 -0.00209595  0.03867277 ... -0.01067033 -0.04372976
   0.01453413]
 [ 0.02962561 -0.00043773 -0.00980874 ...  0.01351429 -0.01652754
   0.02328708]
 [ 0.01456441  0.03021644  0.01018479 ... -0.01711604 -0.00992934
   0.044326  ]
 [-0.01025548 -0.02504432  0.03471451 ... -0.03158724  0.03664666
   0.04218484]]
--y_test--
['norm' 'mali' 'mali' 'norm' 'norm' 'norm']
--layer--
9
--X_train--
[[-0.03775907  0.02032372 -0.01229861 ...  0.01419542  0.00310553
  -0.00762769]
 [-0.00106235  0.01389522  0.03925217 ...  0.01098941  0.03695486
   0.03567277]
 [-0.01021117  0.02735392 -0.01681692 ...  0.03652943 -0.00737334
   0.02918925]
 ...
 [-0.04212776  0.02375872  0.01451289 ...  0.00702834 -0.00748092
  -0.00854949]
 [-0.01233842  0.0106778  -0.02221986 ... -0.0113235  -0.02283283
   0.03549895]
 [-0.01586307  0.04588597  0.00148351 ...  0.00456126  0.01698389
   0.03771906]]
--y_train--
['mali' 'norm' 'mali' 'mali' 'mali' 'norm' 'norm' 'mali' 'norm' 'mali'
 'norm' 'mali' 'mali' 'norm']
--X_test--
[[-0.06376377  0.042814    0.02509027 ...  0.00641201 -0.01129357
   0.06048244]
 [-0.04567981  0.04683647 -0.03159119 ... -0.00319875  0.00513682
   0.03040741]
 [-0.02312508  0.00653401  0.03378122 ... -0.00478865 -0.02854366
  -0.00987679]
 [ 0.01056747  0.0110256  -0.0058908  ...  0.01522889 -0.02935829
   0.00915507]
 [-0.02805252  0.0284876  -0.00427489 ... -0.03668541 -0.00406879
   0.05034927]
 [-0.02034486 -0.02092154  0.01620118 ... -0.03354371 -0.00588809
   0.06609491]]
--y_test--
['norm' 'mali' 'mali' 'norm' 'norm' 'norm']
--layer--
10
--X_train--
[[-0.0252696  -0.0056073  -0.02333985 ... -0.00436443 -0.01795755
   0.02082515]
 [-0.01967328  0.00468945  0.036942   ...  0.01833697 -0.01477817
  -0.00175034]
 [-0.01853892  0.02253553 -0.00217956 ...  0.03777286 -0.03100586
   0.02042691]
 ...
 [-0.0619651   0.03114996  0.00943061 ...  0.01375489 -0.02246075
  -0.02775913]
 [-0.00499337  0.0022689  -0.03220369 ...  0.00491415 -0.0407646
   0.02268935]
 [-0.02733707  0.02415961 -0.00922203 ...  0.00741079  0.02358845
   0.04841086]]
--y_train--
['mali' 'norm' 'mali' 'mali' 'mali' 'norm' 'norm' 'mali' 'norm' 'mali'
 'norm' 'mali' 'mali' 'norm']
--X_test--
[[-0.05745584  0.03555245  0.0510618  ... -0.02030501 -0.00650162
   0.04512124]
 [-0.06147889  0.02321576 -0.04657704 ... -0.01143054  0.01133098
   0.05031267]
 [-0.01485156  0.03219534  0.01840504 ... -0.0112178  -0.0335878
   0.00379422]
 [ 0.01120358  0.00967029 -0.00521316 ...  0.01882833 -0.01612377
  -0.02759081]
 [-0.02884512  0.04919471  0.02387344 ... -0.02209248 -0.00294317
   0.03896927]
 [-0.01707528 -0.00868479  0.02164798 ... -0.00537807 -0.01188747
   0.07217968]]
--y_test--
['norm' 'mali' 'mali' 'norm' 'norm' 'norm']
--layer--
11
--X_train--
[[-0.02544008 -0.00500536 -0.00911095 ... -0.02482176 -0.02233106
  -0.00350662]
 [-0.02311468  0.04356965  0.03151903 ...  0.03055129  0.00498109
  -0.02739133]
 [-0.00541895 -0.01040125 -0.01951584 ...  0.03864066 -0.0018243
   0.04653641]
 ...
 [-0.06498178  0.01561083  0.01803564 ...  0.0204511   0.00055622
  -0.04778646]
 [-0.00187522 -0.00233002 -0.03382345 ... -0.00918322 -0.00271127
  -0.00547211]
 [-0.0196233   0.04466515  0.00839737 ...  0.0067764   0.037065
   0.04874579]]
--y_train--
['mali' 'norm' 'mali' 'mali' 'mali' 'norm' 'norm' 'mali' 'norm' 'mali'
 'norm' 'mali' 'mali' 'norm']
--X_test--
[[-0.08985218  0.03772952  0.04287206 ...  0.03485578 -0.00053024
   0.03443872]
 [-0.0633043   0.00777646 -0.05345457 ... -0.04174906  0.02304528
   0.01291466]
 [-0.03130427  0.01792992  0.02234977 ... -0.03443459 -0.04678235
   0.00170545]
 [ 0.0041006   0.00636686  0.0128422  ...  0.00228799  0.00781577
  -0.02653217]
 [-0.04795025  0.04553838  0.03411797 ...  0.00024244 -0.00431862
   0.04019995]
 [-0.0164718   0.01598679  0.01395844 ...  0.00223195  0.02818372
   0.04241013]]
--y_test--
['norm' 'mali' 'mali' 'norm' 'norm' 'norm']
--layer--
12
--X_train--
[[-0.04355939  0.02259842 -0.04869599 ... -0.02635845 -0.00298579
  -0.02420864]
 [-0.03566175  0.02723995  0.03473717 ...  0.00146496  0.0160869
  -0.05562658]
 [ 0.01145741 -0.02342525 -0.02643195 ...  0.02872924  0.01752501
  -0.00267625]
 ...
 [-0.06784064 -0.01637132  0.01027344 ...  0.02567559  0.01201934
  -0.06303935]
 [-0.03088923  0.03097534 -0.04954404 ...  0.0054659  -0.01674918
  -0.03395378]
 [-0.03357307  0.02964602 -0.01832165 ... -0.02621503  0.0661629
   0.0313512 ]]
--y_train--
['mali' 'norm' 'mali' 'mali' 'mali' 'norm' 'norm' 'mali' 'norm' 'mali'
 'norm' 'mali' 'mali' 'norm']
--X_test--
[[-0.10333303  0.02776398  0.03592325 ... -0.00418284  0.03177877
   0.00862123]
 [-0.07507609  0.01530713 -0.06658502 ... -0.03065052  0.02342996
  -0.02288562]
 [-0.03379947  0.04405633 -0.00651255 ... -0.03866334 -0.02773835
  -0.03455917]
 [-0.00589059 -0.00935212 -0.00954192 ... -0.00091603  0.0158434
  -0.04526437]
 [-0.03297658  0.02229763  0.02678646 ... -0.02109484  0.02242837
   0.01332209]
 [-0.04954717  0.00526313  0.00694374 ... -0.0304047   0.05123884
   0.00727669]]
--y_test--
['norm' 'mali' 'mali' 'norm' 'norm' 'norm']
--layer--
13
--X_train--
[[-0.07777172  0.02932904 -0.05224374 ... -0.00540355 -0.08458424
  -0.01724951]
 [-0.06629252  0.06766658  0.04105733 ... -0.00025502 -0.03150724
  -0.0118426 ]
 [ 0.0092739  -0.01608185 -0.0749919  ...  0.00786357 -0.01048444
   0.02550017]
 ...
 [-0.05953016 -0.00035226  0.04551278 ...  0.01186623 -0.03424481
  -0.05190354]
 [-0.02904549  0.0060649  -0.02501129 ...  0.03478041 -0.05471638
  -0.01045067]
 [-0.02531515  0.04045966 -0.00934354 ... -0.02653353  0.04558239
   0.08241101]]
--y_train--
['mali' 'norm' 'mali' 'mali' 'mali' 'norm' 'norm' 'mali' 'norm' 'mali'
 'norm' 'mali' 'mali' 'norm']
--X_test--
[[-0.1400342  -0.01751145  0.03225223 ...  0.02127396 -0.01881821
   0.01203921]
 [-0.03821173  0.02588274 -0.05960584 ...  0.00555495 -0.05476858
  -0.01060617]
 [-0.0365375   0.03970692  0.0011245  ... -0.04121191 -0.05688996
  -0.01131658]
 [ 0.0162873  -0.01271319 -0.03299062 ... -0.01849364 -0.00664624
   0.00720612]
 [-0.04490409  0.06281672 -0.0112377  ...  0.00845313  0.01252673
   0.06125835]
 [-0.08794864  0.01966931 -0.0112082  ... -0.03821347 -0.01776128
   0.01453105]]
--y_test--
['norm' 'mali' 'mali' 'norm' 'norm' 'norm']
--layer--
14
--X_train--
[[-0.1080389   0.01895946 -0.07181024 ... -0.04674564 -0.11681189
  -0.0353255 ]
 [-0.0739898   0.06891277  0.0526514  ... -0.02962033 -0.03959793
  -0.09179512]
 [-0.01325173  0.04354483 -0.05641494 ...  0.01429602 -0.06525278
  -0.05986303]
 ...
 [-0.02629573  0.04674654  0.02121887 ...  0.0135167  -0.06534252
  -0.10274322]
 [-0.01784568  0.0340763  -0.03541994 ... -0.0416291  -0.09456075
  -0.01031564]
 [-0.04249847  0.06147324  0.01019521 ... -0.04461653  0.03087733
   0.06339715]]
--y_train--
['mali' 'norm' 'mali' 'mali' 'mali' 'norm' 'norm' 'mali' 'norm' 'mali'
 'norm' 'mali' 'mali' 'norm']
--X_test--
[[-1.1079365e-01  3.8017016e-02  4.0964827e-02 ... -3.3630371e-02
  -1.1618930e-02 -8.3099585e-03]
 [-1.0096338e-03  6.7291647e-02 -5.3659271e-02 ... -2.6761096e-02
  -6.1677709e-02 -2.7399603e-02]
 [-7.3178709e-02  6.5017566e-02 -8.5628349e-03 ... -6.7912608e-02
  -9.5863789e-02 -7.5223170e-02]
 [ 1.0474967e-02  3.0769732e-02 -4.1146599e-02 ...  3.5287365e-03
  -3.3350531e-02 -3.6976207e-02]
 [-3.3667468e-02  7.3969103e-02  4.8773967e-02 ... -2.3502557e-02
  -1.1036210e-02  2.8241515e-02]
 [-3.9391220e-05 -3.8923696e-03 -7.8791771e-03 ... -7.0084706e-02
  -5.0187398e-02 -1.8122261e-02]]
--y_test--
['norm' 'mali' 'mali' 'norm' 'norm' 'norm']
--X_train--
[[-0.125233    0.0062109  -0.04578304 ... -0.056941   -0.07038356
  -0.01620664]
 [-0.02656915  0.01176313  0.01214327 ... -0.08534504 -0.04137233
  -0.09323351]
 [-0.02168929  0.04430282 -0.03470297 ... -0.00926597  0.00151668
  -0.04453358]
 ...
 [-0.06691234 -0.0014826   0.08375271 ... -0.01528263 -0.03026782
  -0.09347339]
 [-0.03665707 -0.04067976 -0.04422088 ... -0.05802688 -0.07703644
  -0.04330572]
 [-0.02618732  0.02679549  0.02654074 ... -0.08960305  0.06986193
   0.03787638]]
--y_train--
['mali' 'norm' 'mali' 'mali' 'mali' 'norm' 'norm' 'mali' 'norm' 'mali'
 'norm' 'mali' 'mali' 'norm']
--X_test--
[[-0.07207362 -0.03373857  0.02520717 ... -0.02224542  0.01432551
  -0.04909115]
 [ 0.03423551 -0.00653312  0.0102254  ... -0.00516057 -0.04306264
  -0.0573169 ]
 [-0.07622157 -0.01574028  0.0248779  ... -0.09375487 -0.06395666
  -0.11453954]
 [ 0.05483555  0.02261426  0.0106268  ... -0.02747609 -0.00605613
  -0.08390002]
 [-0.01045205  0.00658661  0.03205017 ... -0.07120737  0.08486924
   0.01052852]
 [ 0.00981614 -0.01457128  0.00469664 ... -0.10486878 -0.01149851
  -0.0318686 ]]
--y_test--
['norm' 'mali' 'mali' 'norm' 'norm' 'norm']
--X_train--
[[-1.7944935e-01 -4.9191780e-02 -3.4553967e-02 ... -1.0676405e-01
  -7.3962852e-02  9.1202054e-03]
 [-4.0233046e-02 -4.9082711e-02  1.1208152e-02 ... -1.9891989e-01
  -1.2578562e-02 -1.5158865e-01]
 [-2.7321860e-02  1.3198143e-02 -4.7089882e-02 ... -1.0595708e-01
   9.5125027e-03 -6.4043164e-02]
 ...
 [-4.5550779e-02 -4.3410197e-02  4.4525176e-02 ... -9.0151310e-02
  -1.1334028e-03 -6.9528043e-02]
 [-1.1186293e-01 -4.6841845e-02 -1.8277165e-02 ... -1.5902701e-01
  -7.2532803e-02 -2.3442060e-03]
 [-1.0734028e-01 -1.0186778e-02  2.3379624e-02 ... -1.5723112e-01
   7.9129234e-02  1.8731877e-04]]
--y_train--
['mali' 'norm' 'mali' 'mali' 'mali' 'norm' 'norm' 'mali' 'norm' 'mali'
 'norm' 'mali' 'mali' 'norm']
--X_test--
[[-1.6501322e-01 -6.3955978e-02  5.0038405e-02 ... -1.3457398e-01
   8.9493208e-02 -7.0509210e-02]
 [ 5.2640140e-03  1.7056659e-02 -8.9744814e-03 ... -9.1981739e-02
  -5.4269690e-02 -6.4633153e-02]
 [-1.0855054e-01 -2.7032394e-02  5.1390883e-02 ... -1.7391688e-01
  -7.2151355e-02 -1.4403258e-01]
 [ 5.2248672e-02 -8.6523078e-02 -4.8015453e-03 ... -1.2470141e-01
  -4.1695684e-03 -1.2896809e-01]
 [-3.6327906e-02 -7.6035252e-03  2.5854979e-02 ... -1.7892697e-01
   1.1469638e-01 -7.9764329e-02]
 [-6.9659188e-02 -1.2050915e-01 -9.7626820e-05 ... -2.1632570e-01
   6.1399478e-02 -4.2317595e-02]]
--y_test--
['norm' 'mali' 'mali' 'norm' 'norm' 'norm']
--X_train--
[[-0.26759958  0.08536297  0.02451248 ... -0.11066781 -0.06168844
  -0.09525712]
 [-0.1429278   0.02323002  0.07097321 ... -0.23265547  0.05013773
  -0.14980014]
 [-0.1212849   0.03268575  0.03886523 ... -0.12554683  0.01331352
  -0.17138514]
 ...
 [-0.14442699 -0.00643962  0.1362732  ... -0.12268953  0.01680529
  -0.07829358]
 [-0.14946514  0.04102338  0.04850077 ... -0.17595223 -0.1267052
  -0.08037491]
 [-0.16950901  0.13766189  0.14110966 ... -0.23184013  0.03911715
  -0.06328332]]
--y_train--
['mali' 'norm' 'mali' 'mali' 'mali' 'norm' 'norm' 'mali' 'norm' 'mali'
 'norm' 'mali' 'mali' 'norm']
--X_test--
[[-0.16225582  0.01581921  0.03752758 ... -0.12183872  0.0453087
  -0.07143144]
 [ 0.00840453  0.06388804  0.05445055 ... -0.09600046 -0.09688361
  -0.08624572]
 [-0.18312553  0.08698348  0.1326487  ... -0.16845109 -0.05569188
  -0.15889035]
 [-0.05490508 -0.00413195 -0.00884999 ... -0.08368307  0.03206088
  -0.1665152 ]
 [-0.1270327   0.09425133  0.13245794 ... -0.26540294  0.09021043
  -0.13622665]
 [-0.18214741  0.00654911  0.11064996 ... -0.2682376   0.07734951
  -0.05298492]]
--y_test--
['norm' 'mali' 'mali' 'norm' 'norm' 'norm']
--X_train--
[[-0.1514859   0.02947064 -0.01342965 ... -0.11046168 -0.00901914
  -0.04432189]
 [-0.08521031 -0.01525227  0.0473727  ... -0.35251117  0.1416739
  -0.05188387]
 [-0.01917348  0.01612648 -0.00715787 ... -0.17893879  0.11093763
  -0.07745811]
 ...
 [-0.10082838 -0.02669283  0.15691195 ... -0.18361154  0.11468228
  -0.03280993]
 [-0.07100902  0.00178638 -0.04929403 ... -0.25236303 -0.03973782
  -0.018802  ]
 [-0.13787131  0.12818152  0.0427196  ... -0.20723787  0.16902351
  -0.03386628]]
--y_train--
['mali' 'norm' 'mali' 'mali' 'mali' 'norm' 'norm' 'mali' 'norm' 'mali'
 'norm' 'mali' 'mali' 'norm']
--X_test--
[[-0.21843952 -0.03987521  0.02646714 ... -0.21420227  0.1682697
  -0.06357469]
 [-0.00383843  0.05190073  0.05162922 ... -0.26475874  0.01328274
  -0.11191022]
 [-0.12286121  0.00223454  0.08487651 ... -0.24536556  0.09070911
  -0.14174427]
 [-0.07237048  0.02391425 -0.04436079 ... -0.13866177  0.11363516
  -0.13761441]
 [-0.02544028  0.03979721  0.1038155  ... -0.30589914  0.23895282
  -0.17016365]
 [-0.12829448 -0.11718974  0.01103094 ... -0.3867954   0.19039053
  -0.1403268 ]]
--y_test--
['norm' 'mali' 'mali' 'norm' 'norm' 'norm']
--X_train--
[[-0.13258123  0.11485156 -0.05441403 ... -0.086747    0.07002688
   0.03289245]
 [-0.08242135  0.0380629  -0.01515143 ... -0.28979385  0.12248392
  -0.01714144]
 [-0.05079518  0.0137765  -0.0301487  ... -0.05102965  0.17572235
   0.06557982]
 ...
 [-0.15564093 -0.0432214   0.10415891 ... -0.08566654  0.09578729
   0.04299635]
 [-0.01502924 -0.04392718 -0.04596982 ... -0.18205082  0.00368137
   0.04333949]
 [-0.11177922  0.0393885   0.01386058 ... -0.34209934  0.22287726
  -0.00098423]]
--y_train--
['mali' 'norm' 'mali' 'mali' 'mali' 'norm' 'norm' 'mali' 'norm' 'mali'
 'norm' 'mali' 'mali' 'norm']
--X_test--
[[-0.12545466 -0.14234084  0.06987709 ... -0.28602645  0.30024695
  -0.0983959 ]
 [ 0.02834267 -0.00429361  0.02805364 ... -0.23106894  0.03327099
  -0.06019514]
 [-0.07492801  0.04501784  0.03585534 ... -0.14247087  0.14080599
  -0.10911585]
 [ 0.02199046 -0.00811375  0.04135484 ... -0.17122877  0.14255573
  -0.09910964]
 [ 0.08119144 -0.14132628  0.12742142 ... -0.3737903   0.22209634
  -0.22186956]
 [-0.10337463 -0.14421922 -0.04162604 ... -0.35345986  0.24057293
  -0.07809692]]
--y_test--
['norm' 'mali' 'mali' 'norm' 'norm' 'norm']
--X_train--
[[-0.06448145  0.14255135 -0.06549662 ... -0.12751609  0.04847136
  -0.03955061]
 [-0.01576323  0.03724949 -0.06559633 ... -0.3534172  -0.00083604
  -0.11816838]
 [ 0.05785944 -0.02531737 -0.1101473  ... -0.13608404  0.26591215
   0.08261846]
 ...
 [-0.07353706 -0.05385499  0.11496687 ... -0.12358199  0.1668241
  -0.07057872]
 [ 0.08610928 -0.01319032 -0.01434669 ... -0.3003027  -0.05282802
  -0.0939529 ]
 [-0.14882839 -0.00211328 -0.00743583 ... -0.46781135  0.2028265
  -0.06677812]]
--y_train--
['mali' 'norm' 'mali' 'mali' 'mali' 'norm' 'norm' 'mali' 'norm' 'mali'
 'norm' 'mali' 'mali' 'norm']
--X_test--
[[-0.12841429 -0.11141582 -0.01650064 ... -0.25884902  0.35004774
  -0.20419675]
 [ 0.06873922 -0.03332023 -0.02572495 ... -0.3060894  -0.0112358
  -0.15584566]
 [-0.00383092  0.02254815  0.06720899 ... -0.19533195  0.05760198
  -0.18995196]
 [ 0.05171784  0.00285133  0.00458649 ... -0.29986295  0.10910396
  -0.2558346 ]
 [ 0.11256351 -0.09037678  0.26464373 ... -0.504611    0.21081643
  -0.32422864]
 [-0.05890992 -0.09078909  0.00102852 ... -0.38128647  0.13774404
  -0.22767921]]
--y_test--
['norm' 'mali' 'mali' 'norm' 'norm' 'norm']
--X_train--
[[-0.1305197   0.21063212 -0.02131775 ... -0.04748886 -0.1004301
  -0.07587469]
 [-0.08804709  0.0644737  -0.03171725 ... -0.37026224 -0.11841468
  -0.08007954]
 [-0.01302634  0.04132239  0.00451353 ... -0.1798234   0.20437883
   0.10528245]
 ...
 [-0.13315575 -0.00150036  0.17561363 ... -0.16556828  0.11248358
  -0.04958665]
 [ 0.08387687  0.08132298  0.06213697 ... -0.30323258 -0.12749934
  -0.0412353 ]
 [-0.1176127   0.08945218  0.01533668 ... -0.46489564  0.16826962
  -0.00407391]]
--y_train--
['mali' 'norm' 'mali' 'mali' 'mali' 'norm' 'norm' 'mali' 'norm' 'mali'
 'norm' 'mali' 'mali' 'norm']
--X_test--
[[-0.03234328 -0.09732553  0.09445409 ... -0.20027371  0.3838042
  -0.1486461 ]
 [ 0.09946039 -0.00865204  0.10111957 ... -0.3145543  -0.04138604
  -0.13787863]
 [-0.0339856   0.03435066  0.17552081 ... -0.23075241 -0.02514631
  -0.22307397]
 [ 0.12681527  0.07622977  0.09271946 ... -0.3567939   0.09489041
  -0.15725276]
 [ 0.12002875 -0.00488101  0.3660526  ... -0.50214756  0.21702342
  -0.28491428]
 [-0.06042606 -0.01972178  0.03329296 ... -0.425272    0.09633687
  -0.15143064]]
--y_test--
['norm' 'mali' 'mali' 'norm' 'norm' 'norm']
--X_train--
[[-0.09349858  0.14863636  0.05185104 ... -0.05993116 -0.12879677
  -0.02957801]
 [-0.13272467  0.04453092  0.0670525  ... -0.35931307 -0.1469397
  -0.03391866]
 [ 0.00457464  0.08584665  0.0566005  ... -0.14101855  0.21802586
   0.09301526]
 ...
 [-0.14414635  0.03465975  0.23737888 ... -0.16995743  0.10757804
  -0.06501599]
 [ 0.04628185  0.1822643   0.11416064 ... -0.22411747 -0.16114011
  -0.01602541]
 [-0.19708666  0.14242017  0.08758301 ... -0.54312396  0.1896203
   0.01553901]]
--y_train--
['mali' 'norm' 'mali' 'mali' 'mali' 'norm' 'norm' 'mali' 'norm' 'mali'
 'norm' 'mali' 'mali' 'norm']
--X_test--
[[-0.03912963 -0.17709203  0.19553795 ... -0.16807051  0.40115315
  -0.08387899]
 [ 0.04759123  0.03391943  0.18885297 ... -0.34078854 -0.01372825
  -0.14758399]
 [-0.03093477  0.09202652  0.23021132 ... -0.18407804  0.01880561
  -0.17493297]
 [ 0.02027144  0.06747891  0.10425911 ... -0.43157473  0.13639835
  -0.09095871]
 [ 0.1531987   0.07527013  0.4256718  ... -0.5569247   0.21431012
  -0.26652125]
 [-0.07452428  0.10025799  0.1642684  ... -0.5332353   0.10517403
  -0.17474014]]
--y_test--
['norm' 'mali' 'mali' 'norm' 'norm' 'norm']
--X_train--
[[-0.26341942  0.17192578  0.07305152 ...  0.06950071 -0.2403524
   0.00602877]
 [-0.30254155  0.00903399  0.07877339 ... -0.39010084 -0.17901425
  -0.04748208]
 [-0.11487664  0.12816846  0.1029442  ... -0.06928446  0.20701694
   0.13069767]
 ...
 [-0.28114596  0.10540856  0.3252386  ... -0.07807013  0.07689481
  -0.04785751]
 [-0.14556286  0.15465991  0.15246113 ... -0.18142252 -0.16791086
  -0.00290358]
 [-0.3471076   0.21451452  0.30433366 ... -0.50910354  0.25574285
  -0.05317757]]
--y_train--
['mali' 'norm' 'mali' 'mali' 'mali' 'norm' 'norm' 'mali' 'norm' 'mali'
 'norm' 'mali' 'mali' 'norm']
--X_test--
[[-0.13473497 -0.27036455  0.10203384 ... -0.15525013  0.4303584
   0.00088698]
 [-0.06148234  0.07549018  0.2569788  ... -0.34654295 -0.03446537
  -0.07293499]
 [-0.29942492  0.13657947  0.21450597 ... -0.12605722 -0.06684722
  -0.15222928]
 [-0.16328396  0.08867013  0.13119438 ... -0.44788873  0.10842151
  -0.13884085]
 [ 0.00763897  0.11213569  0.49705535 ... -0.5241764   0.15051022
  -0.30201906]
 [-0.21768934  0.16947521  0.21932147 ... -0.5613922   0.16255061
  -0.20495325]]
--y_test--
['norm' 'mali' 'mali' 'norm' 'norm' 'norm']
--X_train--
[[-0.2838037   0.2757107   0.23823662 ...  0.1057453  -0.24583092
  -0.01085703]
 [-0.30741072  0.11677261  0.12527901 ... -0.48256245 -0.10399401
  -0.10533678]
 [-0.13583423  0.15130782  0.18072149 ... -0.10418531  0.21052378
   0.16560848]
 ...
 [-0.23615491  0.22038871  0.4403177  ... -0.06142544  0.12039923
  -0.05955163]
 [-0.14342389  0.28454077  0.2896583  ... -0.11124352 -0.25486833
   0.03744882]
 [-0.2580341   0.24412012  0.37072855 ... -0.44918296  0.15357175
   0.02407335]]
--y_train--
['mali' 'norm' 'mali' 'mali' 'mali' 'norm' 'norm' 'mali' 'norm' 'mali'
 'norm' 'mali' 'mali' 'norm']
--X_test--
[[ 0.10409416 -0.28000498  0.04945899 ... -0.16925378  0.44919536
   0.0924056 ]
 [ 0.0101752   0.16914368  0.32486427 ... -0.35778612 -0.04787186
  -0.06162196]
 [-0.24984188  0.35201883  0.3350901  ... -0.16664748 -0.08254533
  -0.11619035]
 [-0.10041364  0.1580107   0.23354451 ... -0.43150803  0.04758769
  -0.12223233]
 [ 0.01689436  0.11433408  0.62061447 ... -0.4778363   0.15496375
  -0.18190601]
 [-0.19557208  0.20025979  0.31174487 ... -0.5823519   0.10016196
  -0.08119695]]
--y_test--
['norm' 'mali' 'mali' 'norm' 'norm' 'norm']
--X_train--
[[-0.19773203  0.4212243   0.32353973 ...  0.06873455 -0.20861831
  -0.10548206]
 [-0.26422423  0.21883747  0.2390405  ... -0.5640331  -0.15369141
  -0.26182488]
 [-0.00991762  0.21711296  0.31009626 ... -0.12049203  0.15779561
   0.07708678]
 ...
 [-0.17106307  0.37958792  0.5720546  ... -0.16309685  0.04770757
  -0.11701298]
 [-0.11865947  0.35457778  0.4245542  ... -0.11552948 -0.26606056
   0.05325356]
 [-0.1776208   0.24564755  0.5570557  ... -0.5135512   0.23983088
   0.00375176]]
--y_train--
['mali' 'norm' 'mali' 'mali' 'mali' 'norm' 'norm' 'mali' 'norm' 'mali'
 'norm' 'mali' 'mali' 'norm']
--X_test--
[[ 0.32278383 -0.36025366  0.19423158 ... -0.19250916  0.4769929
   0.04482826]
 [ 0.09268641  0.2152426   0.49661413 ... -0.42784443 -0.07467367
  -0.12388974]
 [-0.22901872  0.4589439   0.4689362  ... -0.24311256 -0.1154673
  -0.14422658]
 [-0.08784363  0.2543397   0.2755543  ... -0.5015168   0.04361929
  -0.18900062]
 [ 0.10065328  0.03700735  0.65994275 ... -0.5607118   0.16084456
  -0.14064053]
 [-0.11945498  0.2918495   0.41360155 ... -0.6770188   0.06894793
  -0.10509029]]
--y_test--
['norm' 'mali' 'mali' 'norm' 'norm' 'norm']
--X_train--
[[-0.13659947  0.42826054  0.292427   ... -0.01532441 -0.36265817
  -0.0956976 ]
 [-0.32606626  0.29941896  0.25536323 ... -0.71357626 -0.2068025
  -0.23910764]
 [ 0.03668547  0.18080194  0.2745176  ... -0.21945694  0.08821011
   0.18210852]
 ...
 [-0.12414238  0.31010175  0.6042876  ... -0.2780217  -0.03308453
  -0.15853253]
 [-0.04096185  0.31187928  0.5372048  ... -0.17039675 -0.3895706
   0.10571778]
 [-0.12080478  0.2684328   0.60324055 ... -0.6227127   0.24020186
   0.0704914 ]]
--y_train--
['mali' 'norm' 'mali' 'mali' 'mali' 'norm' 'norm' 'mali' 'norm' 'mali'
 'norm' 'mali' 'mali' 'norm']
--X_test--
[[ 0.33758947 -0.27967405  0.30212465 ... -0.21848902  0.35289407
   0.00147914]
 [ 0.167384    0.15430836  0.5513405  ... -0.38059846 -0.31387213
  -0.10145733]
 [-0.20513718  0.4477942   0.5075656  ... -0.2782489  -0.25390837
  -0.11607091]
 [-0.13239804  0.24721712  0.27179024 ... -0.61776793 -0.14316289
  -0.19867061]
 [ 0.15125234  0.05132645  0.62996703 ... -0.638732    0.14295998
  -0.05331211]
 [-0.12530589  0.31107306  0.38402516 ... -0.701798   -0.00400182
  -0.11568511]]
--y_test--
['norm' 'mali' 'mali' 'norm' 'norm' 'norm']
--X_train--
[[ 0.03082154  0.5351868   0.18987732 ... -0.03812661 -0.3656359
   0.02696319]
 [-0.33486083  0.24281612  0.05337512 ... -0.75512207 -0.21771462
  -0.24739982]
 [ 0.12459473  0.13891163  0.18362032 ... -0.21159688  0.07915798
   0.2995717 ]
 ...
 [ 0.011649    0.15048979  0.4616418  ... -0.27031922 -0.07097521
  -0.09762406]
 [ 0.0568012   0.33424342  0.5140328  ... -0.15037039 -0.41661257
   0.20572118]
 [ 0.0553131   0.26174873  0.48646107 ... -0.5150958   0.17958066
   0.07265337]]
--y_train--
['mali' 'norm' 'mali' 'mali' 'mali' 'norm' 'norm' 'mali' 'norm' 'mali'
 'norm' 'mali' 'mali' 'norm']
--X_test--
[[ 0.47610793 -0.36083484  0.15512557 ... -0.09656814  0.39101827
   0.03400225]
 [ 0.2609269   0.09965438  0.4348571  ... -0.43485445 -0.3379041
  -0.04221206]
 [-0.09999761  0.3558987   0.33162498 ... -0.32404348 -0.21854329
  -0.01859033]
 [-0.14238012  0.31609872  0.2312042  ... -0.60809666 -0.18907873
  -0.1805225 ]
 [ 0.10971642  0.03777305  0.6523299  ... -0.6608006   0.1687531
  -0.0360533 ]
 [ 0.01161285  0.26904485  0.26637113 ... -0.5801422   0.01778689
  -0.04399139]]
--y_test--
['norm' 'mali' 'mali' 'norm' 'norm' 'norm']
--X_train--
[[ 0.02392074  0.5792157   0.3108964  ...  0.03300542 -0.5312294
   0.19287908]
 [-0.29783806  0.26751906  0.10592143 ... -0.85671717 -0.29432508
  -0.29174602]
 [ 0.12255925  0.02958113  0.24686559 ... -0.28962815 -0.020408
   0.38284293]
 ...
 [ 0.04370822  0.04710926  0.4536021  ... -0.3876397  -0.20733947
  -0.05260105]
 [ 0.12850448  0.44854122  0.67703927 ... -0.21706966 -0.5829824
   0.22811162]
 [ 0.18385033  0.21539524  0.6659265  ... -0.64050245  0.13621622
   0.01068528]]
--y_train--
['mali' 'norm' 'mali' 'mali' 'mali' 'norm' 'norm' 'mali' 'norm' 'mali'
 'norm' 'mali' 'mali' 'norm']
--X_test--
[[ 0.47972137 -0.45805705  0.07480721 ... -0.16808845  0.35776657
  -0.0748623 ]
 [ 0.34240514  0.06407075  0.43859917 ... -0.5336864  -0.46605146
   0.09804198]
 [-0.04451168  0.38513112  0.43138802 ... -0.3913046  -0.4907457
  -0.05011106]
 [ 0.07024504  0.5058951   0.32253397 ... -0.68452984 -0.22453573
  -0.14671913]
 [ 0.19871339  0.05685519  0.9525887  ... -0.83102024  0.23403811
  -0.0392132 ]
 [ 0.11588573  0.25303456  0.3278588  ... -0.6263187   0.04864961
  -0.050789  ]]
--y_test--
['norm' 'mali' 'mali' 'norm' 'norm' 'norm']
--X_train--
[[ 0.09482068  0.7646173   0.27444962 ...  0.34603405 -0.79443574
   0.2764927 ]
 [-0.41801643  0.42931926  0.12498119 ... -0.7461697  -0.3294072
  -0.16529568]
 [-0.08562051  0.18764445  0.22626016 ... -0.28542924 -0.11507243
   0.6847441 ]
 ...
 [-0.07406066  0.19110079  0.41711202 ... -0.36339167 -0.29053864
   0.0521073 ]
 [ 0.14844747  0.67813003  0.78163815 ... -0.07517087 -0.6711545
   0.31240398]
 [ 0.085216    0.40034133  0.89396286 ... -0.7455876   0.12133674
   0.16176236]]
--y_train--
['mali' 'norm' 'mali' 'mali' 'mali' 'norm' 'norm' 'mali' 'norm' 'mali'
 'norm' 'mali' 'mali' 'norm']
--X_test--
[[ 0.7152357  -0.46490014  0.34706765 ...  0.02519406  0.5035614
  -0.01731626]
 [ 0.3142848  -0.10104132  0.52430713 ... -0.542213   -0.49601635
   0.22275215]
 [-0.22122526  0.66014576  0.48382926 ... -0.27111605 -0.5667689
   0.01526113]
 [-0.08247066  0.5440607   0.35728002 ... -0.59340715 -0.19378084
   0.06907821]
 [ 0.1635918   0.02382414  1.0690708  ... -0.8605925   0.22611572
   0.13291287]
 [ 0.04422025  0.52273834  0.3291434  ... -0.57161283  0.06585467
   0.0293734 ]]
--y_test--
['norm' 'mali' 'mali' 'norm' 'norm' 'norm']
--X_train--
[[ 0.03097958  0.79373413  0.37582967 ...  0.41492927 -0.8672555
   0.13540335]
 [-0.2724624   0.42612788 -0.02678324 ... -0.7038742  -0.51194966
  -0.13285331]
 [-0.19276461  0.2638611   0.19061689 ... -0.13662797 -0.09951513
   0.7360355 ]
 ...
 [-0.07679708  0.23959586  0.48175973 ... -0.3197154  -0.34400582
   0.04014799]
 [ 0.43858802  0.5314557   0.692237   ... -0.00315692 -0.91759187
   0.16464333]
 [-0.0278863   0.4564839   0.93739    ... -0.74291205  0.17347966
   0.24193889]]
--y_train--
['mali' 'norm' 'mali' 'mali' 'mali' 'norm' 'norm' 'mali' 'norm' 'mali'
 'norm' 'mali' 'mali' 'norm']
--X_test--
[[ 0.71618676 -0.40989852  0.36155438 ...  0.27201334  0.3643235
   0.0274682 ]
 [ 0.6613239  -0.28439167  0.3957803  ... -0.51577866 -0.5666065
   0.20347463]
 [-0.1418946   0.5655613   0.39226356 ... -0.24049872 -0.73409796
  -0.08657542]
 [-0.0801997   0.41075832  0.45405918 ... -0.4176002  -0.29923743
   0.14794528]
 [ 0.21905155 -0.02314341  1.0237793  ... -0.7461343   0.18127467
   0.1839155 ]
 [ 0.1600639   0.52907914  0.21741837 ... -0.6517129  -0.0910324
   0.09973925]]
--y_test--
['norm' 'mali' 'mali' 'norm' 'norm' 'norm']
--X_train--
[[ 3.1039824   5.7377267   4.410406   ...  2.820892   -9.362255
   0.6399403 ]
 [ 0.8376511   4.0193443  -0.78683543 ... -6.7545824  -4.95872
  -2.351209  ]
 [ 1.9255974   2.2564921   2.3392563  ...  0.20331705 -1.0555665
   5.8913336 ]
 ...
 [ 3.379827    2.2981477   5.908661   ... -2.9632108  -2.8251219
  -0.32237846]
 [ 6.9171042   4.7432747   5.326649   ...  0.5308269  -8.902758
   0.4805479 ]
 [ 2.214801    5.410887   10.111719   ... -4.970226    3.532333
   0.7523651 ]]
--y_train--
['mali' 'norm' 'mali' 'mali' 'mali' 'norm' 'norm' 'mali' 'norm' 'mali'
 'norm' 'mali' 'mali' 'norm']
--X_test--
[[10.121949   -4.2747      1.865211   ...  4.18905     5.3015027
  -1.9723519 ]
 [10.412469   -3.9377275   2.9523206  ... -3.7481122  -7.436528
  -0.41829333]
 [ 2.548199    6.803169    2.7961075  ... -0.38059762 -7.608052
  -0.7982518 ]
 [ 1.8983122   2.2875116   3.9399278  ... -0.5689066  -2.5502298
   0.40100515]
 [ 4.8446355  -1.2391217   8.9693575  ... -3.9772885   1.8835794
   2.1091132 ]
 [ 4.551116    2.8887372   0.02186211 ... -4.704648   -1.0828054
  -0.25029746]]
--y_test--
['norm' 'mali' 'mali' 'norm' 'norm' 'norm']
--X_train--
[[-1.2664795e-03  1.3446808e-04 -2.7084351e-04 ...  1.0070801e-03
  -2.0980835e-04 -4.3392181e-05]
 [-1.2664795e-03  1.3446808e-04 -2.7084351e-04 ...  1.0070801e-03
  -2.0980835e-04 -4.3392181e-05]
 [-1.2664795e-03  1.3446808e-04 -2.7084351e-04 ...  1.0070801e-03
  -2.0980835e-04 -4.3392181e-05]
 ...
 [-1.2664795e-03  1.3446808e-04 -2.7084351e-04 ...  1.0070801e-03
  -2.0980835e-04 -4.3392181e-05]
 [-1.2664795e-03  1.3446808e-04 -2.7084351e-04 ...  1.0070801e-03
  -2.0980835e-04 -4.3392181e-05]
 [-1.2664795e-03  1.3446808e-04 -2.7084351e-04 ...  1.0070801e-03
  -2.0980835e-04 -4.3392181e-05]]
--y_train--
['mali' 'norm' 'mali' 'mali' 'mali' 'norm' 'norm' 'mali' 'norm' 'mali'
 'norm' 'mali' 'mali' 'norm']
--X_test--
[[-1.2664795e-03  1.3446808e-04 -2.7084351e-04 ...  1.0070801e-03
  -2.0980835e-04 -4.3392181e-05]
 [-1.2664795e-03  1.3446808e-04 -2.7084351e-04 ...  1.0070801e-03
  -2.0980835e-04 -4.3392181e-05]
 [-1.2664795e-03  1.3446808e-04 -2.7084351e-04 ...  1.0070801e-03
  -2.0980835e-04 -4.3392181e-05]
 [-1.2664795e-03  1.3446808e-04 -2.7084351e-04 ...  1.0070801e-03
  -2.0980835e-04 -4.3392181e-05]
 [-1.2664795e-03  1.3446808e-04 -2.7084351e-04 ...  1.0070801e-03
  -2.0980835e-04 -4.3392181e-05]
 [-1.2664795e-03  1.3446808e-04 -2.7084351e-04 ...  1.0070801e-03
  -2.0980835e-04 -4.3392181e-05]]
--y_test--
['norm' 'mali' 'mali' 'norm' 'norm' 'norm']
--X_train--
[[-1.2664795e-03  1.3446808e-04 -2.7084351e-04 ...  1.0070801e-03
  -2.0980835e-04 -4.3392181e-05]
 [-1.2664795e-03  1.3446808e-04 -2.7084351e-04 ...  1.0070801e-03
  -2.0980835e-04 -4.3392181e-05]
 [-1.2664795e-03  1.3446808e-04 -2.7084351e-04 ...  1.0070801e-03
  -2.0980835e-04 -4.3392181e-05]
 ...
 [-1.2664795e-03  1.3446808e-04 -2.7084351e-04 ...  1.0070801e-03
  -2.0980835e-04 -4.3392181e-05]
 [-1.2664795e-03  1.3446808e-04 -2.7084351e-04 ...  1.0070801e-03
  -2.0980835e-04 -4.3392181e-05]
 [-1.2664795e-03  1.3446808e-04 -2.7084351e-04 ...  1.0070801e-03
  -2.0980835e-04 -4.3392181e-05]]
--y_train--
['mali' 'norm' 'mali' 'mali' 'mali' 'norm' 'norm' 'mali' 'norm' 'mali'
 'norm' 'mali' 'mali' 'norm']
--X_test--
[[-1.2664795e-03  1.3446808e-04 -2.7084351e-04 ...  1.0070801e-03
  -2.0980835e-04 -4.3392181e-05]
 [-1.2664795e-03  1.3446808e-04 -2.7084351e-04 ...  1.0070801e-03
  -2.0980835e-04 -4.3392181e-05]
 [-1.2664795e-03  1.3446808e-04 -2.7084351e-04 ...  1.0070801e-03
  -2.0980835e-04 -4.3392181e-05]
 [-1.2664795e-03  1.3446808e-04 -2.7084351e-04 ...  1.0070801e-03
  -2.0980835e-04 -4.3392181e-05]
 [-1.2664795e-03  1.3446808e-04 -2.7084351e-04 ...  1.0070801e-03
  -2.0980835e-04 -4.3392181e-05]
 [-1.2664795e-03  1.3446808e-04 -2.7084351e-04 ...  1.0070801e-03
  -2.0980835e-04 -4.3392181e-05]]
--y_test--
['norm' 'mali' 'mali' 'norm' 'norm' 'norm']
--X_train--
[[ 5.2269548e-05  7.9517061e-04 -1.8555019e-03 ... -1.3865125e-03
   9.5192454e-04  5.5528595e-05]
 [ 9.4506436e-04  1.2161882e-03 -1.6106172e-03 ...  1.8333219e-04
   6.3793577e-04 -1.3553025e-03]
 [ 2.7119290e-04  1.8108977e-04 -4.8088803e-04 ... -6.7235820e-04
   7.0198189e-04 -4.9472187e-04]
 ...
 [ 7.8228454e-04  1.1341796e-03 -1.1317033e-03 ... -7.8071706e-04
   1.7789239e-03  7.0524693e-04]
 [ 8.5893221e-04  9.6642785e-04 -1.5398089e-03 ... -2.6550799e-04
   8.1922370e-04 -1.1779749e-03]
 [ 5.8330770e-05  1.0542605e-03 -1.0898579e-03 ... -2.1683017e-04
   1.4698039e-03 -8.4119168e-04]]
--y_train--
['mali' 'norm' 'mali' 'mali' 'mali' 'norm' 'norm' 'mali' 'norm' 'mali'
 'norm' 'mali' 'mali' 'norm']
--X_test--
[[ 1.08725822e-03  1.17703434e-03 -1.07356638e-03 ... -6.90884364e-04
   1.44260633e-03 -3.86820175e-04]
 [ 1.08008925e-03  1.11821969e-03 -1.35749648e-03 ... -1.70562940e-04
  -7.52745895e-04 -8.90185329e-05]
 [ 2.04752851e-03  2.95904046e-03 -5.87916817e-04 ...  1.29412103e-03
  -8.18591041e-04 -1.43483141e-03]
 [-6.89447159e-04  1.98042276e-03 -5.84390014e-04 ... -7.42005650e-04
   1.16245414e-04 -6.01289270e-04]
 [ 6.78839220e-04  7.98925117e-04 -1.46629929e-03 ...  1.93026033e-04
   8.47616117e-04 -6.30717259e-04]
 [ 3.47743568e-04  1.51935825e-03 -1.44861185e-03 ... -9.74396185e-04
   1.23789592e-03 -1.01596816e-03]]
--y_test--
['norm' 'mali' 'mali' 'norm' 'norm' 'norm']
--X_train--
[[ 0.00394792 -0.00116688 -0.00159843 ... -0.00351085  0.00402406
   0.00035029]
 [ 0.00516334  0.00107264 -0.00133181 ...  0.00048375  0.00110776
   0.00124211]
 [ 0.00334573 -0.00129028 -0.00026218 ... -0.00072401  0.00086969
   0.00022741]
 ...
 [ 0.00376773  0.00069232 -0.00123169 ...  0.00275544  0.00519518
   0.00527755]
 [ 0.00743762  0.00174508  0.00094541 ... -0.00263884  0.00398792
   0.00062975]
 [ 0.00435772  0.00349416  0.00036663 ...  0.00052552 -0.00074663
  -0.00192314]]
--y_train--
['mali' 'norm' 'mali' 'mali' 'mali' 'norm' 'norm' 'mali' 'norm' 'mali'
 'norm' 'mali' 'mali' 'norm']
--X_test--
[[ 6.3164593e-03  1.4274509e-03 -1.9679023e-03 ... -2.1912518e-04
   1.9625335e-03 -1.1653103e-03]
 [ 4.5459257e-03  3.5044164e-03 -1.5467962e-03 ... -8.4234099e-04
   2.0746056e-03  1.1081201e-03]
 [ 5.1889946e-03  1.2233651e-03 -2.5802134e-03 ... -1.2578050e-03
   1.4676680e-03  5.3414586e-04]
 [ 2.6206430e-03 -7.9813611e-04  1.0410987e-03 ... -1.7389364e-05
  -1.5463962e-03  2.1253615e-03]
 [ 5.4960037e-03  5.4908730e-04  1.1922745e-03 ... -1.1802060e-03
  -1.6028828e-03  6.4457883e-04]
 [ 4.9553243e-03 -6.4060581e-04 -2.1877035e-04 ...  3.7858309e-04
   6.6403544e-04  1.7846436e-03]]
--y_test--
['norm' 'mali' 'mali' 'norm' 'norm' 'norm']
--X_train--
[[ 0.00554858 -0.00299919  0.00085869 ... -0.00633415  0.00101295
   0.00435006]
 [ 0.01218916  0.00015565 -0.00179906 ...  0.00333701 -0.00147564
   0.00277517]
 [ 0.00493169 -0.00183412  0.00280332 ... -0.00297494  0.0014375
   0.00392178]
 ...
 [ 0.00776872 -0.00112655  0.00050344 ...  0.00051099  0.00112567
   0.00229483]
 [ 0.00682896  0.00555886  0.0027494  ... -0.00572384 -0.0008862
   0.00398724]
 [ 0.00644585  0.0019051  -0.00025604 ...  0.00122495 -0.00758789
   0.00049286]]
--y_train--
['mali' 'norm' 'mali' 'mali' 'mali' 'norm' 'norm' 'mali' 'norm' 'mali'
 'norm' 'mali' 'mali' 'norm']
--X_test--
[[ 1.1493599e-02 -1.2851561e-03 -3.7901718e-03 ... -8.2638441e-04
  -3.3421996e-03  2.3968355e-03]
 [ 8.0720866e-03  8.6119585e-03 -1.6867982e-03 ... -6.7099725e-04
  -5.3376816e-03  4.1265734e-03]
 [ 6.4236536e-03  1.7360026e-03 -1.3839323e-03 ... -3.8671389e-03
  -4.4685542e-03  1.0428671e-04]
 [ 4.5888443e-03  1.7212812e-03  1.1933385e-05 ... -8.8523678e-04
  -4.2651882e-03  4.0552905e-04]
 [ 6.8544233e-03 -2.3997247e-03  1.4988293e-03 ... -8.7694515e-04
  -4.6464382e-03 -4.0880898e-03]
 [ 6.1033126e-03  2.4229544e-03  7.3758652e-04 ...  7.5511343e-04
  -4.3809381e-03  5.4167402e-03]]
--y_test--
['norm' 'mali' 'mali' 'norm' 'norm' 'norm']
--X_train--
[[ 0.00225897 -0.00515889 -0.00518452 ... -0.00824882  0.00046928
   0.00240094]
 [ 0.00749407 -0.00217033 -0.00356587 ...  0.00500932 -0.00333185
   0.00506484]
 [ 0.00421168 -0.00123277 -0.00021376 ... -0.0042354   0.00387161
   0.00010979]
 ...
 [ 0.00118514  0.0062051  -0.00074501 ... -0.00356782 -0.00097804
   0.00264038]
 [ 0.00269883 -0.00357508  0.00030405 ... -0.01551506 -0.00029515
   0.0005395 ]
 [ 0.00166062 -0.0005096  -0.00328742 ...  0.00246541 -0.00364678
   0.00548729]]
--y_train--
['mali' 'norm' 'mali' 'mali' 'mali' 'norm' 'norm' 'mali' 'norm' 'mali'
 'norm' 'mali' 'mali' 'norm']
--X_test--
[[ 9.2546633e-03  2.6739165e-03 -7.9090381e-03 ... -5.5341413e-03
  -2.3739014e-03 -2.3502135e-04]
 [ 7.7597722e-03  6.6789882e-03  6.1704079e-05 ... -4.4245538e-04
  -4.4645597e-03  9.9234991e-03]
 [ 1.6857963e-03  1.1658657e-03 -1.1304354e-03 ... -6.7614261e-03
  -3.5678588e-03 -6.8155853e-03]
 [ 3.5655936e-03  6.7269159e-03 -2.9635800e-03 ...  6.3640573e-03
   3.8985917e-03 -1.1045558e-03]
 [ 5.8238748e-03 -5.8492054e-03 -3.1220536e-03 ...  1.1098068e-03
   1.4516059e-05 -8.0719683e-03]
 [ 4.9995231e-03 -4.1878978e-03  1.4589299e-03 ...  2.6871683e-03
  -6.7356741e-03  7.8707216e-03]]
--y_test--
['norm' 'mali' 'mali' 'norm' 'norm' 'norm']
--X_train--
[[-0.00230794 -0.01544825 -0.00484218 ...  0.00304983  0.01289083
   0.00697011]
 [ 0.00356469 -0.00850028  0.00461443 ...  0.02627612  0.00469643
   0.00894124]
 [-0.00366138  0.00248075  0.00036478 ...  0.00434999  0.02143301
   0.00896253]
 ...
 [-0.0167896   0.00222864 -0.00288365 ...  0.01278684  0.0156562
   0.01033928]
 [-0.00513864 -0.00582213  0.01243107 ... -0.008434    0.00160079
   0.00993634]
 [-0.00193631 -0.00796185  0.01124137 ...  0.01847611  0.01472502
   0.00944101]]
--y_train--
['mali' 'norm' 'mali' 'mali' 'mali' 'norm' 'norm' 'mali' 'norm' 'mali'
 'norm' 'mali' 'mali' 'norm']
--X_test--
[[ 9.72316228e-03 -1.56521983e-03 -2.96799466e-04 ...  2.46076565e-03
   5.88043407e-03  6.28104107e-03]
 [-3.96036729e-03 -5.29072015e-03  1.02990307e-02 ...  9.61433165e-03
   3.35118361e-03  1.35862753e-02]
 [-7.43339863e-03 -2.64959806e-03  9.11740586e-03 ...  6.50275871e-03
   6.94954582e-03 -1.38366595e-05]
 [ 1.12724975e-02  1.15517676e-02  4.67863400e-03 ...  1.10592768e-02
   6.68871449e-04 -2.57339864e-03]
 [ 1.12849083e-02 -7.26069324e-03  6.72866125e-03 ...  1.06952144e-02
   1.46242492e-02  1.36349658e-02]
 [-4.12097201e-03 -1.52718900e-02  7.92012271e-03 ...  1.64279733e-02
   2.03513890e-03  1.75319016e-02]]
--y_test--
['norm' 'mali' 'mali' 'norm' 'norm' 'norm']
--X_train--
[[-7.52604473e-03 -1.34026390e-02 -1.21802073e-02 ...  8.38369783e-03
  -7.57279713e-03  1.17082791e-02]
 [ 1.01141613e-02  9.50770918e-05  4.75775357e-03 ...  2.68245414e-02
  -1.26650278e-03  1.25071649e-02]
 [-6.77624717e-03  1.71359710e-03  3.72111239e-03 ...  1.31889693e-02
   1.68080516e-02  3.21643054e-03]
 ...
 [-2.32361071e-02 -8.50330479e-03  1.31862320e-03 ...  1.97964422e-02
   5.72564639e-03  1.07006356e-03]
 [-2.05284934e-02 -2.15968713e-02  1.18903741e-02 ...  2.95741484e-04
  -7.06624705e-03 -1.16661005e-02]
 [-2.93735452e-02  1.40582090e-02  2.01466419e-02 ...  2.23425999e-02
   1.68460310e-02  8.78527667e-03]]
--y_train--
['mali' 'norm' 'mali' 'mali' 'mali' 'norm' 'norm' 'mali' 'norm' 'mali'
 'norm' 'mali' 'mali' 'norm']
--X_test--
[[-0.01092355  0.02686767  0.01036559 ...  0.00963797  0.00495254
   0.00037891]
 [ 0.0007685   0.01269681  0.01780614 ...  0.01950238 -0.00538904
  -0.000955  ]
 [-0.01535669 -0.00183042  0.0195649  ...  0.01141389 -0.00787231
  -0.01141838]
 [ 0.01718477  0.0196326   0.00547266 ...  0.01473983  0.0025686
   0.00014922]
 [ 0.00026317 -0.00446695  0.01801363 ...  0.01038246 -0.00863836
  -0.00202811]
 [ 0.01151045 -0.00694857  0.00610595 ...  0.03233041 -0.01866122
   0.00486616]]
--y_test--
['norm' 'mali' 'mali' 'norm' 'norm' 'norm']
--X_train--
[[ 0.01416822 -0.0086325   0.00424563 ... -0.00505492  0.00070462
   0.00792366]
 [ 0.00167768 -0.02374197 -0.00129103 ...  0.00585315 -0.0046831
   0.02398913]
 [ 0.0022959   0.01221179  0.01560509 ...  0.00448792  0.00145878
  -0.01024698]
 ...
 [-0.03257588  0.00888844  0.01881975 ...  0.00262337 -0.00359472
  -0.02372143]
 [-0.03632466 -0.01159627  0.00710684 ... -0.02477472 -0.01158689
  -0.01637797]
 [-0.01870066  0.02554692  0.01805033 ...  0.01240074  0.02184221
   0.02562979]]
--y_train--
['mali' 'norm' 'mali' 'mali' 'mali' 'norm' 'norm' 'mali' 'norm' 'mali'
 'norm' 'mali' 'mali' 'norm']
--X_test--
[[-0.00944727  0.02378028  0.02202613 ... -0.00402319  0.01400011
  -0.00197393]
 [-0.00053186  0.02638904  0.016284   ...  0.00458291 -0.01466341
   0.00163114]
 [-0.04058455 -0.0106939   0.0257785  ... -0.01306722 -0.0210357
  -0.01083741]
 [ 0.00251665  0.02799334 -0.00668474 ... -0.00147225 -0.00876598
   0.00877802]
 [ 0.01983455  0.0114863   0.01887499 ...  0.01714531  0.01430546
  -0.00642179]
 [-0.00519072 -0.00251484  0.00604422 ...  0.00367076 -0.01258242
   0.02850989]]
--y_test--
['norm' 'mali' 'mali' 'norm' 'norm' 'norm']
--X_train--
[[-0.00506702 -0.00980667  0.0120397  ...  0.01675078 -0.02566992
   0.00590123]
 [-0.0118446  -0.01649978  0.00479197 ...  0.00966885  0.01983963
   0.03293482]
 [-0.00480626 -0.00229498  0.01920791 ... -0.00475143 -0.0142492
   0.00377394]
 ...
 [-0.02999164 -0.00182285  0.0222926  ...  0.01168602 -0.02085762
  -0.00937966]
 [-0.04112934 -0.01665064  0.03158201 ... -0.01348978 -0.04548537
   0.02020125]
 [-0.01434387  0.03544421  0.01793647 ...  0.03276139  0.02122846
   0.02831684]]
--y_train--
['mali' 'norm' 'mali' 'mali' 'mali' 'norm' 'norm' 'mali' 'norm' 'mali'
 'norm' 'mali' 'mali' 'norm']
--X_test--
[[-0.04730434  0.02894453  0.03326788 ...  0.00152327 -0.01216013
   0.055032  ]
 [-0.01413019  0.03548977 -0.00689081 ...  0.00011611 -0.02081786
   0.01846362]
 [-0.0390908  -0.00603298  0.02268175 ... -0.00825236 -0.03856406
   0.02047171]
 [ 0.02587838  0.0158863  -0.01535839 ...  0.01423677 -0.01508828
   0.02453373]
 [-0.00471296  0.0122796   0.04661933 ...  0.00919857 -0.01369443
   0.00610704]
 [-0.02518772 -0.00767571  0.02519185 ... -0.00179312 -0.00722457
   0.05055589]]
--y_test--
['norm' 'mali' 'mali' 'norm' 'norm' 'norm']
--X_train--
[[-0.0001747  -0.00906996  0.02632648 ...  0.01064204  0.01135404
   0.00288038]
 [ 0.0081276  -0.03157045  0.05613365 ...  0.01439343  0.0666914
   0.01350345]
 [ 0.0009775   0.01662252  0.00497979 ...  0.02699585  0.00628437
   0.01095927]
 ...
 [-0.03323949  0.01467507  0.03734431 ...  0.00172544  0.00094955
   0.0004461 ]
 [-0.02475436 -0.02057971  0.01331336 ... -0.02511774 -0.04919308
   0.05070961]
 [ 0.01107466  0.03233227  0.02644081 ...  0.02470458  0.03935655
   0.02344289]]
--y_train--
['mali' 'norm' 'mali' 'mali' 'mali' 'norm' 'norm' 'mali' 'norm' 'mali'
 'norm' 'mali' 'mali' 'norm']
--X_test--
[[-0.05076453  0.03171898  0.03379823 ... -0.01301129 -0.00281806
   0.03196633]
 [-0.02029898  0.03765804 -0.0224117  ...  0.00413058 -0.0192531
   0.03320614]
 [-0.03623431 -0.00209595  0.03867277 ... -0.01067033 -0.04372976
   0.01453413]
 [ 0.02962561 -0.00043773 -0.00980874 ...  0.01351429 -0.01652754
   0.02328708]
 [ 0.01456441  0.03021644  0.01018479 ... -0.01711604 -0.00992934
   0.044326  ]
 [-0.01025548 -0.02504432  0.03471451 ... -0.03158724  0.03664666
   0.04218484]]
--y_test--
['norm' 'mali' 'mali' 'norm' 'norm' 'norm']
--X_train--
[[-0.03775907  0.02032372 -0.01229861 ...  0.01419542  0.00310553
  -0.00762769]
 [-0.00106235  0.01389522  0.03925217 ...  0.01098941  0.03695486
   0.03567277]
 [-0.01021117  0.02735392 -0.01681692 ...  0.03652943 -0.00737334
   0.02918925]
 ...
 [-0.04212776  0.02375872  0.01451289 ...  0.00702834 -0.00748092
  -0.00854949]
 [-0.01233842  0.0106778  -0.02221986 ... -0.0113235  -0.02283283
   0.03549895]
 [-0.01586307  0.04588597  0.00148351 ...  0.00456126  0.01698389
   0.03771906]]
--y_train--
['mali' 'norm' 'mali' 'mali' 'mali' 'norm' 'norm' 'mali' 'norm' 'mali'
 'norm' 'mali' 'mali' 'norm']
--X_test--
[[-0.06376377  0.042814    0.02509027 ...  0.00641201 -0.01129357
   0.06048244]
 [-0.04567981  0.04683647 -0.03159119 ... -0.00319875  0.00513682
   0.03040741]
 [-0.02312508  0.00653401  0.03378122 ... -0.00478865 -0.02854366
  -0.00987679]
 [ 0.01056747  0.0110256  -0.0058908  ...  0.01522889 -0.02935829
   0.00915507]
 [-0.02805252  0.0284876  -0.00427489 ... -0.03668541 -0.00406879
   0.05034927]
 [-0.02034486 -0.02092154  0.01620118 ... -0.03354371 -0.00588809
   0.06609491]]
--y_test--
['norm' 'mali' 'mali' 'norm' 'norm' 'norm']
--X_train--
[[-0.0252696  -0.0056073  -0.02333985 ... -0.00436443 -0.01795755
   0.02082515]
 [-0.01967328  0.00468945  0.036942   ...  0.01833697 -0.01477817
  -0.00175034]
 [-0.01853892  0.02253553 -0.00217956 ...  0.03777286 -0.03100586
   0.02042691]
 ...
 [-0.0619651   0.03114996  0.00943061 ...  0.01375489 -0.02246075
  -0.02775913]
 [-0.00499337  0.0022689  -0.03220369 ...  0.00491415 -0.0407646
   0.02268935]
 [-0.02733707  0.02415961 -0.00922203 ...  0.00741079  0.02358845
   0.04841086]]
--y_train--
['mali' 'norm' 'mali' 'mali' 'mali' 'norm' 'norm' 'mali' 'norm' 'mali'
 'norm' 'mali' 'mali' 'norm']
--X_test--
[[-0.05745584  0.03555245  0.0510618  ... -0.02030501 -0.00650162
   0.04512124]
 [-0.06147889  0.02321576 -0.04657704 ... -0.01143054  0.01133098
   0.05031267]
 [-0.01485156  0.03219534  0.01840504 ... -0.0112178  -0.0335878
   0.00379422]
 [ 0.01120358  0.00967029 -0.00521316 ...  0.01882833 -0.01612377
  -0.02759081]
 [-0.02884512  0.04919471  0.02387344 ... -0.02209248 -0.00294317
   0.03896927]
 [-0.01707528 -0.00868479  0.02164798 ... -0.00537807 -0.01188747
   0.07217968]]
--y_test--
['norm' 'mali' 'mali' 'norm' 'norm' 'norm']
--X_train--
[[-0.02544008 -0.00500536 -0.00911095 ... -0.02482176 -0.02233106
  -0.00350662]
 [-0.02311468  0.04356965  0.03151903 ...  0.03055129  0.00498109
  -0.02739133]
 [-0.00541895 -0.01040125 -0.01951584 ...  0.03864066 -0.0018243
   0.04653641]
 ...
 [-0.06498178  0.01561083  0.01803564 ...  0.0204511   0.00055622
  -0.04778646]
 [-0.00187522 -0.00233002 -0.03382345 ... -0.00918322 -0.00271127
  -0.00547211]
 [-0.0196233   0.04466515  0.00839737 ...  0.0067764   0.037065
   0.04874579]]
--y_train--
['mali' 'norm' 'mali' 'mali' 'mali' 'norm' 'norm' 'mali' 'norm' 'mali'
 'norm' 'mali' 'mali' 'norm']
--X_test--
[[-0.08985218  0.03772952  0.04287206 ...  0.03485578 -0.00053024
   0.03443872]
 [-0.0633043   0.00777646 -0.05345457 ... -0.04174906  0.02304528
   0.01291466]
 [-0.03130427  0.01792992  0.02234977 ... -0.03443459 -0.04678235
   0.00170545]
 [ 0.0041006   0.00636686  0.0128422  ...  0.00228799  0.00781577
  -0.02653217]
 [-0.04795025  0.04553838  0.03411797 ...  0.00024244 -0.00431862
   0.04019995]
 [-0.0164718   0.01598679  0.01395844 ...  0.00223195  0.02818372
   0.04241013]]
--y_test--
['norm' 'mali' 'mali' 'norm' 'norm' 'norm']
--X_train--
[[-0.04355939  0.02259842 -0.04869599 ... -0.02635845 -0.00298579
  -0.02420864]
 [-0.03566175  0.02723995  0.03473717 ...  0.00146496  0.0160869
  -0.05562658]
 [ 0.01145741 -0.02342525 -0.02643195 ...  0.02872924  0.01752501
  -0.00267625]
 ...
 [-0.06784064 -0.01637132  0.01027344 ...  0.02567559  0.01201934
  -0.06303935]
 [-0.03088923  0.03097534 -0.04954404 ...  0.0054659  -0.01674918
  -0.03395378]
 [-0.03357307  0.02964602 -0.01832165 ... -0.02621503  0.0661629
   0.0313512 ]]
--y_train--
['mali' 'norm' 'mali' 'mali' 'mali' 'norm' 'norm' 'mali' 'norm' 'mali'
 'norm' 'mali' 'mali' 'norm']
--X_test--
[[-0.10333303  0.02776398  0.03592325 ... -0.00418284  0.03177877
   0.00862123]
 [-0.07507609  0.01530713 -0.06658502 ... -0.03065052  0.02342996
  -0.02288562]
 [-0.03379947  0.04405633 -0.00651255 ... -0.03866334 -0.02773835
  -0.03455917]
 [-0.00589059 -0.00935212 -0.00954192 ... -0.00091603  0.0158434
  -0.04526437]
 [-0.03297658  0.02229763  0.02678646 ... -0.02109484  0.02242837
   0.01332209]
 [-0.04954717  0.00526313  0.00694374 ... -0.0304047   0.05123884
   0.00727669]]
--y_test--
['norm' 'mali' 'mali' 'norm' 'norm' 'norm']
--X_train--
[[-0.07777172  0.02932904 -0.05224374 ... -0.00540355 -0.08458424
  -0.01724951]
 [-0.06629252  0.06766658  0.04105733 ... -0.00025502 -0.03150724
  -0.0118426 ]
 [ 0.0092739  -0.01608185 -0.0749919  ...  0.00786357 -0.01048444
   0.02550017]
 ...
 [-0.05953016 -0.00035226  0.04551278 ...  0.01186623 -0.03424481
  -0.05190354]
 [-0.02904549  0.0060649  -0.02501129 ...  0.03478041 -0.05471638
  -0.01045067]
 [-0.02531515  0.04045966 -0.00934354 ... -0.02653353  0.04558239
   0.08241101]]
--y_train--
['mali' 'norm' 'mali' 'mali' 'mali' 'norm' 'norm' 'mali' 'norm' 'mali'
 'norm' 'mali' 'mali' 'norm']
--X_test--
[[-0.1400342  -0.01751145  0.03225223 ...  0.02127396 -0.01881821
   0.01203921]
 [-0.03821173  0.02588274 -0.05960584 ...  0.00555495 -0.05476858
  -0.01060617]
 [-0.0365375   0.03970692  0.0011245  ... -0.04121191 -0.05688996
  -0.01131658]
 [ 0.0162873  -0.01271319 -0.03299062 ... -0.01849364 -0.00664624
   0.00720612]
 [-0.04490409  0.06281672 -0.0112377  ...  0.00845313  0.01252673
   0.06125835]
 [-0.08794864  0.01966931 -0.0112082  ... -0.03821347 -0.01776128
   0.01453105]]
--y_test--
['norm' 'mali' 'mali' 'norm' 'norm' 'norm']
--X_train--
[[-0.1080389   0.01895946 -0.07181024 ... -0.04674564 -0.11681189
  -0.0353255 ]
 [-0.0739898   0.06891277  0.0526514  ... -0.02962033 -0.03959793
  -0.09179512]
 [-0.01325173  0.04354483 -0.05641494 ...  0.01429602 -0.06525278
  -0.05986303]
 ...
 [-0.02629573  0.04674654  0.02121887 ...  0.0135167  -0.06534252
  -0.10274322]
 [-0.01784568  0.0340763  -0.03541994 ... -0.0416291  -0.09456075
  -0.01031564]
 [-0.04249847  0.06147324  0.01019521 ... -0.04461653  0.03087733
   0.06339715]]
--y_train--
['mali' 'norm' 'mali' 'mali' 'mali' 'norm' 'norm' 'mali' 'norm' 'mali'
 'norm' 'mali' 'mali' 'norm']
--X_test--
[[-1.1079365e-01  3.8017016e-02  4.0964827e-02 ... -3.3630371e-02
  -1.1618930e-02 -8.3099585e-03]
 [-1.0096338e-03  6.7291647e-02 -5.3659271e-02 ... -2.6761096e-02
  -6.1677709e-02 -2.7399603e-02]
 [-7.3178709e-02  6.5017566e-02 -8.5628349e-03 ... -6.7912608e-02
  -9.5863789e-02 -7.5223170e-02]
 [ 1.0474967e-02  3.0769732e-02 -4.1146599e-02 ...  3.5287365e-03
  -3.3350531e-02 -3.6976207e-02]
 [-3.3667468e-02  7.3969103e-02  4.8773967e-02 ... -2.3502557e-02
  -1.1036210e-02  2.8241515e-02]
 [-3.9391220e-05 -3.8923696e-03 -7.8791771e-03 ... -7.0084706e-02
  -5.0187398e-02 -1.8122261e-02]]
--y_test--
['norm' 'mali' 'mali' 'norm' 'norm' 'norm']
--X_train--
[[-0.125233    0.0062109  -0.04578304 ... -0.056941   -0.07038356
  -0.01620664]
 [-0.02656915  0.01176313  0.01214327 ... -0.08534504 -0.04137233
  -0.09323351]
 [-0.02168929  0.04430282 -0.03470297 ... -0.00926597  0.00151668
  -0.04453358]
 ...
 [-0.06691234 -0.0014826   0.08375271 ... -0.01528263 -0.03026782
  -0.09347339]
 [-0.03665707 -0.04067976 -0.04422088 ... -0.05802688 -0.07703644
  -0.04330572]
 [-0.02618732  0.02679549  0.02654074 ... -0.08960305  0.06986193
   0.03787638]]
--y_train--
['mali' 'norm' 'mali' 'mali' 'mali' 'norm' 'norm' 'mali' 'norm' 'mali'
 'norm' 'mali' 'mali' 'norm']
--X_test--
[[-0.07207362 -0.03373857  0.02520717 ... -0.02224542  0.01432551
  -0.04909115]
 [ 0.03423551 -0.00653312  0.0102254  ... -0.00516057 -0.04306264
  -0.0573169 ]
 [-0.07622157 -0.01574028  0.0248779  ... -0.09375487 -0.06395666
  -0.11453954]
 [ 0.05483555  0.02261426  0.0106268  ... -0.02747609 -0.00605613
  -0.08390002]
 [-0.01045205  0.00658661  0.03205017 ... -0.07120737  0.08486924
   0.01052852]
 [ 0.00981614 -0.01457128  0.00469664 ... -0.10486878 -0.01149851
  -0.0318686 ]]
--y_test--
['norm' 'mali' 'mali' 'norm' 'norm' 'norm']
--X_train--
[[-1.7944935e-01 -4.9191780e-02 -3.4553967e-02 ... -1.0676405e-01
  -7.3962852e-02  9.1202054e-03]
 [-4.0233046e-02 -4.9082711e-02  1.1208152e-02 ... -1.9891989e-01
  -1.2578562e-02 -1.5158865e-01]
 [-2.7321860e-02  1.3198143e-02 -4.7089882e-02 ... -1.0595708e-01
   9.5125027e-03 -6.4043164e-02]
 ...
 [-4.5550779e-02 -4.3410197e-02  4.4525176e-02 ... -9.0151310e-02
  -1.1334028e-03 -6.9528043e-02]
 [-1.1186293e-01 -4.6841845e-02 -1.8277165e-02 ... -1.5902701e-01
  -7.2532803e-02 -2.3442060e-03]
 [-1.0734028e-01 -1.0186778e-02  2.3379624e-02 ... -1.5723112e-01
   7.9129234e-02  1.8731877e-04]]
--y_train--
['mali' 'norm' 'mali' 'mali' 'mali' 'norm' 'norm' 'mali' 'norm' 'mali'
 'norm' 'mali' 'mali' 'norm']
--X_test--
[[-1.6501322e-01 -6.3955978e-02  5.0038405e-02 ... -1.3457398e-01
   8.9493208e-02 -7.0509210e-02]
 [ 5.2640140e-03  1.7056659e-02 -8.9744814e-03 ... -9.1981739e-02
  -5.4269690e-02 -6.4633153e-02]
 [-1.0855054e-01 -2.7032394e-02  5.1390883e-02 ... -1.7391688e-01
  -7.2151355e-02 -1.4403258e-01]
 [ 5.2248672e-02 -8.6523078e-02 -4.8015453e-03 ... -1.2470141e-01
  -4.1695684e-03 -1.2896809e-01]
 [-3.6327906e-02 -7.6035252e-03  2.5854979e-02 ... -1.7892697e-01
   1.1469638e-01 -7.9764329e-02]
 [-6.9659188e-02 -1.2050915e-01 -9.7626820e-05 ... -2.1632570e-01
   6.1399478e-02 -4.2317595e-02]]
--y_test--
['norm' 'mali' 'mali' 'norm' 'norm' 'norm']
--X_train--
[[-0.26759958  0.08536297  0.02451248 ... -0.11066781 -0.06168844
  -0.09525712]
 [-0.1429278   0.02323002  0.07097321 ... -0.23265547  0.05013773
  -0.14980014]
 [-0.1212849   0.03268575  0.03886523 ... -0.12554683  0.01331352
  -0.17138514]
 ...
 [-0.14442699 -0.00643962  0.1362732  ... -0.12268953  0.01680529
  -0.07829358]
 [-0.14946514  0.04102338  0.04850077 ... -0.17595223 -0.1267052
  -0.08037491]
 [-0.16950901  0.13766189  0.14110966 ... -0.23184013  0.03911715
  -0.06328332]]
--y_train--
['mali' 'norm' 'mali' 'mali' 'mali' 'norm' 'norm' 'mali' 'norm' 'mali'
 'norm' 'mali' 'mali' 'norm']
--X_test--
[[-0.16225582  0.01581921  0.03752758 ... -0.12183872  0.0453087
  -0.07143144]
 [ 0.00840453  0.06388804  0.05445055 ... -0.09600046 -0.09688361
  -0.08624572]
 [-0.18312553  0.08698348  0.1326487  ... -0.16845109 -0.05569188
  -0.15889035]
 [-0.05490508 -0.00413195 -0.00884999 ... -0.08368307  0.03206088
  -0.1665152 ]
 [-0.1270327   0.09425133  0.13245794 ... -0.26540294  0.09021043
  -0.13622665]
 [-0.18214741  0.00654911  0.11064996 ... -0.2682376   0.07734951
  -0.05298492]]
--y_test--
['norm' 'mali' 'mali' 'norm' 'norm' 'norm']
--X_train--
[[-0.1514859   0.02947064 -0.01342965 ... -0.11046168 -0.00901914
  -0.04432189]
 [-0.08521031 -0.01525227  0.0473727  ... -0.35251117  0.1416739
  -0.05188387]
 [-0.01917348  0.01612648 -0.00715787 ... -0.17893879  0.11093763
  -0.07745811]
 ...
 [-0.10082838 -0.02669283  0.15691195 ... -0.18361154  0.11468228
  -0.03280993]
 [-0.07100902  0.00178638 -0.04929403 ... -0.25236303 -0.03973782
  -0.018802  ]
 [-0.13787131  0.12818152  0.0427196  ... -0.20723787  0.16902351
  -0.03386628]]
--y_train--
['mali' 'norm' 'mali' 'mali' 'mali' 'norm' 'norm' 'mali' 'norm' 'mali'
 'norm' 'mali' 'mali' 'norm']
--X_test--
[[-0.21843952 -0.03987521  0.02646714 ... -0.21420227  0.1682697
  -0.06357469]
 [-0.00383843  0.05190073  0.05162922 ... -0.26475874  0.01328274
  -0.11191022]
 [-0.12286121  0.00223454  0.08487651 ... -0.24536556  0.09070911
  -0.14174427]
 [-0.07237048  0.02391425 -0.04436079 ... -0.13866177  0.11363516
  -0.13761441]
 [-0.02544028  0.03979721  0.1038155  ... -0.30589914  0.23895282
  -0.17016365]
 [-0.12829448 -0.11718974  0.01103094 ... -0.3867954   0.19039053
  -0.1403268 ]]
--y_test--
['norm' 'mali' 'mali' 'norm' 'norm' 'norm']
--X_train--
[[-0.13258123  0.11485156 -0.05441403 ... -0.086747    0.07002688
   0.03289245]
 [-0.08242135  0.0380629  -0.01515143 ... -0.28979385  0.12248392
  -0.01714144]
 [-0.05079518  0.0137765  -0.0301487  ... -0.05102965  0.17572235
   0.06557982]
 ...
 [-0.15564093 -0.0432214   0.10415891 ... -0.08566654  0.09578729
   0.04299635]
 [-0.01502924 -0.04392718 -0.04596982 ... -0.18205082  0.00368137
   0.04333949]
 [-0.11177922  0.0393885   0.01386058 ... -0.34209934  0.22287726
  -0.00098423]]
--y_train--
['mali' 'norm' 'mali' 'mali' 'mali' 'norm' 'norm' 'mali' 'norm' 'mali'
 'norm' 'mali' 'mali' 'norm']
--X_test--
[[-0.12545466 -0.14234084  0.06987709 ... -0.28602645  0.30024695
  -0.0983959 ]
 [ 0.02834267 -0.00429361  0.02805364 ... -0.23106894  0.03327099
  -0.06019514]
 [-0.07492801  0.04501784  0.03585534 ... -0.14247087  0.14080599
  -0.10911585]
 [ 0.02199046 -0.00811375  0.04135484 ... -0.17122877  0.14255573
  -0.09910964]
 [ 0.08119144 -0.14132628  0.12742142 ... -0.3737903   0.22209634
  -0.22186956]
 [-0.10337463 -0.14421922 -0.04162604 ... -0.35345986  0.24057293
  -0.07809692]]
--y_test--
['norm' 'mali' 'mali' 'norm' 'norm' 'norm']
--X_train--
[[-0.06448145  0.14255135 -0.06549662 ... -0.12751609  0.04847136
  -0.03955061]
 [-0.01576323  0.03724949 -0.06559633 ... -0.3534172  -0.00083604
  -0.11816838]
 [ 0.05785944 -0.02531737 -0.1101473  ... -0.13608404  0.26591215
   0.08261846]
 ...
 [-0.07353706 -0.05385499  0.11496687 ... -0.12358199  0.1668241
  -0.07057872]
 [ 0.08610928 -0.01319032 -0.01434669 ... -0.3003027  -0.05282802
  -0.0939529 ]
 [-0.14882839 -0.00211328 -0.00743583 ... -0.46781135  0.2028265
  -0.06677812]]
--y_train--
['mali' 'norm' 'mali' 'mali' 'mali' 'norm' 'norm' 'mali' 'norm' 'mali'
 'norm' 'mali' 'mali' 'norm']
--X_test--
[[-0.12841429 -0.11141582 -0.01650064 ... -0.25884902  0.35004774
  -0.20419675]
 [ 0.06873922 -0.03332023 -0.02572495 ... -0.3060894  -0.0112358
  -0.15584566]
 [-0.00383092  0.02254815  0.06720899 ... -0.19533195  0.05760198
  -0.18995196]
 [ 0.05171784  0.00285133  0.00458649 ... -0.29986295  0.10910396
  -0.2558346 ]
 [ 0.11256351 -0.09037678  0.26464373 ... -0.504611    0.21081643
  -0.32422864]
 [-0.05890992 -0.09078909  0.00102852 ... -0.38128647  0.13774404
  -0.22767921]]
--y_test--
['norm' 'mali' 'mali' 'norm' 'norm' 'norm']
--X_train--
[[-0.1305197   0.21063212 -0.02131775 ... -0.04748886 -0.1004301
  -0.07587469]
 [-0.08804709  0.0644737  -0.03171725 ... -0.37026224 -0.11841468
  -0.08007954]
 [-0.01302634  0.04132239  0.00451353 ... -0.1798234   0.20437883
   0.10528245]
 ...
 [-0.13315575 -0.00150036  0.17561363 ... -0.16556828  0.11248358
  -0.04958665]
 [ 0.08387687  0.08132298  0.06213697 ... -0.30323258 -0.12749934
  -0.0412353 ]
 [-0.1176127   0.08945218  0.01533668 ... -0.46489564  0.16826962
  -0.00407391]]
--y_train--
['mali' 'norm' 'mali' 'mali' 'mali' 'norm' 'norm' 'mali' 'norm' 'mali'
 'norm' 'mali' 'mali' 'norm']
--X_test--
[[-0.03234328 -0.09732553  0.09445409 ... -0.20027371  0.3838042
  -0.1486461 ]
 [ 0.09946039 -0.00865204  0.10111957 ... -0.3145543  -0.04138604
  -0.13787863]
 [-0.0339856   0.03435066  0.17552081 ... -0.23075241 -0.02514631
  -0.22307397]
 [ 0.12681527  0.07622977  0.09271946 ... -0.3567939   0.09489041
  -0.15725276]
 [ 0.12002875 -0.00488101  0.3660526  ... -0.50214756  0.21702342
  -0.28491428]
 [-0.06042606 -0.01972178  0.03329296 ... -0.425272    0.09633687
  -0.15143064]]
--y_test--
['norm' 'mali' 'mali' 'norm' 'norm' 'norm']
--X_train--
[[-0.09349858  0.14863636  0.05185104 ... -0.05993116 -0.12879677
  -0.02957801]
 [-0.13272467  0.04453092  0.0670525  ... -0.35931307 -0.1469397
  -0.03391866]
 [ 0.00457464  0.08584665  0.0566005  ... -0.14101855  0.21802586
   0.09301526]
 ...
 [-0.14414635  0.03465975  0.23737888 ... -0.16995743  0.10757804
  -0.06501599]
 [ 0.04628185  0.1822643   0.11416064 ... -0.22411747 -0.16114011
  -0.01602541]
 [-0.19708666  0.14242017  0.08758301 ... -0.54312396  0.1896203
   0.01553901]]
--y_train--
['mali' 'norm' 'mali' 'mali' 'mali' 'norm' 'norm' 'mali' 'norm' 'mali'
 'norm' 'mali' 'mali' 'norm']
--X_test--
[[-0.03912963 -0.17709203  0.19553795 ... -0.16807051  0.40115315
  -0.08387899]
 [ 0.04759123  0.03391943  0.18885297 ... -0.34078854 -0.01372825
  -0.14758399]
 [-0.03093477  0.09202652  0.23021132 ... -0.18407804  0.01880561
  -0.17493297]
 [ 0.02027144  0.06747891  0.10425911 ... -0.43157473  0.13639835
  -0.09095871]
 [ 0.1531987   0.07527013  0.4256718  ... -0.5569247   0.21431012
  -0.26652125]
 [-0.07452428  0.10025799  0.1642684  ... -0.5332353   0.10517403
  -0.17474014]]
--y_test--
['norm' 'mali' 'mali' 'norm' 'norm' 'norm']
--X_train--
[[-0.26341942  0.17192578  0.07305152 ...  0.06950071 -0.2403524
   0.00602877]
 [-0.30254155  0.00903399  0.07877339 ... -0.39010084 -0.17901425
  -0.04748208]
 [-0.11487664  0.12816846  0.1029442  ... -0.06928446  0.20701694
   0.13069767]
 ...
 [-0.28114596  0.10540856  0.3252386  ... -0.07807013  0.07689481
  -0.04785751]
 [-0.14556286  0.15465991  0.15246113 ... -0.18142252 -0.16791086
  -0.00290358]
 [-0.3471076   0.21451452  0.30433366 ... -0.50910354  0.25574285
  -0.05317757]]
--y_train--
['mali' 'norm' 'mali' 'mali' 'mali' 'norm' 'norm' 'mali' 'norm' 'mali'
 'norm' 'mali' 'mali' 'norm']
--X_test--
[[-0.13473497 -0.27036455  0.10203384 ... -0.15525013  0.4303584
   0.00088698]
 [-0.06148234  0.07549018  0.2569788  ... -0.34654295 -0.03446537
  -0.07293499]
 [-0.29942492  0.13657947  0.21450597 ... -0.12605722 -0.06684722
  -0.15222928]
 [-0.16328396  0.08867013  0.13119438 ... -0.44788873  0.10842151
  -0.13884085]
 [ 0.00763897  0.11213569  0.49705535 ... -0.5241764   0.15051022
  -0.30201906]
 [-0.21768934  0.16947521  0.21932147 ... -0.5613922   0.16255061
  -0.20495325]]
--y_test--
['norm' 'mali' 'mali' 'norm' 'norm' 'norm']
--X_train--
[[-0.2838037   0.2757107   0.23823662 ...  0.1057453  -0.24583092
  -0.01085703]
 [-0.30741072  0.11677261  0.12527901 ... -0.48256245 -0.10399401
  -0.10533678]
 [-0.13583423  0.15130782  0.18072149 ... -0.10418531  0.21052378
   0.16560848]
 ...
 [-0.23615491  0.22038871  0.4403177  ... -0.06142544  0.12039923
  -0.05955163]
 [-0.14342389  0.28454077  0.2896583  ... -0.11124352 -0.25486833
   0.03744882]
 [-0.2580341   0.24412012  0.37072855 ... -0.44918296  0.15357175
   0.02407335]]
--y_train--
['mali' 'norm' 'mali' 'mali' 'mali' 'norm' 'norm' 'mali' 'norm' 'mali'
 'norm' 'mali' 'mali' 'norm']
--X_test--
[[ 0.10409416 -0.28000498  0.04945899 ... -0.16925378  0.44919536
   0.0924056 ]
 [ 0.0101752   0.16914368  0.32486427 ... -0.35778612 -0.04787186
  -0.06162196]
 [-0.24984188  0.35201883  0.3350901  ... -0.16664748 -0.08254533
  -0.11619035]
 [-0.10041364  0.1580107   0.23354451 ... -0.43150803  0.04758769
  -0.12223233]
 [ 0.01689436  0.11433408  0.62061447 ... -0.4778363   0.15496375
  -0.18190601]
 [-0.19557208  0.20025979  0.31174487 ... -0.5823519   0.10016196
  -0.08119695]]
--y_test--
['norm' 'mali' 'mali' 'norm' 'norm' 'norm']
--X_train--
[[-0.19773203  0.4212243   0.32353973 ...  0.06873455 -0.20861831
  -0.10548206]
 [-0.26422423  0.21883747  0.2390405  ... -0.5640331  -0.15369141
  -0.26182488]
 [-0.00991762  0.21711296  0.31009626 ... -0.12049203  0.15779561
   0.07708678]
 ...
 [-0.17106307  0.37958792  0.5720546  ... -0.16309685  0.04770757
  -0.11701298]
 [-0.11865947  0.35457778  0.4245542  ... -0.11552948 -0.26606056
   0.05325356]
 [-0.1776208   0.24564755  0.5570557  ... -0.5135512   0.23983088
   0.00375176]]
--y_train--
['mali' 'norm' 'mali' 'mali' 'mali' 'norm' 'norm' 'mali' 'norm' 'mali'
 'norm' 'mali' 'mali' 'norm']
--X_test--
[[ 0.32278383 -0.36025366  0.19423158 ... -0.19250916  0.4769929
   0.04482826]
 [ 0.09268641  0.2152426   0.49661413 ... -0.42784443 -0.07467367
  -0.12388974]
 [-0.22901872  0.4589439   0.4689362  ... -0.24311256 -0.1154673
  -0.14422658]
 [-0.08784363  0.2543397   0.2755543  ... -0.5015168   0.04361929
  -0.18900062]
 [ 0.10065328  0.03700735  0.65994275 ... -0.5607118   0.16084456
  -0.14064053]
 [-0.11945498  0.2918495   0.41360155 ... -0.6770188   0.06894793
  -0.10509029]]
--y_test--
['norm' 'mali' 'mali' 'norm' 'norm' 'norm']
--X_train--
[[-0.13659947  0.42826054  0.292427   ... -0.01532441 -0.36265817
  -0.0956976 ]
 [-0.32606626  0.29941896  0.25536323 ... -0.71357626 -0.2068025
  -0.23910764]
 [ 0.03668547  0.18080194  0.2745176  ... -0.21945694  0.08821011
   0.18210852]
 ...
 [-0.12414238  0.31010175  0.6042876  ... -0.2780217  -0.03308453
  -0.15853253]
 [-0.04096185  0.31187928  0.5372048  ... -0.17039675 -0.3895706
   0.10571778]
 [-0.12080478  0.2684328   0.60324055 ... -0.6227127   0.24020186
   0.0704914 ]]
--y_train--
['mali' 'norm' 'mali' 'mali' 'mali' 'norm' 'norm' 'mali' 'norm' 'mali'
 'norm' 'mali' 'mali' 'norm']
--X_test--
[[ 0.33758947 -0.27967405  0.30212465 ... -0.21848902  0.35289407
   0.00147914]
 [ 0.167384    0.15430836  0.5513405  ... -0.38059846 -0.31387213
  -0.10145733]
 [-0.20513718  0.4477942   0.5075656  ... -0.2782489  -0.25390837
  -0.11607091]
 [-0.13239804  0.24721712  0.27179024 ... -0.61776793 -0.14316289
  -0.19867061]
 [ 0.15125234  0.05132645  0.62996703 ... -0.638732    0.14295998
  -0.05331211]
 [-0.12530589  0.31107306  0.38402516 ... -0.701798   -0.00400182
  -0.11568511]]
--y_test--
['norm' 'mali' 'mali' 'norm' 'norm' 'norm']
--X_train--
[[ 0.03082154  0.5351868   0.18987732 ... -0.03812661 -0.3656359
   0.02696319]
 [-0.33486083  0.24281612  0.05337512 ... -0.75512207 -0.21771462
  -0.24739982]
 [ 0.12459473  0.13891163  0.18362032 ... -0.21159688  0.07915798
   0.2995717 ]
 ...
 [ 0.011649    0.15048979  0.4616418  ... -0.27031922 -0.07097521
  -0.09762406]
 [ 0.0568012   0.33424342  0.5140328  ... -0.15037039 -0.41661257
   0.20572118]
 [ 0.0553131   0.26174873  0.48646107 ... -0.5150958   0.17958066
   0.07265337]]
--y_train--
['mali' 'norm' 'mali' 'mali' 'mali' 'norm' 'norm' 'mali' 'norm' 'mali'
 'norm' 'mali' 'mali' 'norm']
--X_test--
[[ 0.47610793 -0.36083484  0.15512557 ... -0.09656814  0.39101827
   0.03400225]
 [ 0.2609269   0.09965438  0.4348571  ... -0.43485445 -0.3379041
  -0.04221206]
 [-0.09999761  0.3558987   0.33162498 ... -0.32404348 -0.21854329
  -0.01859033]
 [-0.14238012  0.31609872  0.2312042  ... -0.60809666 -0.18907873
  -0.1805225 ]
 [ 0.10971642  0.03777305  0.6523299  ... -0.6608006   0.1687531
  -0.0360533 ]
 [ 0.01161285  0.26904485  0.26637113 ... -0.5801422   0.01778689
  -0.04399139]]
--y_test--
['norm' 'mali' 'mali' 'norm' 'norm' 'norm']
--X_train--
[[ 0.02392074  0.5792157   0.3108964  ...  0.03300542 -0.5312294
   0.19287908]
 [-0.29783806  0.26751906  0.10592143 ... -0.85671717 -0.29432508
  -0.29174602]
 [ 0.12255925  0.02958113  0.24686559 ... -0.28962815 -0.020408
   0.38284293]
 ...
 [ 0.04370822  0.04710926  0.4536021  ... -0.3876397  -0.20733947
  -0.05260105]
 [ 0.12850448  0.44854122  0.67703927 ... -0.21706966 -0.5829824
   0.22811162]
 [ 0.18385033  0.21539524  0.6659265  ... -0.64050245  0.13621622
   0.01068528]]
--y_train--
['mali' 'norm' 'mali' 'mali' 'mali' 'norm' 'norm' 'mali' 'norm' 'mali'
 'norm' 'mali' 'mali' 'norm']
--X_test--
[[ 0.47972137 -0.45805705  0.07480721 ... -0.16808845  0.35776657
  -0.0748623 ]
 [ 0.34240514  0.06407075  0.43859917 ... -0.5336864  -0.46605146
   0.09804198]
 [-0.04451168  0.38513112  0.43138802 ... -0.3913046  -0.4907457
  -0.05011106]
 [ 0.07024504  0.5058951   0.32253397 ... -0.68452984 -0.22453573
  -0.14671913]
 [ 0.19871339  0.05685519  0.9525887  ... -0.83102024  0.23403811
  -0.0392132 ]
 [ 0.11588573  0.25303456  0.3278588  ... -0.6263187   0.04864961
  -0.050789  ]]
--y_test--
['norm' 'mali' 'mali' 'norm' 'norm' 'norm']
--X_train--
[[ 0.09482068  0.7646173   0.27444962 ...  0.34603405 -0.79443574
   0.2764927 ]
 [-0.41801643  0.42931926  0.12498119 ... -0.7461697  -0.3294072
  -0.16529568]
 [-0.08562051  0.18764445  0.22626016 ... -0.28542924 -0.11507243
   0.6847441 ]
 ...
 [-0.07406066  0.19110079  0.41711202 ... -0.36339167 -0.29053864
   0.0521073 ]
 [ 0.14844747  0.67813003  0.78163815 ... -0.07517087 -0.6711545
   0.31240398]
 [ 0.085216    0.40034133  0.89396286 ... -0.7455876   0.12133674
   0.16176236]]
--y_train--
['mali' 'norm' 'mali' 'mali' 'mali' 'norm' 'norm' 'mali' 'norm' 'mali'
 'norm' 'mali' 'mali' 'norm']
--X_test--
[[ 0.7152357  -0.46490014  0.34706765 ...  0.02519406  0.5035614
  -0.01731626]
 [ 0.3142848  -0.10104132  0.52430713 ... -0.542213   -0.49601635
   0.22275215]
 [-0.22122526  0.66014576  0.48382926 ... -0.27111605 -0.5667689
   0.01526113]
 [-0.08247066  0.5440607   0.35728002 ... -0.59340715 -0.19378084
   0.06907821]
 [ 0.1635918   0.02382414  1.0690708  ... -0.8605925   0.22611572
   0.13291287]
 [ 0.04422025  0.52273834  0.3291434  ... -0.57161283  0.06585467
   0.0293734 ]]
--y_test--
['norm' 'mali' 'mali' 'norm' 'norm' 'norm']
--X_train--
[[ 0.03097958  0.79373413  0.37582967 ...  0.41492927 -0.8672555
   0.13540335]
 [-0.2724624   0.42612788 -0.02678324 ... -0.7038742  -0.51194966
  -0.13285331]
 [-0.19276461  0.2638611   0.19061689 ... -0.13662797 -0.09951513
   0.7360355 ]
 ...
 [-0.07679708  0.23959586  0.48175973 ... -0.3197154  -0.34400582
   0.04014799]
 [ 0.43858802  0.5314557   0.692237   ... -0.00315692 -0.91759187
   0.16464333]
 [-0.0278863   0.4564839   0.93739    ... -0.74291205  0.17347966
   0.24193889]]
--y_train--
['mali' 'norm' 'mali' 'mali' 'mali' 'norm' 'norm' 'mali' 'norm' 'mali'
 'norm' 'mali' 'mali' 'norm']
--X_test--
[[ 0.71618676 -0.40989852  0.36155438 ...  0.27201334  0.3643235
   0.0274682 ]
 [ 0.6613239  -0.28439167  0.3957803  ... -0.51577866 -0.5666065
   0.20347463]
 [-0.1418946   0.5655613   0.39226356 ... -0.24049872 -0.73409796
  -0.08657542]
 [-0.0801997   0.41075832  0.45405918 ... -0.4176002  -0.29923743
   0.14794528]
 [ 0.21905155 -0.02314341  1.0237793  ... -0.7461343   0.18127467
   0.1839155 ]
 [ 0.1600639   0.52907914  0.21741837 ... -0.6517129  -0.0910324
   0.09973925]]
--y_test--
['norm' 'mali' 'mali' 'norm' 'norm' 'norm']
--X_train--
[[ 3.1039824   5.7377267   4.410406   ...  2.820892   -9.362255
   0.6399403 ]
 [ 0.8376511   4.0193443  -0.78683543 ... -6.7545824  -4.95872
  -2.351209  ]
 [ 1.9255974   2.2564921   2.3392563  ...  0.20331705 -1.0555665
   5.8913336 ]
 ...
 [ 3.379827    2.2981477   5.908661   ... -2.9632108  -2.8251219
  -0.32237846]
 [ 6.9171042   4.7432747   5.326649   ...  0.5308269  -8.902758
   0.4805479 ]
 [ 2.214801    5.410887   10.111719   ... -4.970226    3.532333
   0.7523651 ]]
--y_train--
['mali' 'norm' 'mali' 'mali' 'mali' 'norm' 'norm' 'mali' 'norm' 'mali'
 'norm' 'mali' 'mali' 'norm']
--X_test--
[[10.121949   -4.2747      1.865211   ...  4.18905     5.3015027
  -1.9723519 ]
 [10.412469   -3.9377275   2.9523206  ... -3.7481122  -7.436528
  -0.41829333]
 [ 2.548199    6.803169    2.7961075  ... -0.38059762 -7.608052
  -0.7982518 ]
 [ 1.8983122   2.2875116   3.9399278  ... -0.5689066  -2.5502298
   0.40100515]
 [ 4.8446355  -1.2391217   8.9693575  ... -3.9772885   1.8835794
   2.1091132 ]
 [ 4.551116    2.8887372   0.02186211 ... -4.704648   -1.0828054
  -0.25029746]]
--y_test--
['norm' 'mali' 'mali' 'norm' 'norm' 'norm']
