nohup: ignoring input
Loading checkpoint shards:   0%|          | 0/2 [00:00<?, ?it/s]Loading checkpoint shards:  50%|█████     | 1/2 [00:19<00:19, 19.90s/it]Loading checkpoint shards: 100%|██████████| 2/2 [00:25<00:00, 11.75s/it]Loading checkpoint shards: 100%|██████████| 2/2 [00:25<00:00, 12.97s/it]
WARNING:root:Some parameters are on the meta device device because they were offloaded to the cpu.
--layer--
6
--sample-num--
0
all-proba
[0.0093288 0.9906712]
y_proba_mail
0.009328796720030614
0
0.009328796720030614
--sample-num--
1
all-proba
[0.51823019 0.48176981]
y_proba_mail
0.518230190336716
0
0.518230190336716
--sample-num--
2
all-proba
[0.00818254 0.99181746]
y_proba_mail
0.008182538318347534
0
0.008182538318347534
--sample-num--
3
all-proba
[0.02565542 0.97434458]
y_proba_mail
0.025655422515221796
0
0.025655422515221796
--sample-num--
4
all-proba
[0.78425797 0.21574203]
y_proba_mail
0.7842579739153508
0
0.7842579739153508
--sample-num--
5
all-proba
[0.00522044 0.99477956]
y_proba_mail
0.005220436033890455
0
0.005220436033890455
--sample-num--
6
all-proba
[0.85289577 0.14710423]
y_proba_mail
0.8528957703335277
0
0.8528957703335277
--layer--
7
--sample-num--
0
all-proba
[0.04983866 0.95016134]
y_proba_mail
0.049838663958797345
0.009328796720030614
0.05916746067882796
--sample-num--
1
all-proba
[0.65462854 0.34537146]
y_proba_mail
0.6546285387224661
0.518230190336716
1.172858729059182
--sample-num--
2
all-proba
[0.02640465 0.97359535]
y_proba_mail
0.026404651277105062
0.008182538318347534
0.034587189595452594
--sample-num--
3
all-proba
[0.05870314 0.94129686]
y_proba_mail
0.058703135010285144
0.025655422515221796
0.08435855752550694
--sample-num--
4
all-proba
[0.85517206 0.14482794]
y_proba_mail
0.8551720595887233
0.7842579739153508
1.6394300335040741
--sample-num--
5
all-proba
[0.01854725 0.98145275]
y_proba_mail
0.018547250360543267
0.005220436033890455
0.02376768639443372
--sample-num--
6
all-proba
[0.85164273 0.14835727]
y_proba_mail
0.8516427301019996
0.8528957703335277
1.7045385004355273
--layer--
8
--sample-num--
0
all-proba
[0.03009908 0.96990092]
y_proba_mail
0.03009908300584942
0.05916746067882796
0.08926654368467737
--sample-num--
1
all-proba
[0.55186632 0.44813368]
y_proba_mail
0.5518663236142897
1.172858729059182
1.7247250526734716
--sample-num--
2
all-proba
[0.01223674 0.98776326]
y_proba_mail
0.01223673849478459
0.034587189595452594
0.04682392809023719
--sample-num--
3
all-proba
[0.05062082 0.94937918]
y_proba_mail
0.050620822953507644
0.08435855752550694
0.1349793804790146
--sample-num--
4
all-proba
[0.96090858 0.03909142]
y_proba_mail
0.9609085829604006
1.6394300335040741
2.600338616464475
--sample-num--
5
all-proba
[0.01431885 0.98568115]
y_proba_mail
0.014318847027492558
0.02376768639443372
0.03808653342192628
--sample-num--
6
all-proba
[0.88273769 0.11726231]
y_proba_mail
0.882737689695988
1.7045385004355273
2.587276190131515
--layer--
9
--sample-num--
0
all-proba
[0.03616672 0.96383328]
y_proba_mail
0.0361667216540304
0.08926654368467737
0.12543326533870777
--sample-num--
1
all-proba
[0.65593803 0.34406197]
y_proba_mail
0.6559380341591465
1.7247250526734716
2.380663086832618
--sample-num--
2
all-proba
[0.01768664 0.98231336]
y_proba_mail
0.017686639812799783
0.04682392809023719
0.06451056790303697
--sample-num--
3
all-proba
[0.0513085 0.9486915]
y_proba_mail
0.051308496898503995
0.1349793804790146
0.1862878773775186
--sample-num--
4
all-proba
[0.95484071 0.04515929]
y_proba_mail
0.9548407142917743
2.600338616464475
3.555179330756249
--sample-num--
5
all-proba
[0.02036907 0.97963093]
y_proba_mail
0.020369066273358532
0.03808653342192628
0.05845559969528481
--sample-num--
6
all-proba
[0.90230532 0.09769468]
y_proba_mail
0.902305324837202
2.587276190131515
3.4895815149687173
--layer--
10
--sample-num--
0
all-proba
[0.04411801 0.95588199]
y_proba_mail
0.044118007808789474
0.12543326533870777
0.16955127314749724
--sample-num--
1
all-proba
[0.57189502 0.42810498]
y_proba_mail
0.5718950213235772
2.380663086832618
2.9525581081561953
--sample-num--
2
all-proba
[0.0195035 0.9804965]
y_proba_mail
0.019503500256968336
0.06451056790303697
0.08401406816000531
--sample-num--
3
all-proba
[0.06857644 0.93142356]
y_proba_mail
0.06857643776883077
0.1862878773775186
0.25486431514634933
--sample-num--
4
all-proba
[0.96786226 0.03213774]
y_proba_mail
0.9678622590824418
3.555179330756249
4.523041589838691
--sample-num--
5
all-proba
[0.030792 0.969208]
y_proba_mail
0.03079199814064384
0.05845559969528481
0.08924759783592866
--sample-num--
6
all-proba
[0.9268246 0.0731754]
y_proba_mail
0.9268246004888067
3.4895815149687173
4.416406115457524
--layer--
11
--sample-num--
0
all-proba
[0.05207583 0.94792417]
y_proba_mail
0.05207583460371947
0.16955127314749724
0.22162710775121672
--sample-num--
1
all-proba
[0.58144544 0.41855456]
y_proba_mail
0.5814454418125681
2.9525581081561953
3.534003549968763
--sample-num--
2
all-proba
[0.02149792 0.97850208]
y_proba_mail
0.021497917423114205
0.08401406816000531
0.10551198558311951
--sample-num--
3
all-proba
[0.10675658 0.89324342]
y_proba_mail
0.10675658210335856
0.25486431514634933
0.3616208972497079
--sample-num--
4
all-proba
[0.95164358 0.04835642]
y_proba_mail
0.9516435823279271
4.523041589838691
5.474685172166618
--sample-num--
5
all-proba
[0.02781066 0.97218934]
y_proba_mail
0.027810663767378938
0.08924759783592866
0.1170582616033076
--sample-num--
6
all-proba
[0.94623243 0.05376757]
y_proba_mail
0.9462324324008159
4.416406115457524
5.36263854785834
--layer--
12
--sample-num--
0
all-proba
[0.08239542 0.91760458]
y_proba_mail
0.08239541531540695
0.22162710775121672
0.3040225230666237
--sample-num--
1
all-proba
[0.63150348 0.36849652]
y_proba_mail
0.631503479706318
3.534003549968763
4.165507029675081
--sample-num--
2
all-proba
[0.03356514 0.96643486]
y_proba_mail
0.03356514326800532
0.10551198558311951
0.13907712885112483
--sample-num--
3
all-proba
[0.16185874 0.83814126]
y_proba_mail
0.16185874213207754
0.3616208972497079
0.5234796393817854
--sample-num--
4
all-proba
[0.95226575 0.04773425]
y_proba_mail
0.9522657490375326
5.474685172166618
6.426950921204151
--sample-num--
5
all-proba
[0.04669685 0.95330315]
y_proba_mail
0.04669684616842515
0.1170582616033076
0.16375510777173274
--sample-num--
6
all-proba
[0.96227788 0.03772212]
y_proba_mail
0.9622778807056547
5.36263854785834
6.324916428563994
--layer--
13
--sample-num--
0
all-proba
[0.0613162 0.9386838]
y_proba_mail
0.06131619711008179
0.3040225230666237
0.3653387201767055
--sample-num--
1
all-proba
[0.62441826 0.37558174]
y_proba_mail
0.6244182595785468
4.165507029675081
4.7899252892536275
--sample-num--
2
all-proba
[0.02223387 0.97776613]
y_proba_mail
0.02223386577341999
0.13907712885112483
0.16131099462454482
--sample-num--
3
all-proba
[0.09272131 0.90727869]
y_proba_mail
0.0927213063171572
0.5234796393817854
0.6162009456989427
--sample-num--
4
all-proba
[0.96292362 0.03707638]
y_proba_mail
0.9629236207304293
6.426950921204151
7.38987454193458
--sample-num--
5
all-proba
[0.02790336 0.97209664]
y_proba_mail
0.027903364637729643
0.16375510777173274
0.19165847240946238
--sample-num--
6
all-proba
[0.96751299 0.03248701]
y_proba_mail
0.9675129919944075
6.324916428563994
7.292429420558402
--layer--
14
--sample-num--
0
all-proba
[0.07394625 0.92605375]
y_proba_mail
0.07394624807874078
0.3653387201767055
0.4392849682554463
--sample-num--
1
all-proba
[0.65724952 0.34275048]
y_proba_mail
0.6572495153278294
4.7899252892536275
5.447174804581457
--sample-num--
2
all-proba
[0.02616362 0.97383638]
y_proba_mail
0.026163621566108866
0.16131099462454482
0.1874746161906537
--sample-num--
3
all-proba
[0.08395851 0.91604149]
y_proba_mail
0.08395851051342805
0.6162009456989427
0.7001594562123707
--sample-num--
4
all-proba
[0.94607389 0.05392611]
y_proba_mail
0.9460738892112993
7.38987454193458
8.335948431145878
--sample-num--
5
all-proba
[0.02764915 0.97235085]
y_proba_mail
0.02764914897369752
0.19165847240946238
0.2193076213831599
--sample-num--
6
all-proba
[0.94128511 0.05871489]
y_proba_mail
0.9412851112324446
7.292429420558402
8.233714531790847
