nohup: ignoring input
Loading checkpoint shards:   0%|          | 0/2 [00:00<?, ?it/s]Loading checkpoint shards:  50%|█████     | 1/2 [00:18<00:18, 18.64s/it]Loading checkpoint shards: 100%|██████████| 2/2 [00:24<00:00, 10.87s/it]Loading checkpoint shards: 100%|██████████| 2/2 [00:24<00:00, 12.04s/it]
WARNING:root:Some parameters are on the meta device device because they were offloaded to the cpu.
---rep_dict[svm]---
{0: array([[0.42546603, 0.57453397],
       [0.42546603, 0.57453397],
       [0.42546603, 0.57453397],
       [0.42546603, 0.57453397],
       [0.42546603, 0.57453397],
       [0.42546603, 0.57453397],
       [0.42546603, 0.57453397],
       [0.42546603, 0.57453397],
       [0.42546603, 0.57453397],
       [0.42546603, 0.57453397],
       [0.42546603, 0.57453397],
       [0.42546603, 0.57453397],
       [0.42546603, 0.57453397],
       [0.42546603, 0.57453397],
       [0.42546603, 0.57453397],
       [0.42546603, 0.57453397],
       [0.42546603, 0.57453397],
       [0.42546603, 0.57453397],
       [0.42546603, 0.57453397],
       [0.42546603, 0.57453397],
       [0.42546603, 0.57453397],
       [0.42546603, 0.57453397],
       [0.42546603, 0.57453397],
       [0.42546603, 0.57453397],
       [0.42546603, 0.57453397],
       [0.42546603, 0.57453397],
       [0.42546603, 0.57453397],
       [0.42546603, 0.57453397],
       [0.42546603, 0.57453397],
       [0.42546603, 0.57453397],
       [0.42546603, 0.57453397],
       [0.42546603, 0.57453397],
       [0.42546603, 0.57453397],
       [0.42546603, 0.57453397],
       [0.42546603, 0.57453397],
       [0.42546603, 0.57453397],
       [0.42546603, 0.57453397],
       [0.42546603, 0.57453397],
       [0.42546603, 0.57453397],
       [0.42546603, 0.57453397],
       [0.42546603, 0.57453397],
       [0.42546603, 0.57453397],
       [0.42546603, 0.57453397],
       [0.42546603, 0.57453397],
       [0.42546603, 0.57453397],
       [0.42546603, 0.57453397],
       [0.42546603, 0.57453397],
       [0.42546603, 0.57453397],
       [0.42546603, 0.57453397],
       [0.42546603, 0.57453397],
       [0.42546603, 0.57453397],
       [0.42546603, 0.57453397],
       [0.42546603, 0.57453397],
       [0.42546603, 0.57453397],
       [0.42546603, 0.57453397],
       [0.42546603, 0.57453397],
       [0.42546603, 0.57453397],
       [0.42546603, 0.57453397],
       [0.42546603, 0.57453397],
       [0.42546603, 0.57453397],
       [0.42546603, 0.57453397]]), 1: array([[0.41324489, 0.58675511],
       [0.41604133, 0.58395867],
       [0.41222529, 0.58777471],
       [0.4086588 , 0.5913412 ],
       [0.40696431, 0.59303569],
       [0.40916109, 0.59083891],
       [0.41328748, 0.58671252],
       [0.40865315, 0.59134685],
       [0.40514211, 0.59485789],
       [0.41240768, 0.58759232],
       [0.41020574, 0.58979426],
       [0.41056852, 0.58943148],
       [0.40938723, 0.59061277],
       [0.41568328, 0.58431672],
       [0.41189532, 0.58810468],
       [0.40706925, 0.59293075],
       [0.41251331, 0.58748669],
       [0.40961371, 0.59038629],
       [0.41260947, 0.58739053],
       [0.41216743, 0.58783257],
       [0.40794591, 0.59205409],
       [0.41360907, 0.58639093],
       [0.40986252, 0.59013748],
       [0.42024294, 0.57975706],
       [0.4104008 , 0.5895992 ],
       [0.41321384, 0.58678616],
       [0.41059117, 0.58940883],
       [0.41733943, 0.58266057],
       [0.40924566, 0.59075434],
       [0.40804392, 0.59195608],
       [0.41575534, 0.58424466],
       [0.41444747, 0.58555253],
       [0.4105023 , 0.5894977 ],
       [0.41299725, 0.58700275],
       [0.40738369, 0.59261631],
       [0.40813534, 0.59186466],
       [0.40961056, 0.59038944],
       [0.40930833, 0.59069167],
       [0.41245108, 0.58754892],
       [0.4098113 , 0.5901887 ],
       [0.41204651, 0.58795349],
       [0.40855506, 0.59144494],
       [0.41266813, 0.58733187],
       [0.41309583, 0.58690417],
       [0.40995827, 0.59004173],
       [0.40674476, 0.59325524],
       [0.41308228, 0.58691772],
       [0.40952281, 0.59047719],
       [0.40795258, 0.59204742],
       [0.41120467, 0.58879533],
       [0.40795208, 0.59204792],
       [0.40946147, 0.59053853],
       [0.41529361, 0.58470639],
       [0.40830141, 0.59169859],
       [0.40596136, 0.59403864],
       [0.41788313, 0.58211687],
       [0.40641984, 0.59358016],
       [0.41602464, 0.58397536],
       [0.40939788, 0.59060212],
       [0.41407885, 0.58592115],
       [0.40781092, 0.59218908]]), 2: array([[0.51612929, 0.48387071],
       [0.51029743, 0.48970257],
       [0.52824049, 0.47175951],
       [0.54940218, 0.45059782],
       [0.55203911, 0.44796089],
       [0.53910317, 0.46089683],
       [0.51711138, 0.48288862],
       [0.54912869, 0.45087131],
       [0.5753497 , 0.4246503 ],
       [0.52022309, 0.47977691],
       [0.52054901, 0.47945099],
       [0.54973644, 0.45026356],
       [0.54535736, 0.45464264],
       [0.51782459, 0.48217541],
       [0.51996025, 0.48003975],
       [0.55810422, 0.44189578],
       [0.5244911 , 0.4755089 ],
       [0.54319452, 0.45680548],
       [0.5268603 , 0.4731397 ],
       [0.52192283, 0.47807717],
       [0.54930604, 0.45069396],
       [0.5       , 0.5       ],
       [0.54543991, 0.45456009],
       [0.5       , 0.5       ],
       [0.52927072, 0.47072928],
       [0.52610135, 0.47389865],
       [0.54351872, 0.45648128],
       [0.5       , 0.5       ],
       [0.54976545, 0.45023455],
       [0.55087851, 0.44912149],
       [0.51101806, 0.48898194],
       [0.52339346, 0.47660654],
       [0.53679954, 0.46320046],
       [0.51490562, 0.48509438],
       [0.55808946, 0.44191054],
       [0.55122436, 0.44877564],
       [0.53451882, 0.46548118],
       [0.5451661 , 0.4548339 ],
       [0.52957569, 0.47042431],
       [0.54435983, 0.45564017],
       [0.52186442, 0.47813558],
       [0.56074904, 0.43925096],
       [0.52990316, 0.47009684],
       [0.51372664, 0.48627336],
       [0.54120596, 0.45879404],
       [0.55952414, 0.44047586],
       [0.51893474, 0.48106526],
       [0.52817356, 0.47182644],
       [0.55656148, 0.44343852],
       [0.53702697, 0.46297303],
       [0.54917674, 0.45082326],
       [0.53355349, 0.46644651],
       [0.52308769, 0.47691231],
       [0.54613805, 0.45386195],
       [0.56663641, 0.43336359],
       [0.5       , 0.5       ],
       [0.56718018, 0.43281982],
       [0.51016077, 0.48983923],
       [0.5415175 , 0.4584825 ],
       [0.50707216, 0.49292784],
       [0.55155806, 0.44844194]]), 3: array([[0.27018939, 0.72981061],
       [0.31865145, 0.68134855],
       [0.62267423, 0.37732577],
       [0.71111316, 0.28888684],
       [0.76447664, 0.23552336],
       [0.6189908 , 0.3810092 ],
       [0.18963587, 0.81036413],
       [0.7812668 , 0.2187332 ],
       [0.93780436, 0.06219564],
       [0.28850982, 0.71149018],
       [0.35674674, 0.64325326],
       [0.86098221, 0.13901779],
       [0.79230669, 0.20769331],
       [0.28193569, 0.71806431],
       [0.33246763, 0.66753237],
       [0.86037647, 0.13962353],
       [0.52174995, 0.47825005],
       [0.65573433, 0.34426567],
       [0.32290614, 0.67709386],
       [0.40695909, 0.59304091],
       [0.79568009, 0.20431991],
       [0.20475881, 0.79524119],
       [0.83210131, 0.16789869],
       [0.09820558, 0.90179442],
       [0.41424177, 0.58575823],
       [0.49238429, 0.50761571],
       [0.48018407, 0.51981593],
       [0.12287288, 0.87712712],
       [0.83754684, 0.16245316],
       [0.88440358, 0.11559642],
       [0.41818998, 0.58181002],
       [0.26851563, 0.73148437],
       [0.42778391, 0.57221609],
       [0.27729413, 0.72270587],
       [0.83883946, 0.16116054],
       [0.6890165 , 0.3109835 ],
       [0.65826287, 0.34173713],
       [0.70023269, 0.29976731],
       [0.54992098, 0.45007902],
       [0.80201954, 0.19798046],
       [0.27804474, 0.72195526],
       [0.88736536, 0.11263464],
       [0.37049562, 0.62950438],
       [0.42082115, 0.57917885],
       [0.74528598, 0.25471402],
       [0.91980732, 0.08019268],
       [0.22873695, 0.77126305],
       [0.36966224, 0.63033776],
       [0.80874045, 0.19125955],
       [0.41618546, 0.58381454],
       [0.68022846, 0.31977154],
       [0.66004161, 0.33995839],
       [0.37402881, 0.62597119],
       [0.80173864, 0.19826136],
       [0.83419012, 0.16580988],
       [0.13985967, 0.86014033],
       [0.91607105, 0.08392895],
       [0.171179  , 0.828821  ],
       [0.579798  , 0.420202  ],
       [0.18604435, 0.81395565],
       [0.87080609, 0.12919391]]), 4: array([[6.87915480e-03, 9.93120845e-01],
       [7.79891658e-06, 9.99992201e-01],
       [8.69262847e-02, 9.13073715e-01],
       [9.02163344e-01, 9.78366560e-02],
       [9.96785616e-01, 3.21438438e-03],
       [9.96213677e-01, 3.78632340e-03],
       [2.31749082e-07, 9.99999768e-01],
       [9.92269584e-01, 7.73041643e-03],
       [9.99849638e-01, 1.50361523e-04],
       [2.11379365e-06, 9.99997886e-01],
       [4.21413346e-02, 9.57858665e-01],
       [9.97348994e-01, 2.65100609e-03],
       [9.55350871e-01, 4.46491294e-02],
       [4.88785524e-03, 9.95112145e-01],
       [5.60039376e-01, 4.39960624e-01],
       [9.97045553e-01, 2.95444685e-03],
       [8.90452604e-02, 9.10954740e-01],
       [9.96387453e-01, 3.61254713e-03],
       [3.20297437e-06, 9.99996797e-01],
       [3.70518816e-02, 9.62948118e-01],
       [9.88122702e-01, 1.18772982e-02],
       [2.88459104e-06, 9.99997115e-01],
       [9.98375139e-01, 1.62486063e-03],
       [6.99650108e-08, 9.99999930e-01],
       [2.35081478e-01, 7.64918522e-01],
       [6.49721245e-02, 9.35027876e-01],
       [2.04387720e-02, 9.79561228e-01],
       [9.56823539e-09, 9.99999990e-01],
       [9.97280425e-01, 2.71957460e-03],
       [9.99168781e-01, 8.31218805e-04],
       [2.72652009e-02, 9.72734799e-01],
       [8.57335482e-06, 9.99991427e-01],
       [2.02940949e-02, 9.79705905e-01],
       [5.96115990e-06, 9.99994039e-01],
       [9.98080748e-01, 1.91925188e-03],
       [9.93943915e-01, 6.05608508e-03],
       [9.88536213e-01, 1.14637874e-02],
       [9.76061224e-01, 2.39387764e-02],
       [9.51750283e-01, 4.82497174e-02],
       [8.60275754e-01, 1.39724246e-01],
       [1.34437943e-05, 9.99986556e-01],
       [9.99718903e-01, 2.81097320e-04],
       [2.39188765e-02, 9.76081124e-01],
       [3.17475820e-02, 9.68252418e-01],
       [9.97734240e-01, 2.26575989e-03],
       [9.99398397e-01, 6.01602722e-04],
       [1.49192588e-05, 9.99985081e-01],
       [1.70082301e-02, 9.82991770e-01],
       [9.77320623e-01, 2.26793769e-02],
       [6.17662531e-03, 9.93823375e-01],
       [9.65235040e-01, 3.47649602e-02],
       [9.95363211e-01, 4.63678870e-03],
       [9.92753986e-03, 9.90072460e-01],
       [9.94376501e-01, 5.62349920e-03],
       [9.99493748e-01, 5.06251834e-04],
       [4.58735043e-07, 9.99999541e-01],
       [9.99855929e-01, 1.44070576e-04],
       [8.45577936e-07, 9.99999154e-01],
       [9.45847644e-01, 5.41523564e-02],
       [9.62246902e-08, 9.99999904e-01],
       [9.98124493e-01, 1.87550701e-03]]), 5: array([[1.11532962e-02, 9.88846704e-01],
       [3.81835677e-03, 9.96181643e-01],
       [5.52437655e-02, 9.44756235e-01],
       [7.93195935e-01, 2.06804065e-01],
       [9.71492048e-01, 2.85079520e-02],
       [9.98117570e-01, 1.88242968e-03],
       [5.52891778e-06, 9.99994471e-01],
       [9.85583026e-01, 1.44169738e-02],
       [9.99226243e-01, 7.73756807e-04],
       [6.95605143e-06, 9.99993044e-01],
       [4.59250497e-03, 9.95407495e-01],
       [9.96508789e-01, 3.49121075e-03],
       [9.74937869e-01, 2.50621312e-02],
       [1.32082651e-05, 9.99986792e-01],
       [5.91197807e-01, 4.08802193e-01],
       [9.97913418e-01, 2.08658185e-03],
       [1.49538326e-02, 9.85046167e-01],
       [9.27996008e-01, 7.20039916e-02],
       [2.77877675e-03, 9.97221223e-01],
       [6.02498905e-03, 9.93975011e-01],
       [9.96773788e-01, 3.22621196e-03],
       [1.67804890e-05, 9.99983220e-01],
       [9.97534172e-01, 2.46582750e-03],
       [3.45648041e-03, 9.96543520e-01],
       [3.15231822e-02, 9.68476818e-01],
       [8.76420819e-02, 9.12357918e-01],
       [2.26795014e-02, 9.77320499e-01],
       [2.36662102e-06, 9.99997633e-01],
       [9.96494147e-01, 3.50585295e-03],
       [9.98219789e-01, 1.78021057e-03],
       [1.07571694e-01, 8.92428306e-01],
       [4.75732922e-03, 9.95242671e-01],
       [8.23302566e-03, 9.91766974e-01],
       [2.37253263e-06, 9.99997627e-01],
       [9.96228168e-01, 3.77183153e-03],
       [9.93917896e-01, 6.08210386e-03],
       [9.91187477e-01, 8.81252336e-03],
       [9.57582972e-01, 4.24170282e-02],
       [9.82011760e-01, 1.79882395e-02],
       [6.25141260e-01, 3.74858740e-01],
       [3.96599534e-03, 9.96034005e-01],
       [9.99608025e-01, 3.91974530e-04],
       [2.61868181e-03, 9.97381318e-01],
       [5.29582302e-02, 9.47041770e-01],
       [9.95446142e-01, 4.55385840e-03],
       [9.92169337e-01, 7.83066297e-03],
       [4.21563203e-03, 9.95784368e-01],
       [1.99609455e-02, 9.80039055e-01],
       [9.85685850e-01, 1.43141495e-02],
       [3.90344094e-03, 9.96096559e-01],
       [9.39809918e-01, 6.01900818e-02],
       [9.95972677e-01, 4.02732306e-03],
       [1.73741343e-06, 9.99998263e-01],
       [9.86968637e-01, 1.30313626e-02],
       [9.95588920e-01, 4.41108018e-03],
       [3.32065403e-06, 9.99996679e-01],
       [9.98805471e-01, 1.19452949e-03],
       [5.44729461e-07, 9.99999455e-01],
       [9.93885946e-01, 6.11405403e-03],
       [8.42615477e-06, 9.99991574e-01],
       [9.96193142e-01, 3.80685763e-03]]), 6: array([[1.01558561e-02, 9.89844144e-01],
       [2.87546321e-03, 9.97124537e-01],
       [4.15642479e-02, 9.58435752e-01],
       [6.41841859e-01, 3.58158141e-01],
       [9.46979651e-01, 5.30203495e-02],
       [9.98801578e-01, 1.19842219e-03],
       [3.06907153e-03, 9.96930928e-01],
       [9.70448160e-01, 2.95518405e-02],
       [9.98347158e-01, 1.65284240e-03],
       [1.43452466e-05, 9.99985655e-01],
       [1.02604482e-02, 9.89739552e-01],
       [9.92696612e-01, 7.30338797e-03],
       [9.52435014e-01, 4.75649859e-02],
       [2.85003141e-03, 9.97149969e-01],
       [8.92419241e-01, 1.07580759e-01],
       [9.98015942e-01, 1.98405798e-03],
       [8.66384811e-03, 9.91336152e-01],
       [9.62092559e-01, 3.79074411e-02],
       [1.66212279e-05, 9.99983379e-01],
       [4.73822510e-03, 9.95261775e-01],
       [9.97031089e-01, 2.96891128e-03],
       [1.37044516e-05, 9.99986296e-01],
       [9.93536344e-01, 6.46365639e-03],
       [5.36697625e-03, 9.94633024e-01],
       [1.92623518e-02, 9.80737648e-01],
       [5.34908101e-02, 9.46509190e-01],
       [1.50255876e-02, 9.84974412e-01],
       [2.84042616e-03, 9.97159574e-01],
       [9.90476886e-01, 9.52311383e-03],
       [9.96851811e-01, 3.14818888e-03],
       [3.48174186e-01, 6.51825814e-01],
       [5.84819339e-06, 9.99994152e-01],
       [7.15768172e-03, 9.92842318e-01],
       [2.79571313e-06, 9.99997204e-01],
       [9.96821253e-01, 3.17874724e-03],
       [9.92167765e-01, 7.83223541e-03],
       [9.92723964e-01, 7.27603634e-03],
       [9.82826171e-01, 1.71738289e-02],
       [9.92131258e-01, 7.86874234e-03],
       [1.99832191e-01, 8.00167809e-01],
       [8.34420788e-06, 9.99991656e-01],
       [9.97350086e-01, 2.64991431e-03],
       [2.65525940e-03, 9.97344741e-01],
       [1.37950930e-02, 9.86204907e-01],
       [9.97813773e-01, 2.18622691e-03],
       [9.94160822e-01, 5.83917812e-03],
       [4.85592800e-03, 9.95144072e-01],
       [6.15813904e-03, 9.93841861e-01],
       [9.46860620e-01, 5.31393804e-02],
       [9.78526440e-06, 9.99990215e-01],
       [8.73690785e-01, 1.26309215e-01],
       [9.97094405e-01, 2.90559524e-03],
       [2.04511371e-06, 9.99997955e-01],
       [9.80788291e-01, 1.92117088e-02],
       [9.97183639e-01, 2.81636075e-03],
       [4.40539631e-06, 9.99995595e-01],
       [9.96954527e-01, 3.04547285e-03],
       [4.31390294e-07, 9.99999569e-01],
       [9.88786306e-01, 1.12136940e-02],
       [4.56344344e-03, 9.95436557e-01],
       [9.97247666e-01, 2.75233398e-03]]), 7: array([[6.92559849e-03, 9.93074402e-01],
       [2.90267819e-03, 9.97097322e-01],
       [4.04661668e-02, 9.59533833e-01],
       [7.80650687e-01, 2.19349313e-01],
       [9.07454146e-01, 9.25458540e-02],
       [9.99242817e-01, 7.57183406e-04],
       [1.08936325e-05, 9.99989106e-01],
       [9.82306314e-01, 1.76936861e-02],
       [9.98033814e-01, 1.96618640e-03],
       [3.26297680e-03, 9.96737023e-01],
       [1.41295159e-02, 9.85870484e-01],
       [9.90067357e-01, 9.93264296e-03],
       [9.57883911e-01, 4.21160886e-02],
       [4.01626785e-03, 9.95983732e-01],
       [9.44430843e-01, 5.55691568e-02],
       [9.99160607e-01, 8.39393102e-04],
       [2.78737837e-03, 9.97212622e-01],
       [9.72337833e-01, 2.76621668e-02],
       [3.24505306e-03, 9.96754947e-01],
       [3.92500678e-03, 9.96074993e-01],
       [9.96257824e-01, 3.74217627e-03],
       [4.42065990e-03, 9.95579340e-01],
       [9.90031785e-01, 9.96821525e-03],
       [9.45001808e-03, 9.90549982e-01],
       [3.45043948e-02, 9.65495605e-01],
       [3.68456977e-02, 9.63154302e-01],
       [2.21024017e-02, 9.77897598e-01],
       [7.95445386e-06, 9.99992046e-01],
       [9.82869654e-01, 1.71303461e-02],
       [9.94669568e-01, 5.33043233e-03],
       [2.09998535e-01, 7.90001465e-01],
       [2.89979374e-03, 9.97100206e-01],
       [7.63605424e-03, 9.92363946e-01],
       [5.57732720e-06, 9.99994423e-01],
       [9.97987784e-01, 2.01221612e-03],
       [9.91409947e-01, 8.59005265e-03],
       [9.98439054e-01, 1.56094620e-03],
       [9.82347017e-01, 1.76529835e-02],
       [9.96597885e-01, 3.40211461e-03],
       [1.50272037e-01, 8.49727963e-01],
       [1.55062562e-05, 9.99984494e-01],
       [9.98011439e-01, 1.98856072e-03],
       [4.91040236e-06, 9.99995090e-01],
       [1.38362939e-02, 9.86163706e-01],
       [9.98102164e-01, 1.89783579e-03],
       [9.87307060e-01, 1.26929399e-02],
       [1.28871076e-02, 9.87112892e-01],
       [1.11197361e-02, 9.88880264e-01],
       [9.64229188e-01, 3.57708124e-02],
       [1.33837709e-05, 9.99986616e-01],
       [8.72141764e-01, 1.27858236e-01],
       [9.99148392e-01, 8.51608216e-04],
       [9.97423696e-06, 9.99990026e-01],
       [9.56811601e-01, 4.31883992e-02],
       [9.97893076e-01, 2.10692435e-03],
       [3.99064481e-06, 9.99996009e-01],
       [9.96821566e-01, 3.17843405e-03],
       [2.19641251e-06, 9.99997804e-01],
       [9.95012164e-01, 4.98783603e-03],
       [3.07331351e-03, 9.96926686e-01],
       [9.97606215e-01, 2.39378510e-03]]), 8: array([[1.05907111e-02, 9.89409289e-01],
       [3.63492122e-03, 9.96365079e-01],
       [2.96832706e-02, 9.70316729e-01],
       [7.22596446e-01, 2.77403554e-01],
       [8.72645821e-01, 1.27354179e-01],
       [9.99012468e-01, 9.87532479e-04],
       [2.81427198e-03, 9.97185728e-01],
       [9.80995053e-01, 1.90049466e-02],
       [9.98225872e-01, 1.77412848e-03],
       [4.10925624e-03, 9.95890744e-01],
       [1.66556319e-02, 9.83344368e-01],
       [9.92863484e-01, 7.13651578e-03],
       [9.62076619e-01, 3.79233811e-02],
       [2.62149341e-03, 9.97378507e-01],
       [9.39740633e-01, 6.02593669e-02],
       [9.98758849e-01, 1.24115055e-03],
       [5.51397411e-03, 9.94486026e-01],
       [9.46892135e-01, 5.31078654e-02],
       [6.33925452e-03, 9.93660745e-01],
       [5.55062779e-03, 9.94449372e-01],
       [9.99568810e-01, 4.31190312e-04],
       [9.45848618e-03, 9.90541514e-01],
       [9.80222362e-01, 1.97776384e-02],
       [1.88887687e-02, 9.81111231e-01],
       [2.73834328e-02, 9.72616567e-01],
       [3.56399313e-02, 9.64360069e-01],
       [1.09016521e-02, 9.89098348e-01],
       [2.62770518e-03, 9.97372295e-01],
       [9.90691128e-01, 9.30887157e-03],
       [9.96762657e-01, 3.23734342e-03],
       [1.10122734e-01, 8.89877266e-01],
       [3.37257449e-03, 9.96627426e-01],
       [1.63263944e-02, 9.83673606e-01],
       [6.28552128e-06, 9.99993714e-01],
       [9.96455747e-01, 3.54425290e-03],
       [9.89427090e-01, 1.05729098e-02],
       [9.98579797e-01, 1.42020320e-03],
       [9.78148390e-01, 2.18516103e-02],
       [9.97571963e-01, 2.42803714e-03],
       [9.91214689e-02, 9.00878531e-01],
       [3.44460338e-03, 9.96555397e-01],
       [9.96692047e-01, 3.30795296e-03],
       [9.31548831e-06, 9.99990685e-01],
       [1.03937624e-02, 9.89606238e-01],
       [9.96362839e-01, 3.63716068e-03],
       [9.70759160e-01, 2.92408397e-02],
       [1.50474092e-02, 9.84952591e-01],
       [9.88367347e-03, 9.90116327e-01],
       [9.46288880e-01, 5.37111202e-02],
       [5.60223190e-03, 9.94397768e-01],
       [9.61728018e-01, 3.82719824e-02],
       [9.99322501e-01, 6.77498556e-04],
       [8.74133058e-06, 9.99991259e-01],
       [9.78023757e-01, 2.19762431e-02],
       [9.92679254e-01, 7.32074570e-03],
       [3.54943349e-03, 9.96450567e-01],
       [9.91942144e-01, 8.05785582e-03],
       [2.29801570e-06, 9.99997702e-01],
       [9.87204390e-01, 1.27956101e-02],
       [3.06419883e-03, 9.96935801e-01],
       [9.98643616e-01, 1.35638416e-03]]), 9: array([[1.31502505e-02, 9.86849749e-01],
       [8.67191241e-03, 9.91328088e-01],
       [4.54703548e-02, 9.54529645e-01],
       [7.31068073e-01, 2.68931927e-01],
       [9.43219416e-01, 5.67805844e-02],
       [9.98877096e-01, 1.12290381e-03],
       [3.04736342e-03, 9.96952637e-01],
       [9.87096647e-01, 1.29033532e-02],
       [9.98090869e-01, 1.90913144e-03],
       [6.47869487e-03, 9.93521305e-01],
       [9.51904573e-03, 9.90480954e-01],
       [9.98361490e-01, 1.63851029e-03],
       [9.93941050e-01, 6.05894986e-03],
       [7.19518942e-03, 9.92804811e-01],
       [9.48873986e-01, 5.11260144e-02],
       [9.98319977e-01, 1.68002325e-03],
       [7.12219033e-03, 9.92877810e-01],
       [9.52808032e-01, 4.71919677e-02],
       [4.55038764e-03, 9.95449612e-01],
       [8.54828184e-03, 9.91451718e-01],
       [9.99745024e-01, 2.54975800e-04],
       [1.24586695e-02, 9.87541331e-01],
       [9.85544794e-01, 1.44552058e-02],
       [2.97386665e-02, 9.70261333e-01],
       [3.06504320e-02, 9.69349568e-01],
       [3.62136507e-02, 9.63786349e-01],
       [1.46227858e-02, 9.85377214e-01],
       [4.43265448e-03, 9.95567346e-01],
       [9.94241999e-01, 5.75800131e-03],
       [9.93862768e-01, 6.13723171e-03],
       [8.28530934e-02, 9.17146907e-01],
       [6.64134796e-03, 9.93358652e-01],
       [2.05642337e-02, 9.79435766e-01],
       [2.53119365e-03, 9.97468806e-01],
       [9.95326900e-01, 4.67310049e-03],
       [9.79058184e-01, 2.09418164e-02],
       [9.99050530e-01, 9.49469927e-04],
       [9.96760562e-01, 3.23943758e-03],
       [9.95526052e-01, 4.47394785e-03],
       [9.48319085e-02, 9.05168092e-01],
       [5.43229211e-03, 9.94567708e-01],
       [9.83656101e-01, 1.63438989e-02],
       [1.30032076e-05, 9.99986997e-01],
       [2.01959642e-02, 9.79804036e-01],
       [9.97949258e-01, 2.05074213e-03],
       [9.66936247e-01, 3.30637531e-02],
       [2.25101735e-02, 9.77489827e-01],
       [8.04019009e-03, 9.91959810e-01],
       [9.63928765e-01, 3.60712346e-02],
       [7.41224397e-03, 9.92587756e-01],
       [9.94508762e-01, 5.49123812e-03],
       [9.99608293e-01, 3.91706553e-04],
       [1.82383617e-05, 9.99981762e-01],
       [9.66749367e-01, 3.32506335e-02],
       [9.93083579e-01, 6.91642117e-03],
       [5.65226625e-03, 9.94347734e-01],
       [9.91557624e-01, 8.44237618e-03],
       [1.60554073e-05, 9.99983945e-01],
       [9.85128752e-01, 1.48712479e-02],
       [4.47353657e-03, 9.95526463e-01],
       [9.97104815e-01, 2.89518514e-03]]), 10: array([[1.13724629e-02, 9.88627537e-01],
       [7.19107908e-03, 9.92808921e-01],
       [4.30498759e-02, 9.56950124e-01],
       [7.61205604e-01, 2.38794396e-01],
       [9.39573167e-01, 6.04268332e-02],
       [9.98213889e-01, 1.78611121e-03],
       [3.28812644e-03, 9.96711874e-01],
       [9.87966315e-01, 1.20336850e-02],
       [9.98115831e-01, 1.88416884e-03],
       [2.68379919e-03, 9.97316201e-01],
       [7.75037395e-03, 9.92249626e-01],
       [9.97924482e-01, 2.07551785e-03],
       [9.91702433e-01, 8.29756662e-03],
       [7.68263898e-03, 9.92317361e-01],
       [9.42161554e-01, 5.78384458e-02],
       [9.98026070e-01, 1.97392974e-03],
       [6.65540108e-03, 9.93344599e-01],
       [9.27923058e-01, 7.20769416e-02],
       [5.91366620e-03, 9.94086334e-01],
       [1.16533867e-02, 9.88346613e-01],
       [9.99457239e-01, 5.42761097e-04],
       [1.36283020e-02, 9.86371698e-01],
       [9.84301078e-01, 1.56989218e-02],
       [1.99123286e-02, 9.80087671e-01],
       [1.70799029e-02, 9.82920097e-01],
       [1.85527974e-02, 9.81447203e-01],
       [1.21088557e-02, 9.87891144e-01],
       [4.39140292e-03, 9.95608597e-01],
       [9.90719702e-01, 9.28029761e-03],
       [9.90711458e-01, 9.28854168e-03],
       [1.37400163e-01, 8.62599837e-01],
       [6.55989548e-03, 9.93440105e-01],
       [2.06565320e-02, 9.79343468e-01],
       [3.29330994e-03, 9.96706690e-01],
       [9.93352187e-01, 6.64781315e-03],
       [9.74008362e-01, 2.59916376e-02],
       [9.98611773e-01, 1.38822679e-03],
       [9.90303107e-01, 9.69689307e-03],
       [9.95158565e-01, 4.84143474e-03],
       [9.71727879e-02, 9.02827212e-01],
       [4.32291091e-03, 9.95677089e-01],
       [9.84698955e-01, 1.53010455e-02],
       [1.15786520e-05, 9.99988421e-01],
       [2.50204889e-02, 9.74979511e-01],
       [9.95462636e-01, 4.53736403e-03],
       [9.85237377e-01, 1.47626227e-02],
       [1.67023296e-02, 9.83297670e-01],
       [4.94705481e-03, 9.95052945e-01],
       [9.79880588e-01, 2.01194120e-02],
       [6.72130759e-03, 9.93278692e-01],
       [9.94158730e-01, 5.84127001e-03],
       [9.99199445e-01, 8.00554775e-04],
       [3.64202526e-03, 9.96357975e-01],
       [9.40869505e-01, 5.91304949e-02],
       [9.92005879e-01, 7.99412102e-03],
       [4.77573242e-03, 9.95224268e-01],
       [9.90931828e-01, 9.06817207e-03],
       [1.36635284e-05, 9.99986336e-01],
       [9.93251241e-01, 6.74875883e-03],
       [3.86604559e-03, 9.96133954e-01],
       [9.98454014e-01, 1.54598627e-03]]), 11: array([[0.01512581, 0.98487419],
       [0.00742276, 0.99257724],
       [0.05438676, 0.94561324],
       [0.72560013, 0.27439987],
       [0.93647306, 0.06352694],
       [0.99830301, 0.00169699],
       [0.00274166, 0.99725834],
       [0.99229855, 0.00770145],
       [0.99792809, 0.00207191],
       [0.00299017, 0.99700983],
       [0.00467131, 0.99532869],
       [0.98932367, 0.01067633],
       [0.98631411, 0.01368589],
       [0.01481138, 0.98518862],
       [0.95822278, 0.04177722],
       [0.99784714, 0.00215286],
       [0.01315026, 0.98684974],
       [0.8827265 , 0.1172735 ],
       [0.0081248 , 0.9918752 ],
       [0.00966583, 0.99033417],
       [0.99862199, 0.00137801],
       [0.01746027, 0.98253973],
       [0.97844354, 0.02155646],
       [0.01462803, 0.98537197],
       [0.02362115, 0.97637885],
       [0.01899197, 0.98100803],
       [0.01235799, 0.98764201],
       [0.00500855, 0.99499145],
       [0.98843989, 0.01156011],
       [0.98959079, 0.01040921],
       [0.07161658, 0.92838342],
       [0.01016785, 0.98983215],
       [0.02029538, 0.97970462],
       [0.00341628, 0.99658372],
       [0.98882365, 0.01117635],
       [0.97250385, 0.02749615],
       [0.99849915, 0.00150085],
       [0.9866046 , 0.0133954 ],
       [0.99539418, 0.00460582],
       [0.06742951, 0.93257049],
       [0.00446725, 0.99553275],
       [0.98515104, 0.01484896],
       [0.00526643, 0.99473357],
       [0.01682935, 0.98317065],
       [0.99558576, 0.00441424],
       [0.99488645, 0.00511355],
       [0.02891841, 0.97108159],
       [0.0063584 , 0.9936416 ],
       [0.97860879, 0.02139121],
       [0.0071449 , 0.9928551 ],
       [0.99143757, 0.00856243],
       [0.99848578, 0.00151422],
       [0.00366494, 0.99633506],
       [0.94109232, 0.05890768],
       [0.99202855, 0.00797145],
       [0.00826929, 0.99173071],
       [0.98560276, 0.01439724],
       [0.00316802, 0.99683198],
       [0.98597057, 0.01402943],
       [0.0055764 , 0.9944236 ],
       [0.99767382, 0.00232618]]), 12: array([[1.42011457e-02, 9.85798854e-01],
       [5.17972853e-03, 9.94820271e-01],
       [2.94351527e-02, 9.70564847e-01],
       [6.64387794e-01, 3.35612206e-01],
       [9.53495391e-01, 4.65046092e-02],
       [9.97091366e-01, 2.90863399e-03],
       [4.50277753e-03, 9.95497222e-01],
       [9.93549640e-01, 6.45036039e-03],
       [9.98170374e-01, 1.82962637e-03],
       [3.01633678e-03, 9.96983663e-01],
       [3.85644520e-03, 9.96143555e-01],
       [9.78099967e-01, 2.19000328e-02],
       [9.89771832e-01, 1.02281680e-02],
       [1.12309843e-02, 9.88769016e-01],
       [9.27557712e-01, 7.24422884e-02],
       [9.98581366e-01, 1.41863439e-03],
       [1.08101883e-02, 9.89189812e-01],
       [8.82386985e-01, 1.17613015e-01],
       [1.07342336e-02, 9.89265766e-01],
       [1.05125451e-02, 9.89487455e-01],
       [9.99040815e-01, 9.59184918e-04],
       [8.58807206e-03, 9.91411928e-01],
       [9.68977786e-01, 3.10222137e-02],
       [1.00879104e-02, 9.89912090e-01],
       [2.73551020e-02, 9.72644898e-01],
       [1.51928343e-02, 9.84807166e-01],
       [1.66149171e-02, 9.83385083e-01],
       [4.36443548e-03, 9.95635565e-01],
       [9.91516836e-01, 8.48316407e-03],
       [9.93242100e-01, 6.75789959e-03],
       [6.50214020e-02, 9.34978598e-01],
       [7.47768229e-03, 9.92522318e-01],
       [2.55887322e-02, 9.74411268e-01],
       [3.47354615e-03, 9.96526454e-01],
       [9.93041453e-01, 6.95854697e-03],
       [9.80562402e-01, 1.94375981e-02],
       [9.98052259e-01, 1.94774145e-03],
       [9.70031880e-01, 2.99681197e-02],
       [9.93608323e-01, 6.39167718e-03],
       [7.47283969e-02, 9.25271603e-01],
       [5.46034201e-03, 9.94539658e-01],
       [9.52105019e-01, 4.78949812e-02],
       [5.37791797e-03, 9.94622082e-01],
       [1.23759460e-02, 9.87624054e-01],
       [9.95241083e-01, 4.75891674e-03],
       [9.95466916e-01, 4.53308388e-03],
       [2.85108093e-02, 9.71489191e-01],
       [7.36247517e-03, 9.92637525e-01],
       [9.81814007e-01, 1.81859926e-02],
       [7.72158206e-03, 9.92278418e-01],
       [9.84983910e-01, 1.50160904e-02],
       [9.96307835e-01, 3.69216538e-03],
       [3.60276864e-03, 9.96397231e-01],
       [9.68241088e-01, 3.17589121e-02],
       [9.92621493e-01, 7.37850693e-03],
       [6.80082837e-03, 9.93199172e-01],
       [9.88764064e-01, 1.12359357e-02],
       [2.64015495e-03, 9.97359845e-01],
       [9.86141260e-01, 1.38587403e-02],
       [4.12571911e-03, 9.95874281e-01],
       [9.97374032e-01, 2.62596832e-03]]), 13: array([[0.01522346, 0.98477654],
       [0.00483079, 0.99516921],
       [0.02734071, 0.97265929],
       [0.63078191, 0.36921809],
       [0.96602763, 0.03397237],
       [0.99566397, 0.00433603],
       [0.00392446, 0.99607554],
       [0.99703753, 0.00296247],
       [0.99629573, 0.00370427],
       [0.00384115, 0.99615885],
       [0.00405325, 0.99594675],
       [0.98196716, 0.01803284],
       [0.98772905, 0.01227095],
       [0.01724675, 0.98275325],
       [0.96305662, 0.03694338],
       [0.99861973, 0.00138027],
       [0.00966436, 0.99033564],
       [0.8592922 , 0.1407078 ],
       [0.01232269, 0.98767731],
       [0.00831851, 0.99168149],
       [0.99830206, 0.00169794],
       [0.00860315, 0.99139685],
       [0.96706497, 0.03293503],
       [0.00959518, 0.99040482],
       [0.03095799, 0.96904201],
       [0.01368581, 0.98631419],
       [0.01181248, 0.98818752],
       [0.00371817, 0.99628183],
       [0.9917321 , 0.0082679 ],
       [0.99175986, 0.00824014],
       [0.05321747, 0.94678253],
       [0.00889006, 0.99110994],
       [0.02041808, 0.97958192],
       [0.00534016, 0.99465984],
       [0.99272552, 0.00727448],
       [0.98814639, 0.01185361],
       [0.9988825 , 0.0011175 ],
       [0.97500772, 0.02499228],
       [0.99509293, 0.00490707],
       [0.06456643, 0.93543357],
       [0.00449549, 0.99550451],
       [0.96392456, 0.03607544],
       [0.00701812, 0.99298188],
       [0.01234466, 0.98765534],
       [0.99433811, 0.00566189],
       [0.99449937, 0.00550063],
       [0.03380617, 0.96619383],
       [0.00549881, 0.99450119],
       [0.97735022, 0.02264978],
       [0.00757916, 0.99242084],
       [0.98684732, 0.01315268],
       [0.99732601, 0.00267399],
       [0.00353206, 0.99646794],
       [0.97214521, 0.02785479],
       [0.99237807, 0.00762193],
       [0.00543157, 0.99456843],
       [0.98235418, 0.01764582],
       [0.00404164, 0.99595836],
       [0.98858334, 0.01141666],
       [0.00453771, 0.99546229],
       [0.99758373, 0.00241627]]), 14: array([[1.41920775e-02, 9.85807922e-01],
       [5.45529524e-03, 9.94544705e-01],
       [2.46901286e-02, 9.75309871e-01],
       [5.17707866e-01, 4.82292134e-01],
       [9.72578138e-01, 2.74218620e-02],
       [9.96308402e-01, 3.69159768e-03],
       [4.67520182e-03, 9.95324798e-01],
       [9.98527662e-01, 1.47233820e-03],
       [9.95990162e-01, 4.00983793e-03],
       [4.98693187e-03, 9.95013068e-01],
       [3.94181320e-03, 9.96058187e-01],
       [9.87162935e-01, 1.28370647e-02],
       [9.87391223e-01, 1.26087770e-02],
       [1.67034214e-02, 9.83296579e-01],
       [9.73041550e-01, 2.69584499e-02],
       [9.98912247e-01, 1.08775309e-03],
       [7.52355405e-03, 9.92476446e-01],
       [8.96006927e-01, 1.03993073e-01],
       [1.74185367e-02, 9.82581463e-01],
       [5.36390955e-03, 9.94636090e-01],
       [9.98757680e-01, 1.24232026e-03],
       [7.73565772e-03, 9.92264342e-01],
       [9.65084684e-01, 3.49153164e-02],
       [9.15314952e-03, 9.90846850e-01],
       [3.04737951e-02, 9.69526205e-01],
       [1.24266600e-02, 9.87573340e-01],
       [1.37537888e-02, 9.86246211e-01],
       [5.87978642e-03, 9.94120214e-01],
       [9.92454590e-01, 7.54540955e-03],
       [9.94319893e-01, 5.68010701e-03],
       [3.94983915e-02, 9.60501608e-01],
       [1.05785803e-02, 9.89421420e-01],
       [2.43449093e-02, 9.75655091e-01],
       [6.12999659e-03, 9.93870003e-01],
       [9.94140476e-01, 5.85952399e-03],
       [9.92434416e-01, 7.56558442e-03],
       [9.99330170e-01, 6.69830338e-04],
       [9.56011663e-01, 4.39883372e-02],
       [9.95396916e-01, 4.60308368e-03],
       [5.47970859e-02, 9.45202914e-01],
       [6.20512288e-03, 9.93794877e-01],
       [9.83259866e-01, 1.67401341e-02],
       [5.43127982e-03, 9.94568720e-01],
       [1.12735385e-02, 9.88726462e-01],
       [9.93391371e-01, 6.60862904e-03],
       [9.93575612e-01, 6.42438772e-03],
       [3.01869364e-02, 9.69813064e-01],
       [7.48815723e-03, 9.92511843e-01],
       [9.73972281e-01, 2.60277190e-02],
       [1.00302405e-02, 9.89969759e-01],
       [9.91250227e-01, 8.74977341e-03],
       [9.98635527e-01, 1.36447254e-03],
       [2.88393736e-03, 9.97116063e-01],
       [9.75274003e-01, 2.47259970e-02],
       [9.91108651e-01, 8.89134941e-03],
       [5.60901249e-03, 9.94390988e-01],
       [9.89127440e-01, 1.08725597e-02],
       [6.15124475e-03, 9.93848755e-01],
       [9.85363698e-01, 1.46363024e-02],
       [4.94050723e-03, 9.95059493e-01],
       [9.98155077e-01, 1.84492287e-03]]), 15: array([[1.89906761e-02, 9.81009324e-01],
       [7.63403022e-03, 9.92365970e-01],
       [2.76048508e-02, 9.72395149e-01],
       [4.86423819e-01, 5.13576181e-01],
       [9.79658016e-01, 2.03419842e-02],
       [9.96034057e-01, 3.96594337e-03],
       [5.02346431e-03, 9.94976536e-01],
       [9.98309211e-01, 1.69078942e-03],
       [9.95990002e-01, 4.00999792e-03],
       [5.33160900e-03, 9.94668391e-01],
       [7.52128947e-03, 9.92478711e-01],
       [9.87031177e-01, 1.29688233e-02],
       [9.92026747e-01, 7.97325281e-03],
       [1.79227853e-02, 9.82077215e-01],
       [9.70747073e-01, 2.92529270e-02],
       [9.99151362e-01, 8.48637766e-04],
       [1.00669653e-02, 9.89933035e-01],
       [9.04026900e-01, 9.59730999e-02],
       [1.96438761e-02, 9.80356124e-01],
       [6.74931443e-03, 9.93250686e-01],
       [9.98497218e-01, 1.50278203e-03],
       [9.80918637e-03, 9.90190814e-01],
       [9.67815312e-01, 3.21846884e-02],
       [9.23481322e-03, 9.90765187e-01],
       [1.50622930e-02, 9.84937707e-01],
       [1.17993057e-02, 9.88200694e-01],
       [1.04132041e-02, 9.89586796e-01],
       [6.51166673e-03, 9.93488333e-01],
       [9.95535373e-01, 4.46462702e-03],
       [9.96987126e-01, 3.01287440e-03],
       [3.11951894e-02, 9.68804811e-01],
       [1.39032697e-02, 9.86096730e-01],
       [2.34182048e-02, 9.76581795e-01],
       [5.33592959e-03, 9.94664070e-01],
       [9.96100152e-01, 3.89984765e-03],
       [9.93733317e-01, 6.26668282e-03],
       [9.98738463e-01, 1.26153689e-03],
       [9.54628666e-01, 4.53713336e-02],
       [9.92883548e-01, 7.11645193e-03],
       [3.47564615e-02, 9.65243538e-01],
       [6.33755643e-03, 9.93662444e-01],
       [9.91939757e-01, 8.06024327e-03],
       [5.11748565e-03, 9.94882514e-01],
       [1.00384269e-02, 9.89961573e-01],
       [9.96047666e-01, 3.95233391e-03],
       [9.95124566e-01, 4.87543410e-03],
       [3.34884987e-02, 9.66511501e-01],
       [8.18255566e-03, 9.91817444e-01],
       [9.75311197e-01, 2.46888029e-02],
       [1.39664882e-02, 9.86033512e-01],
       [9.91253899e-01, 8.74610150e-03],
       [9.98001340e-01, 1.99865955e-03],
       [4.03229997e-03, 9.95967700e-01],
       [9.80820316e-01, 1.91796836e-02],
       [9.89655254e-01, 1.03447462e-02],
       [6.84184157e-03, 9.93158158e-01],
       [9.89418067e-01, 1.05819332e-02],
       [7.30555541e-03, 9.92694445e-01],
       [9.84897046e-01, 1.51029536e-02],
       [4.91097911e-03, 9.95089021e-01],
       [9.97806627e-01, 2.19337345e-03]]), 16: array([[0.02133578, 0.97866422],
       [0.00654729, 0.99345271],
       [0.02757451, 0.97242549],
       [0.39276828, 0.60723172],
       [0.98101149, 0.01898851],
       [0.99403392, 0.00596608],
       [0.00482912, 0.99517088],
       [0.9980813 , 0.0019187 ],
       [0.99516879, 0.00483121],
       [0.00613391, 0.99386609],
       [0.0079027 , 0.9920973 ],
       [0.98776916, 0.01223084],
       [0.99443158, 0.00556842],
       [0.01777372, 0.98222628],
       [0.96996075, 0.03003925],
       [0.99862544, 0.00137456],
       [0.00958943, 0.99041057],
       [0.87913384, 0.12086616],
       [0.01489874, 0.98510126],
       [0.00903797, 0.99096203],
       [0.99857715, 0.00142285],
       [0.00996933, 0.99003067],
       [0.96925843, 0.03074157],
       [0.00919065, 0.99080935],
       [0.01298311, 0.98701689],
       [0.01213694, 0.98786306],
       [0.0067006 , 0.9932994 ],
       [0.00518846, 0.99481154],
       [0.99390802, 0.00609198],
       [0.99676619, 0.00323381],
       [0.02936707, 0.97063293],
       [0.01262513, 0.98737487],
       [0.0181336 , 0.9818664 ],
       [0.00437279, 0.99562721],
       [0.99349946, 0.00650054],
       [0.99566406, 0.00433594],
       [0.99690096, 0.00309904],
       [0.95787625, 0.04212375],
       [0.98694169, 0.01305831],
       [0.02665805, 0.97334195],
       [0.00492125, 0.99507875],
       [0.98762453, 0.01237547],
       [0.00469625, 0.99530375],
       [0.0068708 , 0.9931292 ],
       [0.99578047, 0.00421953],
       [0.99582393, 0.00417607],
       [0.02730303, 0.97269697],
       [0.00871942, 0.99128058],
       [0.97606967, 0.02393033],
       [0.01494123, 0.98505877],
       [0.99197739, 0.00802261],
       [0.99683538, 0.00316462],
       [0.00381071, 0.99618929],
       [0.9810314 , 0.0189686 ],
       [0.98795046, 0.01204954],
       [0.0068502 , 0.9931498 ],
       [0.98849852, 0.01150148],
       [0.00734847, 0.99265153],
       [0.98249758, 0.01750242],
       [0.00435247, 0.99564753],
       [0.99697384, 0.00302616]]), 17: array([[2.63907186e-02, 9.73609281e-01],
       [7.89838069e-03, 9.92101619e-01],
       [3.79987784e-02, 9.62001222e-01],
       [4.17875480e-01, 5.82124520e-01],
       [9.77870138e-01, 2.21298624e-02],
       [9.94202135e-01, 5.79786543e-03],
       [3.38847234e-03, 9.96611528e-01],
       [9.97344162e-01, 2.65583772e-03],
       [9.95461084e-01, 4.53891617e-03],
       [6.00578059e-03, 9.93994219e-01],
       [7.64287301e-03, 9.92357127e-01],
       [9.92923341e-01, 7.07665855e-03],
       [9.94851199e-01, 5.14880113e-03],
       [2.03826057e-02, 9.79617394e-01],
       [9.54589729e-01, 4.54102712e-02],
       [9.99090416e-01, 9.09584383e-04],
       [1.08878998e-02, 9.89112100e-01],
       [8.16016774e-01, 1.83983226e-01],
       [1.31485756e-02, 9.86851424e-01],
       [1.03485255e-02, 9.89651474e-01],
       [9.99160121e-01, 8.39878548e-04],
       [1.14954611e-02, 9.88504539e-01],
       [9.66051491e-01, 3.39485088e-02],
       [9.89270787e-03, 9.90107292e-01],
       [1.08879603e-02, 9.89112040e-01],
       [1.25397413e-02, 9.87460259e-01],
       [7.50598931e-03, 9.92494011e-01],
       [6.79552703e-03, 9.93204473e-01],
       [9.95485928e-01, 4.51407240e-03],
       [9.97471174e-01, 2.52882577e-03],
       [3.66970550e-02, 9.63302945e-01],
       [1.35036370e-02, 9.86496363e-01],
       [1.47956426e-02, 9.85204357e-01],
       [4.78696494e-03, 9.95213035e-01],
       [9.91867096e-01, 8.13290417e-03],
       [9.96463418e-01, 3.53658210e-03],
       [9.95375435e-01, 4.62456492e-03],
       [9.31794950e-01, 6.82050503e-02],
       [9.84979545e-01, 1.50204552e-02],
       [2.06820859e-02, 9.79317914e-01],
       [4.48891077e-03, 9.95511089e-01],
       [9.79910330e-01, 2.00896701e-02],
       [5.28402039e-03, 9.94715980e-01],
       [6.97499919e-03, 9.93025001e-01],
       [9.97243711e-01, 2.75628881e-03],
       [9.94336828e-01, 5.66317194e-03],
       [4.38961918e-02, 9.56103808e-01],
       [9.21507525e-03, 9.90784925e-01],
       [9.80488578e-01, 1.95114222e-02],
       [1.57608633e-02, 9.84239137e-01],
       [9.90227653e-01, 9.77234692e-03],
       [9.94658984e-01, 5.34101575e-03],
       [3.69003871e-03, 9.96309961e-01],
       [9.86304279e-01, 1.36957209e-02],
       [9.87570386e-01, 1.24296145e-02],
       [7.38253386e-03, 9.92617466e-01],
       [9.91144140e-01, 8.85585974e-03],
       [7.13321683e-03, 9.92866783e-01],
       [9.76105005e-01, 2.38949952e-02],
       [4.71324726e-03, 9.95286753e-01],
       [9.96963557e-01, 3.03644343e-03]]), 18: array([[3.56550349e-02, 9.64344965e-01],
       [9.25340643e-03, 9.90746594e-01],
       [5.22137544e-02, 9.47786246e-01],
       [3.93212292e-01, 6.06787708e-01],
       [9.73153530e-01, 2.68464700e-02],
       [9.95005488e-01, 4.99451198e-03],
       [1.75773227e-05, 9.99982423e-01],
       [9.96324990e-01, 3.67501012e-03],
       [9.96517624e-01, 3.48237551e-03],
       [5.86270174e-03, 9.94137298e-01],
       [7.51319892e-03, 9.92486801e-01],
       [9.91595313e-01, 8.40468699e-03],
       [9.91797984e-01, 8.20201643e-03],
       [1.90991983e-02, 9.80900802e-01],
       [9.37731533e-01, 6.22684672e-02],
       [9.99439708e-01, 5.60291567e-04],
       [1.27967649e-02, 9.87203235e-01],
       [7.48453538e-01, 2.51546462e-01],
       [1.09827066e-02, 9.89017293e-01],
       [1.01865892e-02, 9.89813411e-01],
       [9.98290256e-01, 1.70974424e-03],
       [1.17257073e-02, 9.88274293e-01],
       [9.71829322e-01, 2.81706782e-02],
       [7.81052696e-03, 9.92189473e-01],
       [1.00031923e-02, 9.89996808e-01],
       [1.34785446e-02, 9.86521455e-01],
       [7.74249471e-03, 9.92257505e-01],
       [5.01506595e-03, 9.94984934e-01],
       [9.96082193e-01, 3.91780737e-03],
       [9.97401210e-01, 2.59879016e-03],
       [5.22699286e-02, 9.47730071e-01],
       [1.02457270e-02, 9.89754273e-01],
       [1.06368758e-02, 9.89363124e-01],
       [4.35014118e-03, 9.95649859e-01],
       [9.92078402e-01, 7.92159767e-03],
       [9.95973434e-01, 4.02656558e-03],
       [9.94577353e-01, 5.42264708e-03],
       [9.17153706e-01, 8.28462936e-02],
       [9.82437541e-01, 1.75624592e-02],
       [1.35564747e-02, 9.86443525e-01],
       [4.74787666e-03, 9.95252123e-01],
       [9.84636902e-01, 1.53630979e-02],
       [3.82742901e-03, 9.96172571e-01],
       [5.96279711e-03, 9.94037203e-01],
       [9.97233558e-01, 2.76644175e-03],
       [9.94318692e-01, 5.68130775e-03],
       [3.13831043e-02, 9.68616896e-01],
       [1.13446765e-02, 9.88655324e-01],
       [9.87734510e-01, 1.22654899e-02],
       [1.69340328e-02, 9.83065967e-01],
       [9.88537384e-01, 1.14626162e-02],
       [9.93526093e-01, 6.47390689e-03],
       [3.65149550e-03, 9.96348505e-01],
       [9.88190879e-01, 1.18091210e-02],
       [9.90034321e-01, 9.96567911e-03],
       [5.99822531e-03, 9.94001775e-01],
       [9.91222861e-01, 8.77713949e-03],
       [5.07791700e-03, 9.94922083e-01],
       [9.77950109e-01, 2.20498914e-02],
       [4.78668665e-03, 9.95213313e-01],
       [9.96542775e-01, 3.45722536e-03]]), 19: array([[4.56162713e-02, 9.54383729e-01],
       [1.36575424e-02, 9.86342458e-01],
       [7.66846660e-02, 9.23315334e-01],
       [4.31028750e-01, 5.68971250e-01],
       [9.79319010e-01, 2.06809896e-02],
       [9.95843347e-01, 4.15665280e-03],
       [9.49887432e-06, 9.99990501e-01],
       [9.95999857e-01, 4.00014328e-03],
       [9.98278647e-01, 1.72135307e-03],
       [5.32481246e-03, 9.94675188e-01],
       [6.73807974e-03, 9.93261920e-01],
       [9.93075689e-01, 6.92431141e-03],
       [9.83808443e-01, 1.61915572e-02],
       [2.26989443e-02, 9.77301056e-01],
       [9.28769993e-01, 7.12300071e-02],
       [9.99639347e-01, 3.60653355e-04],
       [2.08255744e-02, 9.79174426e-01],
       [6.98999684e-01, 3.01000316e-01],
       [1.07046032e-02, 9.89295397e-01],
       [1.43972446e-02, 9.85602755e-01],
       [9.97729306e-01, 2.27069379e-03],
       [1.21021026e-02, 9.87897897e-01],
       [9.79591397e-01, 2.04086029e-02],
       [8.11666219e-03, 9.91883338e-01],
       [6.90763008e-03, 9.93092370e-01],
       [1.07669108e-02, 9.89233089e-01],
       [8.65826841e-03, 9.91341732e-01],
       [5.83499730e-03, 9.94165003e-01],
       [9.96389350e-01, 3.61065038e-03],
       [9.98230211e-01, 1.76978861e-03],
       [6.74589744e-02, 9.32541026e-01],
       [7.45606468e-03, 9.92543935e-01],
       [1.33847453e-02, 9.86615255e-01],
       [4.94950489e-03, 9.95050495e-01],
       [9.92766566e-01, 7.23343447e-03],
       [9.95689147e-01, 4.31085277e-03],
       [9.95203111e-01, 4.79688949e-03],
       [8.70194625e-01, 1.29805375e-01],
       [9.81436541e-01, 1.85634585e-02],
       [9.92336621e-03, 9.90076634e-01],
       [4.46431754e-03, 9.95535682e-01],
       [9.89450815e-01, 1.05491850e-02],
       [4.91495814e-03, 9.95085042e-01],
       [7.64176439e-03, 9.92358236e-01],
       [9.97148661e-01, 2.85133947e-03],
       [9.96109819e-01, 3.89018096e-03],
       [4.89765591e-02, 9.51023441e-01],
       [1.18841794e-02, 9.88115821e-01],
       [9.91679567e-01, 8.32043320e-03],
       [2.23853570e-02, 9.77614643e-01],
       [9.86418602e-01, 1.35813982e-02],
       [9.93779241e-01, 6.22075889e-03],
       [4.02095329e-03, 9.95979047e-01],
       [9.93085278e-01, 6.91472236e-03],
       [9.90457073e-01, 9.54292687e-03],
       [6.23503612e-03, 9.93764964e-01],
       [9.94985946e-01, 5.01405363e-03],
       [5.36618254e-03, 9.94633817e-01],
       [9.78949895e-01, 2.10501047e-02],
       [5.19161906e-03, 9.94808381e-01],
       [9.97120211e-01, 2.87978932e-03]]), 20: array([[4.89831453e-02, 9.51016855e-01],
       [1.68943143e-02, 9.83105686e-01],
       [6.43968400e-02, 9.35603160e-01],
       [4.28561514e-01, 5.71438486e-01],
       [9.72023486e-01, 2.79765140e-02],
       [9.95631306e-01, 4.36869426e-03],
       [5.07290240e-06, 9.99994927e-01],
       [9.93540098e-01, 6.45990184e-03],
       [9.97462559e-01, 2.53744129e-03],
       [5.16275600e-03, 9.94837244e-01],
       [7.38776881e-03, 9.92612231e-01],
       [9.89207991e-01, 1.07920091e-02],
       [9.73145199e-01, 2.68548006e-02],
       [2.02161348e-02, 9.79783865e-01],
       [9.15275455e-01, 8.47245445e-02],
       [9.99622532e-01, 3.77468079e-04],
       [2.23181137e-02, 9.77681886e-01],
       [6.21555190e-01, 3.78444810e-01],
       [8.33157377e-03, 9.91668426e-01],
       [1.60841366e-02, 9.83915863e-01],
       [9.97060861e-01, 2.93913859e-03],
       [1.64721174e-02, 9.83527883e-01],
       [9.77873428e-01, 2.21265717e-02],
       [7.50456696e-03, 9.92495433e-01],
       [6.29780319e-03, 9.93702197e-01],
       [8.45009285e-03, 9.91549907e-01],
       [9.84164755e-03, 9.90158352e-01],
       [5.96155377e-03, 9.94038446e-01],
       [9.95808719e-01, 4.19128059e-03],
       [9.97584863e-01, 2.41513735e-03],
       [7.63529110e-02, 9.23647089e-01],
       [7.65422320e-03, 9.92345777e-01],
       [1.58759379e-02, 9.84124062e-01],
       [4.25459571e-03, 9.95745404e-01],
       [9.87846631e-01, 1.21533693e-02],
       [9.94867967e-01, 5.13203310e-03],
       [9.92178307e-01, 7.82169269e-03],
       [7.99791624e-01, 2.00208376e-01],
       [9.74884678e-01, 2.51153218e-02],
       [6.00348595e-03, 9.93996514e-01],
       [4.22956990e-03, 9.95770430e-01],
       [9.85157274e-01, 1.48427255e-02],
       [4.60117980e-03, 9.95398820e-01],
       [6.29982822e-03, 9.93700172e-01],
       [9.96612759e-01, 3.38724146e-03],
       [9.94601671e-01, 5.39832943e-03],
       [4.97006233e-02, 9.50299377e-01],
       [1.20503086e-02, 9.87949691e-01],
       [9.90054864e-01, 9.94513561e-03],
       [2.08880738e-02, 9.79111926e-01],
       [9.78605920e-01, 2.13940798e-02],
       [9.90373480e-01, 9.62652018e-03],
       [4.15022502e-03, 9.95849775e-01],
       [9.92179473e-01, 7.82052714e-03],
       [9.85166304e-01, 1.48336956e-02],
       [5.93912915e-03, 9.94060871e-01],
       [9.91628954e-01, 8.37104585e-03],
       [6.58834257e-03, 9.93411657e-01],
       [9.74618555e-01, 2.53814447e-02],
       [5.57765220e-03, 9.94422348e-01],
       [9.94986810e-01, 5.01318982e-03]]), 21: array([[5.72190470e-02, 9.42780953e-01],
       [1.98050986e-02, 9.80194901e-01],
       [7.58093565e-02, 9.24190644e-01],
       [5.48785554e-01, 4.51214446e-01],
       [9.78761135e-01, 2.12388655e-02],
       [9.96786700e-01, 3.21330045e-03],
       [6.75223860e-06, 9.99993248e-01],
       [9.95882926e-01, 4.11707421e-03],
       [9.97901601e-01, 2.09839872e-03],
       [6.28079452e-03, 9.93719205e-01],
       [6.61775638e-03, 9.93382244e-01],
       [9.91397204e-01, 8.60279586e-03],
       [9.68051539e-01, 3.19484611e-02],
       [1.80855020e-02, 9.81914498e-01],
       [8.88305643e-01, 1.11694357e-01],
       [9.99748574e-01, 2.51425560e-04],
       [3.77182242e-02, 9.62281776e-01],
       [6.83497086e-01, 3.16502914e-01],
       [9.03654154e-03, 9.90963458e-01],
       [1.44348536e-02, 9.85565146e-01],
       [9.96271680e-01, 3.72831973e-03],
       [1.46606867e-02, 9.85339313e-01],
       [9.87948094e-01, 1.20519063e-02],
       [6.54525744e-03, 9.93454743e-01],
       [6.39870085e-03, 9.93601299e-01],
       [1.25681867e-02, 9.87431813e-01],
       [8.41066828e-03, 9.91589332e-01],
       [4.85478065e-03, 9.95145219e-01],
       [9.95823676e-01, 4.17632428e-03],
       [9.97646929e-01, 2.35307118e-03],
       [1.23839891e-01, 8.76160109e-01],
       [6.96884348e-03, 9.93031157e-01],
       [1.69026353e-02, 9.83097365e-01],
       [3.64140705e-03, 9.96358593e-01],
       [9.90001689e-01, 9.99831059e-03],
       [9.95258215e-01, 4.74178508e-03],
       [9.91518305e-01, 8.48169472e-03],
       [8.18377419e-01, 1.81622581e-01],
       [9.76445937e-01, 2.35540631e-02],
       [7.66497480e-03, 9.92335025e-01],
       [4.64693209e-03, 9.95353068e-01],
       [9.91258367e-01, 8.74163298e-03],
       [5.01358685e-03, 9.94986413e-01],
       [5.71003446e-03, 9.94289966e-01],
       [9.96508540e-01, 3.49145971e-03],
       [9.94542887e-01, 5.45711330e-03],
       [8.36047956e-02, 9.16395204e-01],
       [1.14747992e-02, 9.88525201e-01],
       [9.90350709e-01, 9.64929132e-03],
       [2.71675302e-02, 9.72832470e-01],
       [9.79074885e-01, 2.09251149e-02],
       [9.89956884e-01, 1.00431163e-02],
       [4.30697593e-03, 9.95693024e-01],
       [9.92704603e-01, 7.29539651e-03],
       [9.88316151e-01, 1.16838491e-02],
       [5.48156373e-03, 9.94518436e-01],
       [9.92127357e-01, 7.87264278e-03],
       [6.10434500e-03, 9.93895655e-01],
       [9.79147103e-01, 2.08528973e-02],
       [6.64123049e-03, 9.93358770e-01],
       [9.92714160e-01, 7.28584001e-03]]), 22: array([[6.69448376e-02, 9.33055162e-01],
       [2.37390515e-02, 9.76260949e-01],
       [1.12621814e-01, 8.87378186e-01],
       [5.79505668e-01, 4.20494332e-01],
       [9.79276357e-01, 2.07236428e-02],
       [9.97220797e-01, 2.77920261e-03],
       [6.12424880e-06, 9.99993876e-01],
       [9.95533519e-01, 4.46648065e-03],
       [9.97975565e-01, 2.02443496e-03],
       [6.12856169e-03, 9.93871438e-01],
       [8.94256174e-03, 9.91057438e-01],
       [9.93354716e-01, 6.64528352e-03],
       [9.66457241e-01, 3.35427595e-02],
       [1.80136253e-02, 9.81986375e-01],
       [8.85207979e-01, 1.14792021e-01],
       [9.99744511e-01, 2.55489195e-04],
       [5.96533543e-02, 9.40346646e-01],
       [7.00281981e-01, 2.99718019e-01],
       [8.96987286e-03, 9.91030127e-01],
       [1.45560762e-02, 9.85443924e-01],
       [9.96775233e-01, 3.22476674e-03],
       [1.79449638e-02, 9.82055036e-01],
       [9.91994511e-01, 8.00548888e-03],
       [5.34923798e-03, 9.94650762e-01],
       [6.10175216e-03, 9.93898248e-01],
       [1.55656592e-02, 9.84434341e-01],
       [7.12214051e-03, 9.92877859e-01],
       [5.13078308e-03, 9.94869217e-01],
       [9.95773449e-01, 4.22655089e-03],
       [9.97076908e-01, 2.92309238e-03],
       [1.98568409e-01, 8.01431591e-01],
       [7.70601638e-03, 9.92293984e-01],
       [1.80891706e-02, 9.81910829e-01],
       [3.34884993e-03, 9.96651150e-01],
       [9.88680135e-01, 1.13198650e-02],
       [9.94628593e-01, 5.37140667e-03],
       [9.91733636e-01, 8.26636412e-03],
       [8.15663568e-01, 1.84336432e-01],
       [9.78045619e-01, 2.19543815e-02],
       [6.33289112e-03, 9.93667109e-01],
       [4.55344909e-03, 9.95446551e-01],
       [9.91921041e-01, 8.07895918e-03],
       [5.07109440e-03, 9.94928906e-01],
       [6.28583414e-03, 9.93714166e-01],
       [9.96870535e-01, 3.12946530e-03],
       [9.94333510e-01, 5.66649045e-03],
       [1.00032577e-01, 8.99967423e-01],
       [1.42773394e-02, 9.85722661e-01],
       [9.92338603e-01, 7.66139677e-03],
       [3.01268728e-02, 9.69873127e-01],
       [9.75371524e-01, 2.46284760e-02],
       [9.90239215e-01, 9.76078523e-03],
       [4.33964152e-03, 9.95660358e-01],
       [9.92111398e-01, 7.88860205e-03],
       [9.85832818e-01, 1.41671822e-02],
       [5.08260006e-03, 9.94917400e-01],
       [9.91766388e-01, 8.23361216e-03],
       [5.54705423e-03, 9.94452946e-01],
       [9.80672429e-01, 1.93275706e-02],
       [7.20354102e-03, 9.92796459e-01],
       [9.93346341e-01, 6.65365898e-03]]), 23: array([[6.34171058e-02, 9.36582894e-01],
       [2.47027085e-02, 9.75297291e-01],
       [1.06237907e-01, 8.93762093e-01],
       [5.57099641e-01, 4.42900359e-01],
       [9.79393504e-01, 2.06064958e-02],
       [9.97146923e-01, 2.85307726e-03],
       [3.23283489e-06, 9.99996767e-01],
       [9.95720259e-01, 4.27974136e-03],
       [9.98292430e-01, 1.70757050e-03],
       [5.33699878e-03, 9.94663001e-01],
       [6.84317619e-03, 9.93156824e-01],
       [9.91604702e-01, 8.39529779e-03],
       [9.64440556e-01, 3.55594440e-02],
       [1.41804143e-02, 9.85819586e-01],
       [8.51347450e-01, 1.48652550e-01],
       [9.99753636e-01, 2.46364193e-04],
       [5.50813970e-02, 9.44918603e-01],
       [6.69749399e-01, 3.30250601e-01],
       [8.29060910e-03, 9.91709391e-01],
       [9.69798650e-03, 9.90302013e-01],
       [9.96632461e-01, 3.36753945e-03],
       [1.59116096e-02, 9.84088390e-01],
       [9.90881982e-01, 9.11801789e-03],
       [3.69178822e-03, 9.96308212e-01],
       [4.91019884e-03, 9.95089801e-01],
       [1.28269703e-02, 9.87173030e-01],
       [5.73974512e-03, 9.94260255e-01],
       [3.99215933e-03, 9.96007841e-01],
       [9.95499739e-01, 4.50026117e-03],
       [9.96795172e-01, 3.20482793e-03],
       [1.61108894e-01, 8.38891106e-01],
       [5.29596725e-03, 9.94704033e-01],
       [1.45666208e-02, 9.85433379e-01],
       [2.57560234e-03, 9.97424398e-01],
       [9.88859142e-01, 1.11408578e-02],
       [9.94621114e-01, 5.37888586e-03],
       [9.92059818e-01, 7.94018188e-03],
       [8.23646037e-01, 1.76353963e-01],
       [9.78439060e-01, 2.15609395e-02],
       [4.75729610e-03, 9.95242704e-01],
       [4.29917163e-03, 9.95700828e-01],
       [9.93539979e-01, 6.46002063e-03],
       [3.60364264e-03, 9.96396357e-01],
       [5.03536243e-03, 9.94964638e-01],
       [9.97068623e-01, 2.93137749e-03],
       [9.93859471e-01, 6.14052933e-03],
       [8.34277536e-02, 9.16572246e-01],
       [1.28724547e-02, 9.87127545e-01],
       [9.92143914e-01, 7.85608560e-03],
       [2.81356776e-02, 9.71864322e-01],
       [9.74141409e-01, 2.58585910e-02],
       [9.91361010e-01, 8.63898962e-03],
       [3.29057539e-03, 9.96709425e-01],
       [9.91539145e-01, 8.46085452e-03],
       [9.86242068e-01, 1.37579323e-02],
       [3.15708575e-03, 9.96842914e-01],
       [9.92768688e-01, 7.23131211e-03],
       [4.66071405e-03, 9.95339286e-01],
       [9.83005049e-01, 1.69949514e-02],
       [5.58814796e-03, 9.94411852e-01],
       [9.92246892e-01, 7.75310845e-03]]), 24: array([[6.24556445e-02, 9.37544356e-01],
       [2.07226051e-02, 9.79277395e-01],
       [9.05627341e-02, 9.09437266e-01],
       [5.30436286e-01, 4.69563714e-01],
       [9.81022593e-01, 1.89774074e-02],
       [9.96965682e-01, 3.03431758e-03],
       [4.18418904e-06, 9.99995816e-01],
       [9.96202203e-01, 3.79779665e-03],
       [9.98249196e-01, 1.75080406e-03],
       [4.41337966e-03, 9.95586620e-01],
       [7.21784001e-03, 9.92782160e-01],
       [9.88582949e-01, 1.14170507e-02],
       [9.61585188e-01, 3.84148121e-02],
       [1.64472560e-02, 9.83552744e-01],
       [8.56505540e-01, 1.43494460e-01],
       [9.99745690e-01, 2.54310085e-04],
       [5.90973159e-02, 9.40902684e-01],
       [6.38022953e-01, 3.61977047e-01],
       [6.94891520e-03, 9.93051085e-01],
       [9.00254923e-03, 9.90997451e-01],
       [9.96017165e-01, 3.98283506e-03],
       [1.41391121e-02, 9.85860888e-01],
       [9.91273045e-01, 8.72695506e-03],
       [3.55096536e-03, 9.96449035e-01],
       [4.68296945e-03, 9.95317031e-01],
       [1.12947810e-02, 9.88705219e-01],
       [4.71529381e-03, 9.95284706e-01],
       [3.88826025e-03, 9.96111740e-01],
       [9.95743583e-01, 4.25641700e-03],
       [9.96800043e-01, 3.19995745e-03],
       [1.72646444e-01, 8.27353556e-01],
       [5.52862181e-03, 9.94471378e-01],
       [1.02791458e-02, 9.89720854e-01],
       [1.18373253e-05, 9.99988163e-01],
       [9.86475240e-01, 1.35247599e-02],
       [9.95230612e-01, 4.76938808e-03],
       [9.89922777e-01, 1.00772226e-02],
       [8.17106355e-01, 1.82893645e-01],
       [9.75542008e-01, 2.44579923e-02],
       [4.17573716e-03, 9.95824263e-01],
       [3.92975265e-03, 9.96070247e-01],
       [9.93423307e-01, 6.57669332e-03],
       [3.59891070e-03, 9.96401089e-01],
       [4.00488167e-03, 9.95995118e-01],
       [9.97684110e-01, 2.31589002e-03],
       [9.93080055e-01, 6.91994478e-03],
       [9.11747106e-02, 9.08825289e-01],
       [1.28262719e-02, 9.87173728e-01],
       [9.93471164e-01, 6.52883556e-03],
       [2.82675000e-02, 9.71732500e-01],
       [9.70611816e-01, 2.93881844e-02],
       [9.89521693e-01, 1.04783066e-02],
       [2.81066219e-03, 9.97189338e-01],
       [9.92740781e-01, 7.25921933e-03],
       [9.86333038e-01, 1.36669619e-02],
       [3.80075624e-03, 9.96199244e-01],
       [9.93092599e-01, 6.90740100e-03],
       [3.72873774e-03, 9.96271262e-01],
       [9.81559752e-01, 1.84402476e-02],
       [4.76581440e-03, 9.95234186e-01],
       [9.90626184e-01, 9.37381581e-03]]), 25: array([[9.21520419e-02, 9.07847958e-01],
       [3.12540577e-02, 9.68745942e-01],
       [1.14146382e-01, 8.85853618e-01],
       [5.72725014e-01, 4.27274986e-01],
       [9.83054363e-01, 1.69456374e-02],
       [9.97263199e-01, 2.73680130e-03],
       [7.75433185e-06, 9.99992246e-01],
       [9.96606201e-01, 3.39379940e-03],
       [9.97964957e-01, 2.03504292e-03],
       [5.76906116e-03, 9.94230939e-01],
       [1.24160739e-02, 9.87583926e-01],
       [9.90053578e-01, 9.94642200e-03],
       [9.66305728e-01, 3.36942718e-02],
       [1.78005758e-02, 9.82199424e-01],
       [8.83271589e-01, 1.16728411e-01],
       [9.99738043e-01, 2.61956598e-04],
       [7.81615536e-02, 9.21838446e-01],
       [7.04393490e-01, 2.95606510e-01],
       [8.34900958e-03, 9.91650990e-01],
       [1.37536628e-02, 9.86246337e-01],
       [9.96065360e-01, 3.93464012e-03],
       [1.93240093e-02, 9.80675991e-01],
       [9.92495340e-01, 7.50466019e-03],
       [7.06114855e-03, 9.92938851e-01],
       [5.54601290e-03, 9.94453987e-01],
       [1.56192279e-02, 9.84380772e-01],
       [8.46470047e-03, 9.91535300e-01],
       [8.19982289e-03, 9.91800177e-01],
       [9.96535785e-01, 3.46421512e-03],
       [9.97394996e-01, 2.60500431e-03],
       [2.48673727e-01, 7.51326273e-01],
       [8.74775416e-03, 9.91252246e-01],
       [1.09566241e-02, 9.89043376e-01],
       [2.80001036e-03, 9.97199990e-01],
       [9.86515195e-01, 1.34848045e-02],
       [9.95602931e-01, 4.39706872e-03],
       [9.91036810e-01, 8.96318981e-03],
       [8.47266562e-01, 1.52733438e-01],
       [9.79374505e-01, 2.06254946e-02],
       [5.62226285e-03, 9.94377737e-01],
       [4.88136834e-03, 9.95118632e-01],
       [9.94987062e-01, 5.01293849e-03],
       [4.73235169e-03, 9.95267648e-01],
       [5.36208596e-03, 9.94637914e-01],
       [9.97892727e-01, 2.10727346e-03],
       [9.93284758e-01, 6.71524151e-03],
       [1.35582572e-01, 8.64417428e-01],
       [1.94206863e-02, 9.80579314e-01],
       [9.93622184e-01, 6.37781566e-03],
       [3.81382235e-02, 9.61861777e-01],
       [9.77256135e-01, 2.27438652e-02],
       [9.90987188e-01, 9.01281244e-03],
       [4.02170751e-03, 9.95978292e-01],
       [9.93968466e-01, 6.03153396e-03],
       [9.87338607e-01, 1.26613928e-02],
       [5.65459074e-03, 9.94345409e-01],
       [9.92474589e-01, 7.52541095e-03],
       [5.09912538e-03, 9.94900875e-01],
       [9.83676839e-01, 1.63231612e-02],
       [8.74276064e-03, 9.91257239e-01],
       [9.91031778e-01, 8.96822197e-03]]), 26: array([[6.85770715e-02, 9.31422929e-01],
       [2.07889675e-02, 9.79211032e-01],
       [9.74439996e-02, 9.02556000e-01],
       [5.00000000e-01, 5.00000000e-01],
       [9.82728420e-01, 1.72715795e-02],
       [9.97228930e-01, 2.77107050e-03],
       [2.48983307e-06, 9.99997510e-01],
       [9.96211154e-01, 3.78884558e-03],
       [9.97875578e-01, 2.12442214e-03],
       [3.73792935e-03, 9.96262071e-01],
       [8.12975643e-03, 9.91870244e-01],
       [9.88361739e-01, 1.16382608e-02],
       [9.61957934e-01, 3.80420656e-02],
       [1.20715994e-02, 9.87928401e-01],
       [8.73406503e-01, 1.26593497e-01],
       [9.99728249e-01, 2.71751216e-04],
       [5.52441446e-02, 9.44755855e-01],
       [6.55459311e-01, 3.44540689e-01],
       [5.63024900e-03, 9.94369751e-01],
       [7.84557755e-03, 9.92154422e-01],
       [9.95504239e-01, 4.49576051e-03],
       [1.28326340e-02, 9.87167366e-01],
       [9.91998252e-01, 8.00174842e-03],
       [4.38956440e-03, 9.95610436e-01],
       [3.44166524e-03, 9.96558335e-01],
       [1.05487891e-02, 9.89451211e-01],
       [6.07464187e-03, 9.93925358e-01],
       [5.06819002e-03, 9.94931810e-01],
       [9.95838435e-01, 4.16156548e-03],
       [9.96968374e-01, 3.03162600e-03],
       [2.27770405e-01, 7.72229595e-01],
       [5.48639513e-03, 9.94513605e-01],
       [7.94637884e-03, 9.92053621e-01],
       [6.95397065e-06, 9.99993046e-01],
       [9.85981956e-01, 1.40180437e-02],
       [9.95110744e-01, 4.88925627e-03],
       [9.90508452e-01, 9.49154836e-03],
       [8.30445284e-01, 1.69554716e-01],
       [9.74918977e-01, 2.50810234e-02],
       [2.63664676e-03, 9.97363353e-01],
       [3.19710063e-03, 9.96802899e-01],
       [9.94394057e-01, 5.60594282e-03],
       [3.14177615e-03, 9.96858224e-01],
       [3.29415210e-03, 9.96705848e-01],
       [9.98134182e-01, 1.86581753e-03],
       [9.92930202e-01, 7.06979750e-03],
       [9.20661688e-02, 9.07933831e-01],
       [1.38424407e-02, 9.86157559e-01],
       [9.93132587e-01, 6.86741334e-03],
       [2.53193462e-02, 9.74680654e-01],
       [9.70885584e-01, 2.91144160e-02],
       [9.90509050e-01, 9.49095049e-03],
       [1.83629094e-05, 9.99981637e-01],
       [9.93047166e-01, 6.95283448e-03],
       [9.84958978e-01, 1.50410224e-02],
       [3.98521267e-03, 9.96014787e-01],
       [9.92784072e-01, 7.21592774e-03],
       [3.21168540e-03, 9.96788315e-01],
       [9.82588946e-01, 1.74110544e-02],
       [5.29236525e-03, 9.94707635e-01],
       [9.90817410e-01, 9.18258968e-03]]), 27: array([[8.22187732e-02, 9.17781227e-01],
       [2.33496983e-02, 9.76650302e-01],
       [1.09290776e-01, 8.90709224e-01],
       [5.29533000e-01, 4.70467000e-01],
       [9.82965587e-01, 1.70344132e-02],
       [9.97116923e-01, 2.88307727e-03],
       [3.82600791e-06, 9.99996174e-01],
       [9.95562149e-01, 4.43785083e-03],
       [9.97565524e-01, 2.43447637e-03],
       [4.96261727e-03, 9.95037383e-01],
       [9.63803695e-03, 9.90361963e-01],
       [9.87146123e-01, 1.28538768e-02],
       [9.52901765e-01, 4.70982348e-02],
       [1.62344373e-02, 9.83765563e-01],
       [8.62728517e-01, 1.37271483e-01],
       [9.99666676e-01, 3.33323970e-04],
       [6.73275123e-02, 9.32672488e-01],
       [7.01538476e-01, 2.98461524e-01],
       [6.66132490e-03, 9.93338675e-01],
       [8.77549591e-03, 9.91224504e-01],
       [9.94663655e-01, 5.33634451e-03],
       [1.48534577e-02, 9.85146542e-01],
       [9.90699859e-01, 9.30014086e-03],
       [5.50457182e-03, 9.94495428e-01],
       [5.19410942e-03, 9.94805891e-01],
       [1.22538166e-02, 9.87746183e-01],
       [8.64369440e-03, 9.91356306e-01],
       [5.81169912e-03, 9.94188301e-01],
       [9.95849647e-01, 4.15035269e-03],
       [9.96554250e-01, 3.44574975e-03],
       [2.24178702e-01, 7.75821298e-01],
       [6.22973539e-03, 9.93770265e-01],
       [1.00254034e-02, 9.89974597e-01],
       [7.24966133e-06, 9.99992750e-01],
       [9.86183810e-01, 1.38161897e-02],
       [9.95353666e-01, 4.64633431e-03],
       [9.90627118e-01, 9.37288201e-03],
       [8.44352212e-01, 1.55647788e-01],
       [9.74904545e-01, 2.50954555e-02],
       [3.24432748e-03, 9.96755673e-01],
       [4.36685488e-03, 9.95633145e-01],
       [9.93478949e-01, 6.52105122e-03],
       [4.29956678e-03, 9.95700433e-01],
       [3.18453514e-03, 9.96815465e-01],
       [9.97984271e-01, 2.01572852e-03],
       [9.93627118e-01, 6.37288223e-03],
       [1.09073991e-01, 8.90926009e-01],
       [1.75233508e-02, 9.82476649e-01],
       [9.92379413e-01, 7.62058671e-03],
       [3.06520295e-02, 9.69347970e-01],
       [9.70246374e-01, 2.97536262e-02],
       [9.90019751e-01, 9.98024926e-03],
       [3.29910538e-03, 9.96700895e-01],
       [9.93060399e-01, 6.93960062e-03],
       [9.83762157e-01, 1.62378426e-02],
       [4.50771973e-03, 9.95492280e-01],
       [9.92416241e-01, 7.58375855e-03],
       [3.40402694e-03, 9.96595973e-01],
       [9.83113688e-01, 1.68863122e-02],
       [6.46353343e-03, 9.93536467e-01],
       [9.89705539e-01, 1.02944606e-02]]), 28: array([[7.28388360e-02, 9.27161164e-01],
       [2.28162427e-02, 9.77183757e-01],
       [9.54327734e-02, 9.04567227e-01],
       [5.46599609e-01, 4.53400391e-01],
       [9.82873589e-01, 1.71264112e-02],
       [9.97357846e-01, 2.64215420e-03],
       [3.00908113e-06, 9.99996991e-01],
       [9.95616589e-01, 4.38341069e-03],
       [9.97445744e-01, 2.55425567e-03],
       [4.10702301e-03, 9.95892977e-01],
       [9.50208793e-03, 9.90497912e-01],
       [9.83224659e-01, 1.67753406e-02],
       [9.41732664e-01, 5.82673364e-02],
       [1.76783757e-02, 9.82321624e-01],
       [8.74101206e-01, 1.25898794e-01],
       [9.99690367e-01, 3.09632961e-04],
       [5.37300191e-02, 9.46269981e-01],
       [7.07330554e-01, 2.92669446e-01],
       [6.60827252e-03, 9.93391727e-01],
       [9.49747354e-03, 9.90502526e-01],
       [9.93832512e-01, 6.16748770e-03],
       [1.50059683e-02, 9.84994032e-01],
       [9.91311126e-01, 8.68887367e-03],
       [5.16103740e-03, 9.94838963e-01],
       [4.84750477e-03, 9.95152495e-01],
       [1.04881946e-02, 9.89511805e-01],
       [7.09710150e-03, 9.92902898e-01],
       [4.55071214e-03, 9.95449288e-01],
       [9.94504888e-01, 5.49511238e-03],
       [9.94794779e-01, 5.20522100e-03],
       [2.70872128e-01, 7.29127872e-01],
       [5.96314737e-03, 9.94036853e-01],
       [1.12790200e-02, 9.88720980e-01],
       [6.42269015e-06, 9.99993577e-01],
       [9.87185691e-01, 1.28143091e-02],
       [9.95274581e-01, 4.72541852e-03],
       [9.91869239e-01, 8.13076147e-03],
       [8.50370681e-01, 1.49629319e-01],
       [9.79177044e-01, 2.08229560e-02],
       [3.33747215e-03, 9.96662528e-01],
       [4.16375586e-03, 9.95836244e-01],
       [9.93914802e-01, 6.08519794e-03],
       [3.91819737e-03, 9.96081803e-01],
       [3.17333697e-03, 9.96826663e-01],
       [9.97506524e-01, 2.49347593e-03],
       [9.92427030e-01, 7.57297033e-03],
       [1.20974317e-01, 8.79025683e-01],
       [1.65008194e-02, 9.83499181e-01],
       [9.93397148e-01, 6.60285211e-03],
       [2.61915420e-02, 9.73808458e-01],
       [9.72561180e-01, 2.74388197e-02],
       [9.91638713e-01, 8.36128666e-03],
       [3.46433579e-03, 9.96535664e-01],
       [9.91143779e-01, 8.85622141e-03],
       [9.84137106e-01, 1.58628941e-02],
       [3.98729243e-03, 9.96012708e-01],
       [9.92291463e-01, 7.70853745e-03],
       [3.62335712e-03, 9.96376643e-01],
       [9.83621206e-01, 1.63787940e-02],
       [5.61149593e-03, 9.94388504e-01],
       [9.89181366e-01, 1.08186344e-02]]), 29: array([[8.04621841e-02, 9.19537816e-01],
       [2.63887284e-02, 9.73611272e-01],
       [1.04827378e-01, 8.95172622e-01],
       [5.07030826e-01, 4.92969174e-01],
       [9.81274603e-01, 1.87253971e-02],
       [9.96906240e-01, 3.09375978e-03],
       [2.90428034e-06, 9.99997096e-01],
       [9.95592254e-01, 4.40774620e-03],
       [9.97303038e-01, 2.69696231e-03],
       [4.40450787e-03, 9.95595492e-01],
       [7.42741439e-03, 9.92572586e-01],
       [9.79934318e-01, 2.00656822e-02],
       [9.35652301e-01, 6.43476989e-02],
       [1.81829442e-02, 9.81817056e-01],
       [8.42081659e-01, 1.57918341e-01],
       [9.99622371e-01, 3.77628586e-04],
       [5.28486079e-02, 9.47151392e-01],
       [6.76642909e-01, 3.23357091e-01],
       [7.16994811e-03, 9.92830052e-01],
       [7.68452790e-03, 9.92315472e-01],
       [9.93154986e-01, 6.84501445e-03],
       [1.46495128e-02, 9.85350487e-01],
       [9.91222932e-01, 8.77706797e-03],
       [4.27116044e-03, 9.95728840e-01],
       [4.11692237e-03, 9.95883078e-01],
       [9.21844613e-03, 9.90781554e-01],
       [5.25495888e-03, 9.94745041e-01],
       [4.41927300e-03, 9.95580727e-01],
       [9.93191117e-01, 6.80888302e-03],
       [9.93544980e-01, 6.45501962e-03],
       [2.71292624e-01, 7.28707376e-01],
       [6.66618858e-03, 9.93333811e-01],
       [1.07263595e-02, 9.89273641e-01],
       [4.57502682e-06, 9.99995425e-01],
       [9.84473692e-01, 1.55263076e-02],
       [9.95396293e-01, 4.60370741e-03],
       [9.90846285e-01, 9.15371451e-03],
       [8.06321057e-01, 1.93678943e-01],
       [9.76702623e-01, 2.32973772e-02],
       [2.93157102e-03, 9.97068429e-01],
       [4.36351879e-03, 9.95636481e-01],
       [9.92932257e-01, 7.06774288e-03],
       [4.18580467e-03, 9.95814195e-01],
       [1.87037725e-05, 9.99981296e-01],
       [9.97412451e-01, 2.58754851e-03],
       [9.92036448e-01, 7.96355244e-03],
       [1.18209167e-01, 8.81790833e-01],
       [1.56376615e-02, 9.84362339e-01],
       [9.92932999e-01, 7.06700138e-03],
       [2.82109243e-02, 9.71789076e-01],
       [9.69977334e-01, 3.00226658e-02],
       [9.90773263e-01, 9.22673708e-03],
       [3.18071113e-03, 9.96819289e-01],
       [9.88601680e-01, 1.13983199e-02],
       [9.80630729e-01, 1.93692713e-02],
       [4.12824148e-03, 9.95871759e-01],
       [9.91642930e-01, 8.35707031e-03],
       [3.03552177e-03, 9.96964478e-01],
       [9.82609048e-01, 1.73909518e-02],
       [5.00713187e-03, 9.94992868e-01],
       [9.88207746e-01, 1.17922538e-02]]), 30: array([[7.34567469e-02, 9.26543253e-01],
       [1.92939944e-02, 9.80706006e-01],
       [1.02007881e-01, 8.97992119e-01],
       [5.07348162e-01, 4.92651838e-01],
       [9.78946565e-01, 2.10534352e-02],
       [9.96348074e-01, 3.65192624e-03],
       [2.96469908e-06, 9.99997035e-01],
       [9.93655519e-01, 6.34448086e-03],
       [9.97303799e-01, 2.69620130e-03],
       [2.65700778e-03, 9.97342992e-01],
       [7.42631684e-03, 9.92573683e-01],
       [9.76426170e-01, 2.35738297e-02],
       [9.24560220e-01, 7.54397797e-02],
       [1.52187040e-02, 9.84781296e-01],
       [8.89646219e-01, 1.10353781e-01],
       [9.99534107e-01, 4.65893284e-04],
       [4.62461124e-02, 9.53753888e-01],
       [6.67538745e-01, 3.32461255e-01],
       [5.69437083e-03, 9.94305629e-01],
       [6.76758055e-03, 9.93232419e-01],
       [9.89612184e-01, 1.03878160e-02],
       [9.99495159e-03, 9.90005048e-01],
       [9.91663501e-01, 8.33649887e-03],
       [4.70191618e-03, 9.95298084e-01],
       [3.00745555e-03, 9.96992544e-01],
       [7.32698315e-03, 9.92673017e-01],
       [4.01548871e-03, 9.95984511e-01],
       [3.83267184e-03, 9.96167328e-01],
       [9.90705834e-01, 9.29416561e-03],
       [9.89564735e-01, 1.04352654e-02],
       [2.30650587e-01, 7.69349413e-01],
       [4.67107523e-03, 9.95328925e-01],
       [8.09389302e-03, 9.91906107e-01],
       [2.80455389e-06, 9.99997195e-01],
       [9.84503955e-01, 1.54960451e-02],
       [9.95598177e-01, 4.40182315e-03],
       [9.89363890e-01, 1.06361099e-02],
       [8.10129517e-01, 1.89870483e-01],
       [9.78934197e-01, 2.10658033e-02],
       [2.54086576e-03, 9.97459134e-01],
       [3.39692401e-03, 9.96603076e-01],
       [9.93052129e-01, 6.94787084e-03],
       [4.29419876e-03, 9.95705801e-01],
       [1.40642716e-05, 9.99985936e-01],
       [9.97095387e-01, 2.90461315e-03],
       [9.90768268e-01, 9.23173223e-03],
       [1.94562865e-01, 8.05437135e-01],
       [1.43625937e-02, 9.85637406e-01],
       [9.93478013e-01, 6.52198723e-03],
       [2.41350367e-02, 9.75864963e-01],
       [9.75462082e-01, 2.45379180e-02],
       [9.89730502e-01, 1.02694975e-02],
       [2.74512497e-03, 9.97254875e-01],
       [9.83856061e-01, 1.61439393e-02],
       [9.79660190e-01, 2.03398102e-02],
       [3.44612282e-03, 9.96553877e-01],
       [9.90534158e-01, 9.46584156e-03],
       [2.85169230e-03, 9.97148308e-01],
       [9.85266189e-01, 1.47338113e-02],
       [4.52725108e-03, 9.95472749e-01],
       [9.87111795e-01, 1.28882051e-02]]), 31: array([[7.84198952e-02, 9.21580105e-01],
       [1.78513126e-02, 9.82148687e-01],
       [9.96323594e-02, 9.00367641e-01],
       [4.56757177e-01, 5.43242823e-01],
       [9.78706208e-01, 2.12937918e-02],
       [9.96719525e-01, 3.28047512e-03],
       [2.33305705e-06, 9.99997667e-01],
       [9.93913934e-01, 6.08606611e-03],
       [9.97327267e-01, 2.67273254e-03],
       [1.91795338e-05, 9.99980820e-01],
       [7.24951788e-03, 9.92750482e-01],
       [9.82335903e-01, 1.76640974e-02],
       [9.27553554e-01, 7.24464457e-02],
       [1.55517471e-02, 9.84448253e-01],
       [9.00068545e-01, 9.99314546e-02],
       [9.99592580e-01, 4.07420338e-04],
       [4.80625113e-02, 9.51937489e-01],
       [6.40682630e-01, 3.59317370e-01],
       [5.40029458e-03, 9.94599705e-01],
       [6.92736655e-03, 9.93072633e-01],
       [9.90121316e-01, 9.87868358e-03],
       [8.26495041e-03, 9.91735050e-01],
       [9.92313022e-01, 7.68697801e-03],
       [4.45894593e-03, 9.95541054e-01],
       [1.25010221e-05, 9.99987499e-01],
       [5.94560732e-03, 9.94054393e-01],
       [3.00587608e-03, 9.96994124e-01],
       [3.40306289e-03, 9.96596937e-01],
       [9.90672976e-01, 9.32702426e-03],
       [9.88970901e-01, 1.10290993e-02],
       [2.35018005e-01, 7.64981995e-01],
       [3.60216213e-03, 9.96397838e-01],
       [6.47178091e-03, 9.93528219e-01],
       [1.72174806e-06, 9.99998278e-01],
       [9.85334858e-01, 1.46651418e-02],
       [9.96281910e-01, 3.71808981e-03],
       [9.90602177e-01, 9.39782283e-03],
       [7.70104479e-01, 2.29895521e-01],
       [9.81167365e-01, 1.88326353e-02],
       [1.18145115e-05, 9.99988185e-01],
       [2.66413014e-03, 9.97335870e-01],
       [9.93893959e-01, 6.10604109e-03],
       [3.42697882e-03, 9.96573021e-01],
       [6.88058299e-06, 9.99993119e-01],
       [9.97584867e-01, 2.41513298e-03],
       [9.91865638e-01, 8.13436246e-03],
       [2.27098691e-01, 7.72901309e-01],
       [1.16011986e-02, 9.88398801e-01],
       [9.94693655e-01, 5.30634521e-03],
       [2.17445748e-02, 9.78255425e-01],
       [9.77818247e-01, 2.21817532e-02],
       [9.90732378e-01, 9.26762198e-03],
       [1.43410642e-05, 9.99985659e-01],
       [9.84551801e-01, 1.54481991e-02],
       [9.77470839e-01, 2.25291614e-02],
       [2.97507643e-03, 9.97024924e-01],
       [9.91427922e-01, 8.57207775e-03],
       [1.41490620e-05, 9.99985851e-01],
       [9.86525702e-01, 1.34742985e-02],
       [3.89657373e-03, 9.96103426e-01],
       [9.89307516e-01, 1.06924842e-02]]), 32: array([[8.21697432e-02, 9.17830257e-01],
       [1.05015419e-02, 9.89498458e-01],
       [7.32471271e-02, 9.26752873e-01],
       [6.59047362e-01, 3.40952638e-01],
       [9.80839098e-01, 1.91609023e-02],
       [9.95878686e-01, 4.12131414e-03],
       [2.28199392e-06, 9.99997718e-01],
       [9.96242091e-01, 3.75790945e-03],
       [9.97265152e-01, 2.73484786e-03],
       [1.85318119e-05, 9.99981468e-01],
       [9.16048620e-03, 9.90839514e-01],
       [9.89656116e-01, 1.03438840e-02],
       [9.46897898e-01, 5.31021019e-02],
       [1.54699546e-02, 9.84530045e-01],
       [9.38089292e-01, 6.19107079e-02],
       [9.99286880e-01, 7.13119688e-04],
       [5.34966535e-02, 9.46503346e-01],
       [7.62909661e-01, 2.37090339e-01],
       [7.82237430e-03, 9.92177626e-01],
       [4.63971887e-03, 9.95360281e-01],
       [9.94621487e-01, 5.37851323e-03],
       [8.82975662e-03, 9.91170243e-01],
       [9.94731457e-01, 5.26854312e-03],
       [3.04420064e-03, 9.96955799e-01],
       [4.75133968e-06, 9.99995249e-01],
       [4.01803683e-03, 9.95981963e-01],
       [3.07453798e-03, 9.96925462e-01],
       [3.08761599e-03, 9.96912384e-01],
       [9.93122243e-01, 6.87775665e-03],
       [9.93139422e-01, 6.86057762e-03],
       [1.37526322e-01, 8.62473678e-01],
       [4.74834922e-03, 9.95251651e-01],
       [5.26464756e-03, 9.94735352e-01],
       [1.97728490e-06, 9.99998023e-01],
       [9.88246959e-01, 1.17530409e-02],
       [9.97134193e-01, 2.86580710e-03],
       [9.90736742e-01, 9.26325835e-03],
       [8.41796095e-01, 1.58203905e-01],
       [9.71713309e-01, 2.82866910e-02],
       [2.65117995e-03, 9.97348820e-01],
       [2.91202661e-03, 9.97087973e-01],
       [9.97023755e-01, 2.97624521e-03],
       [3.72876388e-03, 9.96271236e-01],
       [2.74997280e-06, 9.99997250e-01],
       [9.98225132e-01, 1.77486787e-03],
       [9.95902673e-01, 4.09732735e-03],
       [4.28837994e-01, 5.71162006e-01],
       [1.15738598e-02, 9.88426140e-01],
       [9.92004601e-01, 7.99539907e-03],
       [1.94733187e-02, 9.80526681e-01],
       [9.84403329e-01, 1.55966707e-02],
       [9.90004474e-01, 9.99552600e-03],
       [5.99253792e-06, 9.99994007e-01],
       [9.86474182e-01, 1.35258178e-02],
       [9.78257322e-01, 2.17426776e-02],
       [3.33784105e-03, 9.96662159e-01],
       [9.91939500e-01, 8.06050042e-03],
       [2.62948260e-03, 9.97370517e-01],
       [9.86467031e-01, 1.35329693e-02],
       [3.34369105e-03, 9.96656309e-01],
       [9.88785910e-01, 1.12140902e-02]])}
---accuracy_dict[svm]---
{0: 0.4918032786885246, 1: 0.4918032786885246, 2: 0.4918032786885246, 3: 0.9344262295081968, 4: 0.9836065573770492, 5: 0.9836065573770492, 6: 1.0, 7: 1.0, 8: 1.0, 9: 1.0, 10: 1.0, 11: 1.0, 12: 1.0, 13: 1.0, 14: 1.0, 15: 0.9836065573770492, 16: 0.9836065573770492, 17: 0.9836065573770492, 18: 0.9836065573770492, 19: 0.9836065573770492, 20: 0.9836065573770492, 21: 1.0, 22: 1.0, 23: 1.0, 24: 1.0, 25: 1.0, 26: 0.9836065573770492, 27: 1.0, 28: 1.0, 29: 0.9836065573770492, 30: 1.0, 31: 0.9836065573770492, 32: 1.0}
